<?xml version="1.0" encoding="UTF-8"?>
<robot generator="Robot 6.1.1 (Python 3.12.0 on win32)" generated="20231121 21:48:52.124" rpa="false" schemaversion="4">
<suite id="s1" name="Suite" source="C:\Users\bianca.prestes\Desktop\CWI\AutomacaoDeTeste\Robot\nuclone-appium-robot-master\suite.robot">
<test id="s1-t1" name="CT01-Ver meu saldo" line="12">
<kw name="Abrir App" library="base" type="SETUP">
<kw name="Open Application" library="AppiumLibrary">
<arg>http://localhost:4723/wd/hub</arg>
<arg>automationName=UiAutomator2</arg>
<arg>platformName=Android</arg>
<arg>platformVersion=11</arg>
<arg>deviceName=emulador do nuclone</arg>
<arg>udid=emulator-5554</arg>
<arg>app=${EXECDIR}/app/nuclone.apk</arg>
<doc>Opens a new application to given Appium server.
Capabilities of appium server, Android and iOS,
Please check https://github.com/appium/appium/blob/master/docs/en/writing-running-appium/server-args.md
| *Option*            | *Man.* | *Description*     |
| remote_url          | Yes    | Appium server url |
| alias               | no     | alias             |
| strict_ssl          | No     | allows you to send commands to an invalid certificate host like a self-signed one. |</doc>
<status status="PASS" starttime="20231121 21:48:53.046" endtime="20231121 21:49:40.924"/>
</kw>
<kw name="Wait Until Element Is Visible" library="AppiumLibrary">
<arg>accessibility_id=card-hero</arg>
<arg>timeout=50</arg>
<doc>Waits until element specified with `locator` is visible.</doc>
<status status="PASS" starttime="20231121 21:49:40.925" endtime="20231121 21:49:54.114"/>
</kw>
<status status="PASS" starttime="20231121 21:48:53.046" endtime="20231121 21:49:54.114"/>
</kw>
<kw name="Mostra saldo" library="steps">
<kw name="Click Element" library="AppiumLibrary">
<arg>accessibility_id=show-balance</arg>
<doc>Click element identified by `locator`.</doc>
<msg timestamp="20231121 21:49:54.122" level="INFO">Clicking element 'accessibility_id=show-balance'.</msg>
<status status="PASS" starttime="20231121 21:49:54.118" endtime="20231121 21:49:54.643"/>
</kw>
<status status="PASS" starttime="20231121 21:49:54.118" endtime="20231121 21:49:54.643"/>
</kw>
<kw name="Meu saldo deve ser de" library="steps">
<arg>R$ 5.500,00</arg>
<kw name="Wait Until Element Is Visible" library="AppiumLibrary">
<arg>accessibility_id=user-balance</arg>
<doc>Waits until element specified with `locator` is visible.</doc>
<status status="PASS" starttime="20231121 21:49:54.646" endtime="20231121 21:49:55.021"/>
</kw>
<kw name="Element Text Should Be" library="AppiumLibrary">
<arg>accessibility_id=user-balance</arg>
<arg>${saldo}</arg>
<doc>Verifies element identified by ``locator`` exactly contains text ``expected``.</doc>
<msg timestamp="20231121 21:49:55.026" level="INFO">Verifying element 'accessibility_id=user-balance' contains exactly text 'R$ 5.500,00'.</msg>
<status status="PASS" starttime="20231121 21:49:55.022" endtime="20231121 21:49:55.373"/>
</kw>
<status status="PASS" starttime="20231121 21:49:54.646" endtime="20231121 21:49:55.373"/>
</kw>
<kw name="Fechar App" library="base" type="TEARDOWN">
<kw name="Capture Page Screenshot" library="AppiumLibrary">
<doc>Takes a screenshot of the current page and embeds it into the log.</doc>
<msg timestamp="20231121 21:49:56.988" level="INFO" html="true">&lt;/td&gt;&lt;/tr&gt;&lt;tr&gt;&lt;td colspan="3"&gt;&lt;img src="data:image/png;base64, iVBORw0KGgoAAAANSUhEUgAABDgAAAeACAYAAAArYecKAAAAAXNSR0IArs4c6QAAAARzQklUCAgI
CHwIZIgAACAASURBVHic7N13eJzlmfb/85kmjaRRb1azZctF7r2AbTA2ECBrwCRAqCmbbBJS3iRL
lmR/KZtGwr7ZLAnJm00IWUgjhFBMjOkYG+OGO7blrmKrWL1LU39/jD22bI00kmYkj/39HAfHwczT
7mc0Bj+n7vu6jO9NeMInAAAAAACAKGYa6QEAAAAAAAAMFQEHAAAAAACIegQcAAAAAAAg6hFwAAAA
AACAqEfAAQAAAAAAoh4BBwAAAAAAiHoEHAAAAAAAIOoRcAAAAAAAgKhHwAEAAAAAAKIeAQcAAAAA
AIh6BBwAAAAAACDqWUZ6ALh8GGZDiVlxmrhitMYtyVVGUbLiUmIlSR2N3ao/1qSjGytV8mqpmqvb
5fP4RnjEAAAAAIBoYXxvwhM8RSJyDClrQopu+v6VGjUlTSazSTL6OcYneb1e1ZQ0as2331PVvjop
Cr+lJrNJWZNSJEkJGXGSpLbaDklSTUmjvB7viI0NAAAAAC41BByImKScBH3prY/6X/QXagRz+tv5
gyn/e9HP6DBZTErKiVf+7Czlz85U5oQU2RKskiSLzSxJcjs9kiRnm0unDjWqYscpVeyoUXNlu7xu
Ag8AAAAgEmITbcqalKqsSamKTbQpuzhNsYm2wPauFqeqD9Srq8WpmpIG1ZQ0qKvFOYIjHrrs4lRV
H2iI+DWu++aCPvd57UdbIj6OM1iigrCzxJr18T/fpOzi1MEHG2ecPv7mHy/RCw+uH/LYIsFsNSlt
TJKmfHisxl4xSvaUWMUlxyjGYevzuIyiZBVekaPOxi4de69K+/5xTPWlzfK4oifosMVbNfO28UrO
TRjwsZ3N3TryzgnVHmmSu9sTgdEBAADgcpacm6AJyws06drRGj0/u9/9J64o6PG6bGu1Sl4v06E3
y9V0si1Sw4yIGavGa8atRXrq3rURvU6Mw9bvZ9vfc1E4EXAgrJLzHPr8K6tktoa3fu3E5QX+sMMn
We0WuTrdYT3/YCVmx2vGqiKNvzpfyXkOxafFhnxsjMOmGIdNKfkOJeU6VLholA6vq9Du546opbo9
gqMOD1u8VdNvKdLCT0yVLX7g/ynxOD0atzhX636+U+XbaliyAwAAgLAYPT9bC+6fckFgMZjzjJ6f
rev/fYEOvlGuLU/uU9nW6jCNMnJmrBqvlQ8vjoqxhhsBB8JmwjX5uv2Xy2WYhjpt40JWu0XxaXa1
13Xqys9M16lDjdq/9njYrxOqM/U1FnxiisYsGCVHZtyQzhefFqv4tFgljopX2tgkbfn9vou6TofV
btH4q/K08ONTlJQTP+jzxKfaNXF5gZoqWqMuFQcAAMDFZfT8bF31xVkhzdYYqIkrCjRxRYHKtlbr
nV/svGjDgzPhRqRkF6dqwvKzwVEoM7ln3FrU42dy6M3yiC1ZIeBAWOTNytQdv1ox9CUpQRgmQ+MW
52rPC0dU9UGdbv/lcnW1dOvYxsrIXLAPVrslkArnzcqQLc4atnM7MuM0cXmB4lPtgYT4YpmtcoYt
zqrxV+fpys9OV1JuvOqONWv/y/6wyTBJSz43U+Xba1S+rVpej0+O7DhNuaFQxzdXqe5Ikzwur7KK
UzV6XrZiE23KnJii+Aw7AQcAAAAGJTbRppUPLxnyjI1QjJ6frfv+cIN2P3dYrz289aKq0xHpcOOq
L87S0i/MHPBxM1aNv+A86x/bpXd+sTNcQwsY8YAjOTdB024u0v61x1V/vHlQx09YXqBRU9JkT4qR
Jcas7naXmk+2qXRLtQ69VR6BUQeXMy1debMyA69LN1fp1KHGkI5NyolX8YcKlT05VXHJsZIhdTR0
qXJvnXY/f0TdrRfPH55zOTLj9PE/3xixcOOMicsLtOeFI2qt7ZQM6a7Hr9Mvlv9NzZXDt5zDZDYp
d0aGFn92hnJnpPu7woSZLc6qMQuzZbVb5O72XFTLN2zx/nDjik9PV9bEVHmcHjWdaNX7fymRJJlM
hhb/ywxV76/XjmcOyu30atSUNI2/Ol+lm6t0+O0KOTvdmnJjobKL/QWe7EkxssaM+H+KAAAAEIWy
i1N171M39CgYOhxmrBqviStG6w/3rR22Apr9jSeS4YYkLbh/ctjONf++yZdOwGGymDT95nGactNY
jZ6XJbPNrMq9tQMKOOzJMbr2ofmackOhLLHmXvdZ8PEpqjvapLd/tkMlr5eFa/hBWWLMWvnjJcoo
Sg68t/Z7m/sNOCwxZl3ztTmac8ekXu9l2spxWvqFmdrwq93a8r/7wj7uoTCZTfrc2lURWZZyvvRx
SZIhWU9/RobJ0OdeXqVH5v5p2DqQZE5M0by7i3uEGz6vT601HTr0VrlqjzbL6/IoPt2u7MlpKlqS
d8HP1N3l0ZENJ1S9v17tdZ0yWc3KGJekCdcUyJEVJ8NknA5S0jXv7mJ/Ref99cNyf32JSbCq6Ko8
LfrUNH8B2dM8Tq/a6zolSYbZ/z1wdrjVXt8ld7dHnc3d8nl86m5zqb2+S84Ol5ztLnlPd8UxmU0y
wp8TAQAA4BI3HA/1fYlNtOnTL9ys1d94V7ufOzxi4xiuzyGcxUIjFUgNa8CRPydLM28br/FX5Sk+
3T7o86QUOHTHr1YoY3xyv/umj0vWbY9erTceeT/i4cCyr8zpEW6EwhJj1kcfu0ZFS/P63M+eFKPr
vjFfiVlxev0n24YyzLC64TsLFZMQviUafYlPs0s+KW1sUuA9q92im3+yRM9/7Z2IXz8l36FpK8dp
7JU5PcKNumPNeu83e1S+/ZRaqtvl8/oUk2BV6uhE1R9r1oL7pwRCDneXR1ue3KeS18vUUNai7jaX
DJOhxOx4ndxdqys+M13pY5MCIcfYK3PUdLJN3a1ONVa0Rvweg4lx2Pw1Nz45VaOmpI3YOAAAAABJ
Wvnw4guWPoyUlQ8vVqzDpi1PDv8vo0c65LnYRDzgcGTFaeZtE1R8/WhlTRx621CTxaRbHlnaI9w4
sfOU9q8tVdW+Ojk73EorTFTx9WM06drRgQfF5f86VzUHGlS6pWqId9S7vFmZmnvXpAEft/xf5/YI
N+qONWvXs4d0ck+dzBZDRUvzNOv2iYEQYeEnpqqhrFXbny4J29iHYtZHJwzbtcw2k2RIY+aP6vH+
lBsLIx5wWGLMyp+dqeLrR8sWfzbQaalu1/anS/TBmuM9ZpF0tThVta9e7fWdSh3j/z5K0oHXSrX9
6RK1VHfI5/XPYPB5fWo60aqW6nbFpdm14P7JSsz2F+60xVtVfP1o1RyoV+upjhFppxqbaFPR0jwt
+PgUwg0AAACMuBmrxl804cYZ131zvrpancM6k6O3cKOmpEFZk1KDHHHpi/jE8E8/t1JXf3mW/0M+
J9zoaOwa1PkW3D+5R42LbX88oN/fuUZbntyn8vdrVL2/XvvWHNezX3pbb/50e2A/s9WkxZ+bMej7
6M/1/75Alpjel8oEkzkhRXPunBh4Xf5+jR5ftVqbfveByrdV6/imKr3+k2360ydfDSwBkCEt/eLM
YV9jdgFD+sIbH+l7aYovyD+D5O7yP9yPmtrzIdswGfrapo9FtAZISoFDhVfmKinnbJVgn9enhrJW
7X/5eK9LZHxen1pqOrTlyf2B97Y8uV8tNWfDjXN53V7tf/m4GspaemxPyklQ4ZW5SilwhPmu+heb
aFPRVXlacP9k5UxLH/brAwAAAOeLRJeUcBjOcfUWbqz+xrs6+Mbw1qC82ER8BofZdvahv7vVqWPv
VeqDfxyTq9Otux6/bsDnm3nb2aSuen+9Xvn+5qD7bnp8r8YtzlXhIv9v/PNnZSo20Rb2SrdLH5gZ
ePhrOtkWUqscSZp3T3Hg8+ludWr1Nzb02jHj5O5avfzdTfroL66RDCkh3a45H5ukjf+zJ3w3MUBm
q1nJOefdp0/y+XxqrGjVobcqdGT9CTWfbJPJbChldKJGTU5TelGyTuw8peLrxyh3errMVnPIwURr
bYcMwwjMbjiXPSlGFps5IjMczDazcqdnaMyCnv/BcnW51VzZpvb64GGdz+NT1b46tZ0OqGqPNMrn
CZ7ytFS3q+lEm3KmuXt0ZxmzIFtlW6rUUNYqj3N4ZnGcCTfm3ztZOdMzet/JMGSNNQe+82dqcMQ6
rErKSZDH6ZEjM04ms6G4lBgl5cbL1eGWPSU2IgVaAQAAcOlb/dAGZRenXlQzFWpKGrT6oQ3Dcq0P
//BKzfpIz5n0Z+qAXPXFWcMyhotVxAMOj9Ojsq3VKnm9rEcnkHFLcgd8rrTCJKWPPbs0Ze/qo/0e
c+DV0kDAYYk1K3Niqsq3ha9nceaEFC361FRJ/t/Yv/Pznbr5J0tCOnbMwrNLLQ6tq1BjefAaCyWv
l6lsW3UgFRy3OHdEA4759xYHHmblk5qr2rXm2xsDbVvTxiTq2ofma9ySXBnG2QTjseueVWN5q7Y+
td8f1qTZdcN3Fmni8oKz5wuipqRRidlxstgunCljmA0t/MQUvfvr8H8mjgy7Rk1NvyBY8bi86mru
7v8EPqmlsk2J5wdCQXicHvnOmxCSmB2vUVPTVbq5atjaqabkOzT1prHKnREk3JC/a0ra2CQteeBs
uyjDZCh/TpascVb5vD7FpcTKFm/VhGsKlDkhRV6PT6mjE2VPGuFZSAAAAIhaT927Vp958eYeM6xH
SnNlm566d+2wXKuvcAPDEHA8fttLaqkOTxvP85e5VOw41e8x53dmsQdZ2rHiwbkqvDJXrdXtev3H
W1Vf2hLSmD70rYWBmgz715aqdHNoNT7i0+1KyT+75KBsS/+hy+F1FYGAI7s4VSaLadi6h5zLMBua
87FJgWDjqXvXqumEP5yZ+uGxuuE7ixTrsF0wM8Pn9fV8OPdJbXWd+tsX35IlxqxlX5mjBfdPDrrs
5cArpVr8uZlBZ3zMuXNSRAKOlAKHMiekDPp4n09yd3uUkGZXfKpdzVVtQZfqWO0WObLiA51izpU5
IUUpBY5hCzhiE21Kzut7WYxhNpSUk9BjZpXk/7N6fqJeMDdLBXOzwj5OAAAAXH66Wpx65vNv6r4/
3BDW7h4D1d3qH0e4Vwn0hnCjfxEPOMIVbkj+ZOy9x/cGXofSVjY+NbbneGo6Lthnyo2FWvTP0yT5
gwO306Nnv/R2v+eef9/kQODQVtep1x7eKlM/sxDOSMl39HiQD+VeTuw8G+jEOGzKn52psq3hm40y
EMk5CfrtqtWqPlAv+fzj+dctH+tz2UFLdUfQ5Rnubo9e//FWvf7jrfrGnvv8szTO+Sh9Xp/K36/W
7b+8Juj5HVlxg76fviTnOpR+TueWoZi2cqw2PbEv6DKTMQtHKaXAIZPlws8xfWySknMdkiJTKBcA
AACIJtUHGvTiQxt0+y+Xj9gYXnxog6oPNET8OoQboRnWNrFDdXJ3rU7urh3QMecWRuxo7FLVB3UX
7JM4qufSg4SM/h+Uk/McWnrOtPx3Ht2httqOXutD9ObcThyS5Orqv65C3bGeIUhiVmjXCreYeKse
mfcnOdtdkqQrPj1N13x1Tr8FR0s3V4Z0/h/P/INu/O4izb59YiDk6Gzu1pQbx/ZY7nK+vrYNli3O
qsSceMWdF5QN1ty7itVY0apjGyvV1eIMFBM1WUzKmZauuXdNClrDJS41Vok58bLFWeXscIVlPAAA
AEA0O/hGudY/tktLvzCz/53DbP1ju4alqCfhRuiiKuAYKJPFpEmn23NK0tF3T/a634FXSjXvnslK
yomXx+XVnheP9Hvu6/99gezJMYHz7njm0IDG1naq50ySxOw4VX3Q9zGdTd3yeryBWRLheugeqDPT
rwyToTt+tVzjr84PqVDoiV2hhVM+r09rvv2e6o4267pvzJcMac/zR3TdN+dHtFNKb+zJtgtmAQ2F
IytOV395ttLGJKn6QIO625yy2MxKyonXpOvHKH92pqz24H8s41NjZU+2EXAAAAAAp73zi51Kyk3Q
jFuLhu2au58/ond+sTPi1+kt3JBEuBHEJR1wLH1gRuC34R6nR5t/13uC0HSyTb+5+QXlzshQU0Vr
v/U3ZtxapAnL8iX511y9+oMtAx5bQ1mLPC6vzFZ/WJE7I2PA6Z81bgR/fIb08T/f2KNlb38aK4IX
Ue3Nlif3yWw16ZqvzpE9Oab/NrwRCD/MVrNM1vB2+0gdnairvjRLDWUtaq/vUozDqtSCxJDaDBsm
Q4aJ7iMAAADAuV770ZZh66xSU9Kg13408GfAgQoWbiC4S/ZJacyCUVr0yWmB1+//paTPtVFdLU4d
3XCy33AjPt2uZV+dE3iY3vjbvSHVzzifu9ujmpKz4xl/OjDpy5LPz+hR48LrGv4Co5IkQ/qnHy5W
3szQww1J6m4b+KyD9x7fq/d+t1czbh3f/84RYIkxy2a39r/jIKSOTlT+7Exljk8JKdyQJLPVJLNl
mKexAAAAABe5M0VHz3TtjJThKipKuDE4l2TAkZyboJU/XizL6U4UNQcb9NZPt4fl3Nc9NF+OTH+N
jso9tUNq1Xp809maFJnjUzTvnuKg+xZdladFn5za4z1np3vQ1x6KxZ+doZmrxg94xoTFNvCvW0JG
nK741LRhX5pyhtfjk2cEOtUE4/X65PUGacECAAAAXMaaTka+XetT966NeFdDwo3Bu+QCDlu8Vbc9
uizQD7m71amXv7NJ7u7+i3j2Z9K1ozXlpkJJ/hkYr/xwaNOSNv3uA7XXdQZeX/O1OZqx6sKZCgvu
n6Lb/vvqC9ofuUaoDsNgW32GUrz1XLGJNn3xzY/ICLEzTbDWq0Ph6nSN2OfcG6/LOyKtgQEAAIBo
UH2gQau/8W5Ezr36G+9GvGMK4cbQXHI1OD7y6LJA5xSvx6u1/7G5R3vVwYpx2LTi3+YFOoW8/6cD
Ohli0cxgOpu6tf6Xu/Shby2UYTJki7Nq5cOLdeVnpqmhrEUmi0mZE1ICM0Zaqtp7dHxprgxfC96B
2PbHAxp3Ze6Aj8suTtX+tcdD2jelwKHPv7Kqz7azw8Ht9IbU4Wa4uLo8cjsJOAAAAIBgdj93WNnF
qZp/3+SwnXPrU/sjXtiTcGPoLqkZHDc/slTjlpx98F7/2C7tfeloWM694l/nKiXfIcnfrvXt/94R
lvO+/+cSrXt0R6BdqCSlFSZp/NX5Grc4NxBu1Bxs0Cvf33z2QJ9UfaA+LGMYqOObKuXzDXC6hCGN
np8d0n5zPjZJD7xy24DDjQGPKQTtdZ1qOtEalhlAQ+Xu9qjpRGuPWT8AAAAALvTqD7eobGt1WM5V
trVarw5x9n5/CDfC45IJOFY8OFfTbx4XeL3tDwe04Ve7w3LuwkWjNPMj/qUjXo9Xrz+8NawPvO/+
eo+e/fLbOrHz1AXLDxrKWrT+l7v0+KqXFJNwtthla21HxAvbBOPu9sjZMfD6H7kzMvpcbmJPitFX
371TN353UejLUs7hilBNkpaqdtWXDryQbLjVlzarpWpkZu0AAAAA0eaZB97s0dhhMGpKGvTMA2+G
aUS9I9wIn0tiicqiT03Vok+d7Ziyd/VRvfKDzX0cETqTxaTr/n2BTJbTWZDP/wUMxjjvufzqL8/S
4s9OlyR53V79fNnfej2u5LUylbxWpthEm7KL02S2mdRQ1qLG8rOtVQvOmQFRvW9kZm9IknzSsY0n
VXz9mAEdZhiGbHZLz24qhpSc69DNP1migjlZQyomeuy9yv53GoTG8ladOtSorImDazllGAosbRqK
U4cae3wfAAAAAATX1eLU6oc26L4/3HBBPcNQdLf6j4/kL5YJN8Ir6gOO6bcU6Zpz2rYefrtCLzy4
PmznT0i3K3N8SuC1yWIKLBsJhT0pJvDvoRSH7GpxqnRLVa/bCuaeDTgqdgy9rshQvPOLnSq+bszA
AglDuu6bC/TK9zcrMStOc+8u1uw7JspiMw+9S4pPWhemZUPnazrZppqSRhVf6wl05pH8gU0g+OqH
PSV2SPfo7vKopqQx4hWbAQAAgEtJ9YEGvfjQBt3+y+UDPvbFhzZEtKgo4Ub4RXXAUXRVnm787qLA
Q2b5+zX6+1fWhfUaXo9PHY1dIe9vGIbsyWdDje42lzwu/3IWj2vwxSGnrRyntDGJgXPufv7IoM8V
DrVHmuTu7vnAH4oZtxZp6ofHhifUOIfH5VHt0abwnfAczg6XTu46pYqdp1S4aFTgfVu8Rcl5Dpmt
puA/W0OKddiUPjZpSGOo2HlKJ3edkvMi6ugCAAAARIODb5TrtR9t1XXfnB/yMa/9aKsOvlEesTER
bkRG1AYcuTMzdMsjS2W1+2+hen+9nnngzbDXYWir7dBPF/4l5P0Ts+P15XduD7x+67+26/0/HRjS
GNIKk7T8wbmB1/tePq622o4hnXPIfNLvP7ZGn35u5YCCCsNkaNPv9mrxZ2fIOH89z1DGcueaiLSJ
PaN6f4OOvFOhgjmZMtv8oY7JbFJSTrxyZ2aq/P3qXq9vs1s19+5JQ7q2x+nRkXcqVL0/si2pAAAA
gEvVlif3Kas4VTNuLep3393PH9GWJ/dFbCyEG5ETlUVG0wqT9JH/XhaYKVF/vFnPPPCmOpu6R3hk
4Td6frbuevzawLKYzqZuvffbPSM8Kr/qA/Xqah34erRFn5ymNd96L2yBRFerU1X7I1uTxNnhUvn7
NTr67skeHW8yxifrqi/OlCMzTmarKRD2GGZDtnirCuZmaf59UwZ9XZ/Xp6PvnlT5+zXM3gAAAACG
YPVDG/otOlpT0qDVD22I2BgINyIr6gKO+HS7PvrYNUocFS/J3+HimQfeUnPl0LpLrHhwrj79ws26
89crAktBRkpCRpxm3Fqk23+5XPf8/nol5/nb03pcXr36gy0XT6FJn/TbW17s8cAfCkuMWYVX5OiN
/9w25JDD5/Xp8VWrIzp744zKvXXa/vRBNVa0Bq5nMptUMDdLdz1+nYqvHyNHRlygUOyiT03Vqp9d
3aP7zYD4pMaKVm1/+qAq99aF70YAAACAy9RT965Vd5Bf0na3OvXUvWsjdm3CjciLuiUqt/xkiTKK
kgOvfT5p1X9dNaBz7H6u55SjKTcWatE/+7uwZBenyu306NkvvR2eAYfo6i/P0vRbxssWb5E9MeaC
ZR/Odpde+cEW7X3p6LCOqz9NJ9u0/rFduupLs0I/yPB/5rv+fkgvfH29bnlk6aDrcbz76z3+wGGY
HH+vUusf26Ubv7tItnh/cGEym5Q5IUW3/nRg38P+ODtcWv/YLh2PUHcYAAAA4HLT1eIPMc7vrHIm
3IhUx5RwhxtLvzCz1/dHn9N583IUdQFH0unZDIHXOfFKyokf0DkSMu09Xp+ZDRLYnhF6l5RwiU+1
93ofPq9PxzdV6c3/3BbRCr5Dsf5XuzR2ca7yZ2eGfpAh3fXb6/TIvD/pZ0v+qv+z/vYBt1Kt3FOr
dT+PTOeUYDwurw6vq9BbP7Np+dfmBmrAhJur0623frZdh9dVDKk47VB4XF65OiO/LMbV6RqxewQA
AMDlp/pAg1790VatfHhx4L1Xf7Q1Ys9bkZi5cdUXB/AL5stI1C1RiYQDr5QGlrh4XF7teXGEOpT4
/O1AmyvbVL6tWpuf+EBP3P4P/emTr1604YYkySf9711rVHt4YF1MDLOhr79/t1ydLv2g+H/1wUvH
Ql7uUnesWb+7/R/DsjTlfF0tTu185pCe++o6NZ0I/+yRphOteu6r67TzmUMR7bndn64Wp5qGuPQr
FE2V7SN6nwAAALj87H7usLY+tV+StPWp/dr93OGIXIdlKcPL+N6EJ0bgEfHiE5toU+6MDDVVtKq+
tGXYr2+JMcvd7Rn264aVId356xUaf1X+gJaceJwe/c/KF1V/vFkxDps+/P0rVHz9GH+XlfPP45OO
bDihp//lDSXnJairxSln+8jMAPAvTUnW0i/M0sQVBWE558E3yrX+sZ06dahJXs/IzmqwxJhVfP0Y
3fS9KyI6U2XNt9/TgVdLo//7DwAAgKgzY9X4iIUbU24s1E3fuyIi5w7lF+A1JQ169YdbwnbN+/5w
Q9iWwJRtrY5IvRMCDoTd7Dsm6qb/uGJgdTV80is/3Kxtfzwg+fztZMcsyNaV/zJDOdPSZYvzP2C/
9vDWQNK66mdXq7vFqbjUWP3ti29F4E76Z5gN2RNjlDsjQ/PuLda4xbmDOs/Rd09q2x8O6OTuWnW2
dMvnuTj+WMYm2lS4KEfTVo5TfFpsWM/dXt+lvauP6vimSmZwAAAAABe52ESbrvvmAiXnJgzpPE0n
2/Taj7ZE5BmAgAMRYYu36tPPr1RKnkOGOcSkwye1nurQo8ue8S9VOeebabaZZRjq8Vv+mASrfD7J
1eUe2UDAkMwWk+xJMcoYn6yxi3NVuChHo6ak9XlY1b56Hd9UqWPvnlTt4SZ1NnfL4/aOyLKboAzJ
bDXLGmsecI2U/vi8Prm6PPK4PBfXPQMAAACISgQciBzDv4zjs/+4RakFif4H5BCekX1enxrKW/XH
j7+ilqrI14AIm9NBh9VukTXWIlucRaOmpkuG5Mj0F65tPdUh+aSqD+rk7HDL1eWWq9N98QUbAAAA
ABBloq6LCqKIT/K6vfrVh56TyWJS0dJcLfzEVGVNSlWswyafz+evsyHJ5/M/3TvbXaopadCmJ/ap
rbZzJEc/cD5/kVqPy+mfbmVILTUdkiSTxV/P1+v219VwdbkJNAAAAAAgjJjBAQAAAAAAoh5tYgEA
AAAAQNQj4AAAAAAAAFGPgAMAAAAAAEQ9Ag4AAAAAABD1CDgAAAAAAEDUI+AAAAAAAABRj4ADAAAA
AABEPQIOAAAAAAAQ9Qg4AAAAAABA1CPgAAAAAAAAUY+AAwAAAAAARD0CDgAAAAAAEPUIOAAAAAAA
QNQj4AAAAAAAAFGPgAMAAAAAAEQ9Ag4AAAAAABD1CDgAAAAAAEDUI+AAAAAAAABRj4ADAAAAAABE
PQIOAAAAAAAQ9Qg4AAAAAABA1CPgAAAAAAAAUY+AAwAAAAAARD0CDgAAAAAAEPUIOAAAAAAAvBfZ
DQAAIABJREFUQNQj4AAAAAAAAFGPgAMAAAAAAEQ9Ag4AAAAAABD1CDgAAAAAAEDUI+AAAAAAAABR
j4ADAAAAAABEPQIOAAAAAAAQ9Qg4AAAAAABA1CPgAAAAAAAAUY+AAwAAAAAARD0CDgAAAAAAEPUI
OAAAAAAAQNQj4AAAAAAAAFGPgAMAAAAAAEQ9Ag4AAAAAABD1CDgAAAAAAEDUI+AAAAAAAABRj4AD
AAAAAABEPQIOAAAAAAAQ9Qg4AAAAAABA1CPgAAAAAAAAUY+AAwAAAAAARD0CDgAAAAAAEPUIOAAA
AAAAQNQj4AAAAAAAAFGPgAMAAAAAAEQ9Ag4AAAAAABD1CDgAAAAAAEDUI+AAAAAAAABRj4ADAAAA
AABEPQIOAAAAAAAQ9Qg4AAAAAABA1CPgAAAAAAAAUY+AAwAAAAAARD0CDgAAAAAAEPUIOAAAAAAA
QNQj4AAAAAAAAFGPgAMAAAAAAEQ9Ag4AAAAAABD1CDgAAAAAAEDUI+AAAAAAAABRj4ADAAAAAABE
PQIOAAAAAAAQ9Qg4AAAAAABA1CPgAAAAAAAAUY+AAwAAAAAARD0CDgAAAAAAEPUIOAAAAAAAQNQj
4AAAAAAAAFGPgAMAAAAAAEQ9Ag4AAAAAABD1CDgAAAAAAEDUI+AAAAAAAABRj4ADAAAAAABEPQIO
AAAAAAAQ9Qg4AAAAAABA1CPgAAAAAAAAUY+AAwAAAAAARD0CDgAAAAAAEPUIOAAAAAAAQNQj4AAA
AAAAAFGPgAMAAAAAAEQ9Ag4AAAAAABD1CDgAAAAAAEDUI+AAAAAAAABRj4ADAAAAAABEPQIOAAAA
AAAQ9Qg4AAAAAABA1CPgAAAAAAAAUY+AAwAAAAAARD0CDgAAAAAAEPUIOAAAAAAAQNQj4AAAAAAA
AFGPgAMAAAAAAEQ9Ag4AAAAAABD1CDgAAAAAAEDUI+AAAAAAAABRj4ADAAAAAABEPQIOAAAAAAAQ
9Qg4AAAAAABA1CPgAAAAAAAAUY+AAwAAAAAARD0CDgAAAAAAEPUIOAAAAAAAQNQj4AAAAAAAAFGP
gAMAAAAAAEQ9Ag4AAAAAABD1CDgAAAAAAEDUI+AAAAAAAABRj4ADAAAAAABEPQIOAAAAAAAQ9Qg4
AAAAAABA1CPgAAAAAAAAUY+AAwAAAAAARD0CDgAAAAAAEPUIOAAAAAAAQNQj4AAAAAAAAFGPgAMA
AAAAAEQ9Ag4AAAAAABD1CDgAAAAAAEDUI+AAAAAAAABRj4ADAAAAAABEPQIOAAAAAAAQ9SwjPQAA
AM5ltppksZllspgkQ/J6fPK6vPK4vfJ6vJJvpEcIAACAixEBBwBgxMUm2ZSan6iEzDg5suLkyLTL
FmeVyWqSs92truZudbZ0q6vZqY6GLrXWdqittlOuDpd8BB4AAAAQAQcAYATFJsVozIJsjZ6frbwZ
mUorTFSMwxZ0f4/Lq+bKNtUda1bD8WY1lLeq5kCDqvbXy+P0DOPIAQAAcLEh4AAAjIj0ccmafccE
TbimQMm5CZJhyDAkn9c/JcMwGYF9z7xntpqUWpCo1NGJ0rJ8dbU41VDWour99Tq64aTKtlWrs6l7
RO4HAAAAI4uAAwAw7NLHJmnpAzM1flm+bHaLfD6fDENytrtUe7RJ7bWd6mjslqvTJVu8VfbkGMWl
xCopN0GOjLjTy1J8inXYlDMtXdmT0zT2yhzVHWvWvjXHdfDNcnW3Okf6NgEAADCMCDgAAMPKnhyj
mR+ZoEnXjZbZapLP51NrTYfe++1eHdlwQs52l7+wqMcnn9cnw2TIZDZkMhmyxFqUUuDQ6PnZKlw0
SqOmpMtsNclkNpSc51DiqATlTs/Q+KvytP5Xu1R3pFk+inQAAABcFozvTXiCv/kBAIaFYUij52fr
jv+3QrY4q3ySjm08qRe/vkHt9Z0DPl/62CTNvbtYM28bL0uMWTIkwzAkn9TV5tQ7P9+pbX88EFji
AgAAgEuXeVnazd8d6UEAAC4P1liLZt8xUWMWjJJPUk1Jg9Z+d5OaTrQO6nwdjd06sv6Etj99UF3N
TiWOSpDVbpHZapLZZlLR0jzlTE9X5Z46dbc56bgCAABwCSPgAAAMm5h4q5Z8boYSMu0yZOj9Px/Q
0fUn5HF5h3Red5dHJ3bVqnRzlUxmk+KSYxWTYJVhMpSS71D+nCw1lreqpaZDPg8pBwAAwKXINNID
AABcPgyzoaTceBmGIbfTo4bSFjk73GE5t8/rU+2RJr31X9v1xiPbVLq5Sh6XV4bJUNbEFC3/+jwV
Lc31L2UBAADAJYeAAwAwbAyToRiHTZLk6nTL3e0J+zWc7S6VvF6mN//v+9q35pi/Q4vZpMzxyVry
uRkaPT9bJjP/+wMAALjU8Dc8AMCwMpkMSf4ZF5HscFJ9oEHrHt2h936zV163fyZH5qRUXfHP05Q5
IVkyInZpAAAAjAACDgDAJau5sl0bf7tX63+xU5JkMpuUPydLs++cJHtSzAiPDgAAAOFEwAEAGBHD
Veqzu9Wp7X89qO1PH5RhSGarSTNvG6+Cedn+lrIhMEyGTBZTv/+EeLpBC2UMJgv/awcAAJcny0gP
AABwCTGkmASb0guTNOn60SqYk6WUfIescRZJhgxDgQfw+JRY3fbfy+Tto6uJ1+1Ve32nWqraVba1
WkfWn1BDWYucne4BdUPpbOrW9r+UKLs4VbkzM2QyG1r6+Rk6/l6lnO2uXo+xxflb2s65c5KS8x0y
mftPLzqbu1W2tVrrHt2puiONQ25La5gMJecmaN49xZp8Y6ESMuL6DVF8Pp/a67q0f+1xbfvjATVW
tMrnpXNMNMqblan8OVmy2MyqKanXobcqRnpIAABc1IzvTXiCv/UAAIbMarcoa1Kq5t83WZOuHX06
yPCFPEuiLz6v/zyubreOvVupHc8c1Imdp9TV6gx5KojJYtL0W4q04sG5sif7l6e88PX12vvi0Qv2
tcSadd035mvOnZPk82lAMzN8PqmjoVNP3fuK6o42hX5gL1LyHVr+4FxNXFEgk8kUet0Qn/8zO/R2
hd54ZJsaylqGNI5Q5M7IkGEa2M/a4/Kqva5TLdXtERpV9PrwD67UzFXjZZwTrJVtrdbfv7JO7XWd
IzgyAAAuXszgAAAMWVxqrKZ+eKwWf3a64tPs54QOhtzdHnnd3tMvDdni/P/r8fkkT7dHXo836HkN
kyGLzRx4yLPEWDRheYFypqdr198OaeffDqm5uj2kkMPr9qpsS5XK36/RhOX5kqSFH5+i/S8fl8fV
cwzZxWmafEOhzgy0q80ljzP4OE/fmmwJVllsZsWl2nXFp6dp9UMb+h9YsPOZDOXNzNS4xbkyTIa8
Xp+6Wrrl63sYMkxSrMMmw2zS2MU5yn01Q00nWvucKRMO9/3hhkG34PV6vGqv71JNSYMq99Rp198P
qbny8g09Ftw/RbM+OuGC90fPz9aKr8/Ti19fPwKjAgDg4kfAAQAYkvi0WM2/d7Lm3lOsmHirfD7J
3eVW1b56Ve2rU2tNRyBAsMVbdfWXZskwGXJ1uvTBP46p9nDwWQ6GyZDNblFChl2Zk1I1akqarLEW
OTLjNP/jU5SQFae3frpdHQ1dIY216WSbyrZVq2BuluzJMcqalKrMiamq+qCux35Zk1IDS2k6mrq1
7an9aj3V0ffJDWnqh8dp9LwsmSwm5c/ODGlMwVhizErKS5Dt9GdaU1KvXc8e6re1rtVu0bSbxyl3
WoassRalFDhkibUEXYpzMTCZTXJkxsmRGaeipXla9KmpKnm9TOse3ammE60jPbxhN3ZxTtBtY+Zn
D+NIAACILgQcAIBBs8VbNesjEzT7jomKTbCdrv/QqW1/3K8j60+qobRFzo6zD9bx6XZd9cVZMiS5
ujw6/HZFSHUFYhw2peQ7NHp+tmbcWqSsiamyxVk07Z/Gyd3l0WsPbz07S6QPPq9PJ3aeUnNlW2CZ
StGS3AsCjpgEa2A1SHerU3v/cUxNFf0/aGeMS1b+rEyZLP5ZFENhsphks5/933TdsSbtefFov0FF
jMOm7Mlpyp2eIUmyxVlDqh9yMbHaLZq2cpwKF43Sy9/ZpINvlo/0kIaVyRy8UKzRx8+yaGme5t1b
3Ou2I++c0LY/Hhjy2AAAuJgRcAAABq3wihzNWDVe9uQY+Xw+dTR2a823Nqpsa7W6gz2I+3wKvZiE
X3erU9X761V/rFmnDjZoyednqmCev/jizNvGq2JHjfatOR7SueqONqntTA0Dw1/IsV8hru6I6CKQ
gZx8qNVNLxIJGXG67dFlevHr67Xv5dB+vpeCih01Gntl77M4KvfW9fq+JCXmxKtoaV6v21ou4yU/
AIDLB73kAACDkpyboCk3FiqlwCEZktvp0d+//LaOrD8RPNwYIleXW6Vbq7XhV7tUe6hJMiRrrEVX
fXGWYhKsIZ2ju92llqp2eVxeGYahjPHJA81bMIzMVpNu+t4Vyp+TNdJDGTabfveBjm2svOD9+uPN
euun20dgRAAARAdmcAAABs6QMiem+gtgGoZ88mndoztVtq06hGOHlib4PD4d31SlfS8fU+KoaYpN
tClxVLyKrx+jXX8/HMIJpLa6TnmcHpmtJllizLLZLXJ2uIc0LgR3+O0Kubou/HwNk6HYxBilj0uS
IzMu6PExDptWPDhXv79zTSSHedFwdbr1p0++qmn/NE55szJktplVe7hJ258u6bcGCwAAlzMCDgDA
gMUk2JQ3M0Oxif66GzUHGvTB6gvbrUbSnhePavINhYpNTJXJbNLYxbna/fwR+bz9L89wdbjlOV2z
wzAM2eKtBBwR9M5juy6oc3K+WR+doOUPzpU9KabX7XmzMjVt5TjtHebv2Uja+9JR7X3p8rlfAACG
iiUqAIABi4m3KnNCinw+nwzD0ME3yyO2LCWYlqp21ZQ0yOPyymw1KX1skmITQyvs6fV4z9a0MPou
6ojhsfNvh/TcV9bJ4ww+Q2HyDWOGb0AAACDqMIMDADBgZptZ8Wn2wOu6Y819PphGSvX+BhVfPyaw
1CQ+za7Opu5+j7ugBic1OC4KxzZWat/LxzX9lqJet4dUEFb+7j5TbihUzvR0pY9NUozDJqvdIo/L
K2ebSw3lLarcW6e9q4+G9H2RpCk3FSqlIPGC95tPtAVmWSRmx2vaynEavSBb8Wl2We0WdTV1q7W2
w39va46pq8XZ77WyJqVq/LL8XredOtgQ6Dxksph0xaenBbalj0sKes60sUla/LkZgdedjd3a/nRJ
n+MwWUyasCxf45bmKSXfIXuSLTDbqaulWy1V7Tq2sVIH3yy/qNsQAwAuHwQcAIABM5kNWeMsMk7X
03C2u0JaGhJuHY1dgXDCZDGFPIMDF6+9q48GDTjiUmKVlBOv5iAdQezJMbrmK3NU/KExgTbAvcmd
maFpK8fp6i/P1oFXS/XWf21X+5nOOkHMvG1Cr51Nqg80aO9LR3XFP0/Tlf8yPeh3cNK1o7XsK7O1
4Ze7teXJfX1eK2dqupb9n9m9btvz4tFAwGGJMQfd73yj52dr9PzswOv60pagAceZ4GT+PcWKT7f3
us8Z028pUnebSzv/dkjrf7lL3a39BzgAAEQKAQcAYOhGqCvpubNGDMOQ2cpSk2h3bGOlvB5v0GVD
SbmOXgOOoqV5uul7VyhxVHzI14pJsGrmbeNVtDRXqx96V0ffPTng8canxeqG7yzS3Lsm9buvPSlG
131zvkZNTdMLD64f8LWGQ9qYRN3282XKmpga8jExCVYt/MQUTf7QGD33tXdUsb0mgiMEACA4/iYI
AIhaPXKVCC4zGWLjFwyQ1xU8MbPEmC94b8I1+Vr1s6sHFG6cKyEjTrf999Uas3DUgI91ZMSFFG6c
a9rKcbruG/MHfK1Iy5qUqrueuH5A4ca5EkfF645fLdfYxblhHhkAAKEh4AAA4HwjNCMFUlphkiyx
F4YYZzSfbOvxOiEjTjf+xxWKSbAO6boxDtvgQodBhl/z7ilWwdyswR0cAZYYs27+yRIl5yYM6Tz2
5Bit/NFiObKCt/0FACBSWKICAAAuGtNWjgu6zd3tUWNFa4/3Fv/LdDkye3+YdnW6tX/tcZ3cU6eO
hi4ljorXlBsKlTszo9f9syalavotRdrzwpFBjd3j8qq+tFndLU7FJsYofWySDHPvCYjJYtKyr8zR
k3e/PKhrSZLX7dWBV0sDrx2ZcUELsdYdbVLtkabA67ZTPWuOrHhwnrImBZ+54XV7depQozqbnYp1
WJVRlBI0iHJkxemGby/SMw+8OYC7AQBg6Ag4AACXH18vnVTOxZKUEZE1KVVz7w6+3KNyb528bm+P
94quyut9Z5/0j/9voz74x7Eeb2/53326/483qGBedq+HFS3NG1TAse/l43r7Z9vVWH42gMmenKZ/
+uGVyp6c1usx+bMzlV2cquoDDQO+nuQPfJ790tuB17PvnBg04CjfVqM133mv121JOfGa+ZHxQa9z
bGOlXv7uez3uzZEVp2sfmq8pNxb2eszE5QXKn5NFPQ4AwLBiiQoAAOdjicqwstotmndvse7+3XWy
JwXvfnJ0w4ker00Wk5Jye6+70VTZdkG4cca7v94T9Bp9tVoN5sCrpXruK+t6BACSVL2/Xn/93Jtq
q+3o9TjDZGj6rb13jBlOC+6fIqu99995VR9o0F8/98YF99Za06HnvrJOxzZW9n5SQ5p/3+RwDxUA
gD4xgwMAcNljwkZkffgHV14w80LyF2+1xlmVnJPQZ90NSWqsaNWWJ/f3eM9sNenFf9vQ6/6djd1B
z1W2rTpop5bYxOABSzA7/now6LaW6nbteOaQlj4ws9ftudN7Xy4znMYtDTILRtLG/9kjd7cn6Pa3
f7ZdhQtH9boUZ+wVF7bVBQAgkgg4AAAg4Yio7OLBdeU4w+v26u2fbZer093jfVenWx+81Pssjb64
uz1ytrsVm2i7YJvV3nfQ0huft+8pP7v/fliLPzu910AldUzigK8XTonZ8Uob3fsY2uo6tX/t8T6P
r9xbp6r99cqZln7BtthEmwoXjdLxTVVhGSsAAP0h4AAAABctn9enNx55X/vW9P2gfT5HVpzyZmYq
rTBRMQk22eIsMlnNgZa/vbWbjZSmk21qLG9VWuGFy1/iUmKVmB2vlur2YRvPucYsyA5aCLV6f31I
5zi5u7bXgEOS8mZlEXAAAIYNAQcA4DJEkY1o0F7fpTf/c5t2Px9a0c/kPIfm3T1J45bmKWNc8kU1
M6eluqPXgEOS4tPtIxZwxGcEb+fadF7HmmDqS5uDnz81dsBjAgBgsAg4AAC4mJ6Eoc7mbpW8VqZ3
/99uNZ1sC+mYpQ/M1MJPTFGM48JlJxcDZ7sr6La45IHX/QgXe1Lwz6ujKXgdk3N19rFfTC/LgAAA
iBQCDgAAwsUn+ZgdcgGP09NrW16f1ydXl1vOdpfa67t06lCjKvfU6oM1x/sMBM638sdLNOMi6EbS
l77qdAzncpnzWWOD/1Wwr+Ki5/J5gt+btZ/isQAAhBMBBwAAiKjff+xlVX1QF5FzX/HpaX2GG53N
3Tq5u1Ytle1ynlOkdO7HJvXbuSWc+rpWZ4tz2MZxvr6CpFCDF1ucNei27rbQgyoAAIaKgAMAgHAx
JIPlLsPGFm/VlZ+ZHnT77ueP6JXvb+71IX7mbeOHNeCIT7MH3dbZ2DVs4zhfe0Pwayf0MeZzObKD
1/Hoag5tmQsAAOFAwAEAwHl8LDSJClNvKuy11asklW6u0uqHNgzziIJLzkvo9X2P0xNynZFIaDoR
/NppY3svinq+9LHJQbc1V41M8VQAwOXpwobsAABc4vz1IIgwot2oaRlBt+158egwjqRvYxfnyp7U
eyHRxopWuc5ZOjPcjm+qDHr9UVPTQiramjszyM/BJx3bWDmU4QEAMCAEHAAAsKokKsWlBO8+0l7f
2eexRhh/5gnpwZdoSOqzRkjtkabwDaQvpt5v2NXpVvX++l632eKsWnDf5D5PO+2fxik5t/fZKY0n
WlV3dJjuDwAAEXAAAIAo5e2je0fBnKyg2659aH5Y28le9eVZSh2d2Ou2oqvyNPlDY4Iee/D18rCN
w93HTJBgIYQkfbDmeNBtCz8xRTnT0nvdlpQTr2VfnR302AOvlAbdBgBAJFCDAwAARKWWyuD1I+bd
U6y6Y83a88KRwHu5MzK0+LPTNeGagqDHGUFmOvQlJd+h+/98o3Y+c1CH3qpQQ1mLUvIdmnxDoebe
PUkmS++/T2qr69S+tcHDhYHqaApe0HPMwmx96FsLdXhdhTxOrxxZcTr4Zrmc7S7t+OtBLfrU1F5D
kBiHTXc/cb22P12ig2+Uq/54sxKz4zX+6nzNvXuSErPje72es92lLU/uD9u9AQAQCgIOAADON4Ty
HJQnHT4lb5Rr4Sen9rrNFm/VzT9Zomu+NkcdDV2yJ8XIkRXXb4BhsQ2us0pCul1LPj9TSz4/M+Rj
3v9Tibxu76Cu15vKvXXyerwymS8MVExmk+bdU6x59xQH3nvs2mflbHfJ6/bqnUd36OafLO11uVZs
ok1XfmZ6nx1rzrfxN3vUVtsxqPsAAGCwWKICAEC4kG0Mq4rtNTr27sk+93FkxilrUqoSR8WHNDvD
arfIkdV3TY1wqD/erI2/2RPWc3Y0dKmmpHFQx+558ah2PXc4LOM4vqlK7/46vPcGAEAoCDgAAOhP
qKsWDMmgYumwevVHW9UyiFak7i5P0G2504N3Z+nNQGdhdDZ368V/2xDW2RtnbP9LyaCPXfPt97Sv
j3ocoSjbWq1nv/TWkM4BAMBgEXAAAICoVXe0SX/9/JuqPRx6t45dfz+s7X8NHgSMWThqQGN4/Sfb
1NHQFdK+rac69MKD63Vyd+2ArhGqnX87pB3PHBrUsV63V899dZ3e++1eOTtcAz529/NH9JfPvK6u
Fuegrg8AwFARcAAAgKhWvb9ev/voS9r4mz1qPRWk7oNPOnWoUc//6zt66ZvvqqSP7iVFV+UN6Pq1
hxv1xB3/0L41x4PODOlqcWrv6qP63Ude0pF3Tgzo/AO15lsb9coPNquxojXoPu4uT9AZJG/+3/f1
+K2rteeFI2qp7nt2TEdjlw6+Ua4n71mr1Q9tkKuPTi4AAEQaRUYBADgftTQG7OHpT43o9V2dbr31
0+1666fbNWbhKOXOyFBccoy8Xp/a6zpVuqVa1fvrA/uXb6vW9yf+PmzXbyxv1XNfXSd7cowmLi9Q
cl6CbHFWtTd0qelEqw69VRHyw//OZw9p57ODm4VxxrY/HNC2PxzQmIWjlDczQ/bkWPm8PnW1dKvu
WLOObayUsz34LI360ha9+G8bJEn5szOVVZymuJQYxSba5Gx3q6OxSw2lLTqyPrJhDQAAA0HAAQAA
Limlm6tUurlqRK7d2dStXX8PT7HOcAjHZ1Gx45QqdpwK04gAAIgclqgAANAHYyCFQ320iQUAABgp
BBwAAJxn0BEFXVQAAABGDAEHAAC9GUzKwQwOAACAEUPAAQAAAAAAoh4BBwAA/WHVCQAAwEWPgAMA
gDDxuLyS1//vhtmQyUwyAgAAMFwIOAAACJPOpi65ut2SJJPJUFyafdjHYJgMxSTY5PP6a4E4O1zy
eqgLAgAALn2WkR4AAAAXnR55QOizMNpqO+Vx+qdwmCwmjZqSpsOnOsI7tn7Y7Balj0uWDMnn9ant
VIfc3Z5hHcOlqLG8RTVpsb1uc3a4h3k0AACgNwQcAACcx+v2ns01DH9YEYqq/fXqbnPKkRUnk8Wk
Cdfk69jGSnmcwxcwFMzLUvq4JBmGodbaDjVXtvvvB0Py8nc3jfQQAABAP1iiAgDAebrbnIF8w2Q2
FBNvDem4xrJWnTrYKK/bK7PVpMKFOcqfnRm5gZ4nOS9Biz41TYZhSD7pxM5Tqi9tGbbrAwAAjCQC
DgAAztPR0BWoYWG2mJSQGVotDa/Hq53PHpKz079kwZEdp/n3TlZGUXLExnpGQoZdK74+T1kTUyRD
aqvt0NENJ9Va0x7xawMAAFwMCDgAADhPfWmLPG5/wGGxW5Q+NvSAonxbjQ6sLfUfazOr8IocLf3C
TGVNSpURoaYqaWMSdf03F2jCsnzJMOR2elS6pUqH153wd3YBAAC4DFCDAwAwIsLxrB+pJqxNJ1rV
2dSluJQYxcRbNWpqmiwx5pCKdbqdHr31X9uVPj5ZeTMzZIuzaMLyAqWPS9aOvx7U3tVH1dXiDG0g
/dyg1W7RhGsKtPDjU5Q5KUVmq1ler081JQ3a+Ju9aq8b3gKnAAAAI4mAAwAwYF6PV852l3xenwyT
ock3jFFKgSOwrCOY+DS7TCZ/fQhnh1vu7qHNLuhucwU6nsQ6bJpy09iQloOMW5wrW5y/robPJznb
XD22ez0+HXq7QgtHJ8owGUodnajsyWk6sfNUSOPqaOzSc/9nne56/FplFKXIYjMroyhZ1//7Ai1/
cK5KN1epsaJVXc1O+Xy9f2YWm1n5s7MCrzMnpujKz0yXx+WRYTKUmB2vvFmZSh2d6P9MT3dNaalu
19r/2KxThxpDGisAAMClgoADADBgznaXTh1qVM60dPl80oxV4zVj1fiQjvX5fJJPaihrUVvt0GYY
1BxsUFerU1a7RbGJNs25c2KIY5AMwz+WuqNN6mzuvmCffWuOa8F9k2UYhlIKElW0NE9VH9SFvOSj
pbpdT3/2Ta34+lyNvSJHtnirDJMha6xFRUvz5PMpEEz0xzCkrImpypqYevYevD7JkL+gqCRnh0t1
R5v13FfXqbG8NaQxAgAAXErMy9Ju/u5IDwIAEF3c3R65Ot3KLk6VPTlGJnPoi0V8Xv/D/45nDur4
e5X9zvroi7PDLa/Hp6xJqSF3OpFOhxtenxorWvXaD7eoufLCQpxttR0qmJOl5DyHLDazLDazag83
qrU69FCmq8Wp0s1Vavv/2bvzICvrO/H3n9Pdp+mm2fd9b0FkVRRQERfUuGPEaBaXmEwDQFw4AAAg
AElEQVQymck2NTV17x9zqyYzU7+aTN3KlNmTyThj3LcZjXtARVEwGhFQQHFhk01psKGB3s/9g4Fr
e07TO83TvF5VVMlzznn628jS/T7fpawyCrunI5WKSBcVRF5BXqSaGTca/xwOz4Q5tLcqdn9YHisf
eDee/tGrcWD3odbfFAAgwVL/eModrf/KEoCTVkG3/Bgze2hMunh09B5eEvnp/CZfU1+fiQOfHIoP
X9kW7yzZElX7m7kXxTHkp/Ni6tXjY/y8EVHcpzDy8pveP7u2ui4OfHIo3vrDB/Hh8u2NPm/UmUPi
xl9dFIU90lFfm4k3H9oQy36xKipaGhFSEb2H9YgR0wfG8OkDo6R/caS7F0RBYeO/ZnkFqegzomf0
HdkzIhOx/5ODsfv9T6O+LhOZTCZqq+ri0KdVsevdPbFx+Y7Ys6k86uv8kw4AnLwEDgDapLAkHT0G
FEd+YX6TExLq6+rjQFllVO6rika2nmidVERRr25R0q8o8guaDhw1VbVR8cmhqPnf41wbk5/Oi4v/
77Ni1lcmRSovFQfKDsUrv1kTKx/c0ORrjzXWwuKCKCwpjIJu+Y2erFJYko4zbpwYZ3x5UmQyERue
2xJLb18ZNYdqI5PJRM2h2qjcXx111U5JAQCIsAcHAG1UfaAm9hyoafqJHSkTUVleFZU59tJoi7ra
+njj/ndjyOT+MfL0QVHSvzhmf31KVO6rjtWPvn90g9OWjrX6YG1UHzx2IOnWszAqPzPDpfpgTXy6
rSKqO/vXGgDgBNX021wAcLLKRJRtLI/lv3sr9m7ZF5GJ6D20JC7821lx9jenHt3gEwCAzidwAMAx
1NfWx4fLtsWr/7k2Dn5aGZGJ6DGwOM7//sy49O9nH3MfjbZIRTQIKPbXAAA4NoEDAJpQW10Xbz78
Xqz43dtxoOxQZDIR+YX5cfoNE2Ph/3te9B/XO/KasfdHS+QX5kdxn24RcfjUl0OfVrXpxBkAgK7O
HhwA0Ax11XXxp9+vi/ra+pj1tVOj78iekV+QF5MuHh2DJ/WL1+9aHxte2BL7dh6M+tq2b/zZvW+3
GHRK36P7fJRvr2iX+wIAdFX5F/S/5h86exAAkASZukxsW7M79u88GL2GlET3/odPbSnu0y3GzB4a
A8b1jlReKjKZTFRV1LR6WUm6qCBOu3JcTL16fOTlp+Lgp1Xxp/9aG59uq2jnzwgAoOsQOACgJTIR
uz/4NLa/tTvqquuje99uUdy7KPLyU9F/bO8Yf+7wGDypX/QaWhLpbgVRX1cfNZW1kWlm7OgxqHvM
uHZCzL7ltCju1S0ymUy8u3hzrH9mkxNUAACOIfWPp9xhQS8AtEJh93SMnj0kplw5LibMHxHdehRG
KiIidXhT0D2b98WnH+2P8m0V8ckHn0bZh+VxcE9lVO6rjsr91VFfl4luPdJR3Ltb9BhYHIMn9YuR
pw+OUbMGR3HvbhGpiE/e2xuLf/x6bFy+3UajAADHIHAAQBvk5aeix6DuMeqMwXHqF8bEuHOGR7o4
//AJKJk4HDtq6w9HjX3VUVtVF7U1dVFXXR+ZTCby03lRUJgfBd3yo3vfoiju0y0ymYiITHy6dX+8
9IvVsf7ZTVFzqLaTP1MAgBObwAEA7SCvIC+6laSj3+heMW3h+Jh2bWkUdi+ITCYTqUgdPve1GY6c
lLJtzSfxwr+tjI9Wfhy11XUdOHIAgK5B4ACADlDYvSDGzB0WpfNHxLizh0WvYT0i9b+Ro74+E6mI
SOWlor4uE6nU4f+OiNixtixe+/26WP/MJmEDAKAFBA4A6GB5BXnRb1TP6De2d/QcWBzd+xdHSb+i
SBflR1VFTRzcWxW7P/w0drxdFuU7Ko4eDQsAQPMVdPYAAKCrq6+tj90flsfuD8s7eygAAF1WXmcP
AAAAAKCtBA4AAAAg8QQOAAAAIPEEDgAAACDxBA4AAAAg8QQOAAAAIPEEDgAAACDxBA4AAAAg8QQO
AAAAIPEEDgAAACDxBA4AAAAg8QQOAAAAIPEEDgAAACDxBA4AAAAg8QQOAAAAIPEEDgAAACDxBA4A
AAAg8QQOAAAAIPEEDgAAACDxBA4AAAAg8QQOAAAAIPEEDgAAACDxBA4AAAAg8QQOAAAAIPEEDgAA
ACDxBA4AAAAg8QQOAAAAIPEEDgAAACDxBA4AAAAg8QQOAAAAIPEEDgAAACDxBA4AAAAg8QQOAAAA
IPEEDgAAACDxBA4AAAAg8QQOAAAAIPEEDgAAACDxBA4AAAAg8QQOAAAAIPEEDgAAACDxBA4AAAAg
8QQOAAAAIPEEDgAAACDxBA4AAAAg8QQOAKBV8tN5Mai0b7vec1Bp38hP+/IEAGg5X0EAAC2Wn86L
8ecOj6FT+sfw6QPb5Z7Dpw+MoVP6x/hzh4scAECL+eoBAGiRI3GjuE+3iIgYMK53myPH8OkDY8C4
3hERUdynm8gBALSYrxwAgBYZOKHP0bhxRFsix2fjxhHFfbrFwAl9Wj1GAODkI3AAAC2y8509sXfr
/qzrrYkcueJGRMTerftj5zt7Wj1GAODkI3AAAC2Tidjyxq42R45jxY0tb+yKyLR5pADASUTgAABa
ro2RQ9wAANqbwAEAtE4rI4e4AQB0BIEDAGi9FkYOcQMA6CgCBwDQNs2MHOIGANCRCjp7AABAF/C/
kSMiou/Ing0eGjCud/ToXxxFvQuzXiZuAADtxQwOAKB9HGMmh7gBAHQ0gQMAaD/HiByfJW4AAO1N
4AAA2lcTkUPcAAA6gsABALS/RiKHuAEAdBSBAwDoGJ+LHOIGANCRnKICAHSc/40cB8oqo2xTubgB
AHQYgQMA6FiZiLKN5Z09CgCgi7NEBQAAAEg8gQMAAABIPIEDAAAASDyBAwAAAEg8gQMAAABIPIED
AAAASDyBAwAAAEg8gQMAAABIPIEDAAAASDyBAwAAAEg8gQMAAABIPIEDAAAASDyBAwAAAEg8gQMA
AABIPIEDAAAASDyBAwAAAEg8gQMAAABIPIEDAAAASDyBAwAAAEg8gQMAAABIPIEDAAAASDyBAwAA
AEg8gQMAAABIPIEDAAAASDyBAwAAAEg8gQMAAABIPIEDAAAASDyBAwAAAEg8gQMAAABIPIEDAAAA
SDyBAwAAAEg8gQMAAABIPIEDAAAASDyBAwAAAEg8gQMAAABIPIEDAAAASDyBAwAAAEg8gQMAAABI
PIEDAAAASDyBAwAAAEg8gQMAAABIPIEDAAAASDyBAwAAAEg8gQMAAABIPIEDAAAASDyBAwAAAEg8
gQMAAABIPIEDAAAASDyBAwAAAEg8gQMAAABIPIEDAAAASDyBAwAAAEg8gQMAAABIPIEDAAAASDyB
AwAAAEg8gQMAAABIPIEDAAAASDyBAwAAAEg8gQMAAABIPIEDAAAASDyBAwAAAEg8gQMAAABIPIED
AAAASDyBAwAAAEg8gQMAAABIPIEDAAAASDyBAwAAAEg8gQMAAABIPIEDAAAASDyBAwAAAEg8gQMA
AABIPIEDAAAASDyBAwAAAEg8gQMAAABIPIEDAAAASDyBAwAAAEg8gQMAAABIPIEDAAAASDyBAwAA
AEg8gQMAAABIPIEDAAAASDyBAwAAAEg8gQMAAABIPIEDAAAASDyBAwAAAEg8gQMAAABIPIEDAAAA
SDyBAwAAAEg8gQMAAABIPIEDAAAASDyBAwAAAEg8gQMAAABIPIEDAAAASDyBAwAAAEg8gQMAAABI
PIEDAAAASDyBAwAAAEg8gQMAAABIPIEDAAAASDyBAwAAAEg8gQMAAABIPIEDAAAASDyBAwAAAEg8
gQMAAABIPIEDAAAASDyBAwAAAEg8gQMAAABIPIEDAAAASDyBAwAAAEg8gQMAAABIPIEDAAAASDyB
AwAAAEg8gQMAAABIPIEDAAAASDyBAwAAAEg8gQMAAABIPIEDAAAASDyBAwAAAEg8gQMAAABIPIED
AAAASDyBAwAAAEg8gQMAAABIPIEDAAAASDyBAwAAAEi8gs4ewPE08vRBceqlY2LUmUOi/5heUViS
7uwhAQAAQLuqPlATZZv2xZbXd8b6ZzfF1pUfd/aQjovUP55yR6azB9HRBk/qFxf8zelRev7Izh4K
AAAAHFfvLd0aL/zbytj1zp7OHkqH6vIzOKYtnBDX/HheZw8DAAAAOkXp+SOj9PyR8dj/tSzWPPp+
Zw+nw3TpPTjEDQAAADjsmh/Pi2kLJ3T2MDpMlw0cgyf1EzcAAADgM6758bwYPKlfZw+jQ3TZwHHB
35ze2UMAAACAE05X/X65SwaOkacPsqEoAAAA5FB6/sgYefqgzh5Gu+uSgePUS8d09hAAAADghNUV
v2/ukoFj1JlDOnsIAAAAcMLqit83d8nA0X9Mr84eAgAAAJywuuL3zV0ycBSWpDt7CAAAAHDC6orf
N3fJwAEAAACcXAQOAAAAIPEEDgAAACDxBA4AAAAg8QQOAAAAIPEEDgAAACDxBA4AAAAg8QQOAAAA
IPEEDgAAACDxBA4AAAAg8QQOAAAAIPEEDgAAACDxBA4AAAAg8QQOAAAAIPEEDgAAACDxBA4AAAAg
8QQOAAAAIPEEDgAAACDxBA4AAAAg8QQOAAAAIPEEDgAAACDxBA4AAAAg8QQOAAAAIPEEDgAAACDx
BA4AAAAg8Qo6ewAQEfHJJ5/E//zP/zT5vG984xuRn59/HEYEAAC01Y4dO2LXrl0xY8aMzh4KJwGB
gxNCZWVlfPDBB00+L5PJHIfRAAAAbbVjx4747W9/G4cOHYq6uro444wzOntIdHECBwAAAO3qSNw4
ePBgREQ89NBDEREiBx3KHhwAAAC0m8/HjYjDM7EfeuiheOONNzpxZHR1ZnAAAADQbjZv3twgbhxx
JHJEtO9Mjvr6+qiuro6amprIZDKRTqcjnU5HQYFvd082/o8DAADQbubMmRM1NTXxxBNPZD3Wlsix
f//+2Lx5c2zdujU++eST2LNnT+zZsyeqqqpyPr+oqCh69+4dffr0iSFDhsSwYcNixIgRMWDAgJZ/
UiSCwMEJob6+vrOHAAAAtJN58+ZFXV1dPP3001mPtSRybNu2Ld5+++1Ys2ZN7N69u0VjqKysjMrK
yti1a1e8++67R6/37t07SktLY+rUqVFaWuqUxi5E4KDTVFZWxptvvhlr166NDz/8sFmv+eUvfxlT
p06N6dOnR79+/Tp4hAAAQGudf/75UVtbG4sXL856rDmRo7q6Ov7whz/Epk2b2nVc5eXl8ec//zn+
/Oc/R/fu3WPmzJlx9tlnm9nRBeRf0P+af+jsQbS3+d+b2dlD4Biqqqrij3/8Y9x3332xdu3a2LNn
T7OPf92/f3+8//77sXz58ti9e3cMGzYsiouLO3jEAABAa4wbNy4ymUxs3Lgx5+Pr1q2Lvn37xrBh
w7Iey8/Pj2nTpsXGjRvj008/7ZDx1dTUxNatW2PFihXx0UcfxcCBA6NXr14d8rFORC/9fFVnD6Fd
CRwcVxs2bIjf/e53sWHDhqirq2vTvXbu3Bmvv/569O7dO+dfiAAAQOcbP3581NbWNjoT41iRo6Cg
oMMjxxG7d++O1157LT7++OMYMWLESfFGqsCRAALHiWn58uVx//33N7oJUGvU1dXF2rVro7CwMMaM
GdNu9+X4yGQysX///igvL4/9+/dHfX195OfnR16eE6wBALqS0tLSqK6ujs2bN+d8/ESJHBERu3bt
ij/96U+RTqdj5MiRkUqlOvxjdpauFjjswcFx8dprr8Vjjz3WYfd/6qmnokePHu163FRLrFixIt5/
//0G10455ZSYPXt2u9z/9ddfj3feeafBtXnz5iUy6uzYsSNWr14d77//fuzYsSNqa2uzntOjR48Y
P358jBs3LqZNmxbdu3fvhJECANCerrjiishkMrFs2bKsx5rak6Nbt25x2223xR133NHue3LkcuQU
mFWrVsVXv/pV+/8lhMBBh9uyZUv8z//8T5PPGzx4cEycODGGDBkSJSUlUVhYGFVVVVFeXh4fffRR
rF27Nud52kc89thjMW7cuOjbt297Dr9Zjuzu/Fnr16+PMWPGxODBg9t8/507d2bdf+rUqW2+7/G0
efPmeOaZZ5q1oWxFRUWsXr06Vq9eHU899VScffbZMX/+/JNimiAAQFd25ZVXxt69e7O+to1oXeRI
p9NHj34tLi6OVCoVlZWVsWfPnti+fXscOHCgTeP96KOP4vbbb49FixYl7uvvk5HAQYfKZDLx+OOP
H/MY2JEjR8ZVV10Vo0ePPua9Fi5cGK+88ko8++yzOffvqKqqimeffTZuvPHGNo+7PdTV1cXDDz8c
3/nOd07qJRf19fXx9NNPx7Jly5q9mexnVVVVxQsvvBBr1qyJm2++OYYMGdIBowQA4Hh4/fXXY926
dY0+3tzI8fzzz0dpaWmMHTu20WNeM5lM7Nq1K9asWROvvvpqq2NHZWVl3H333XHxxRfHggULWnUP
jg+Bgw61adOm2LJlS6OPz5w5M66//vpmnT1dUFAQ8+fPj0GDBsWdd96Z85vl1atXx6WXXtopszhy
2bJlS7zyyisxb968zh5Kp6ipqYm77rqrwbnjuaTT6ejWrVscOnSo0c1ny8rK4he/+EV885vfbDKG
nawWL16c9QXDrbfeGr179+6kEQEA/P8WL14cS5YsafJ5zYkcl112WZP3SaVSMWTIkBgyZEhccMEF
sXz58li8eHHU1NS0fPBxePx79uyJRYsWndRvYJ7IBA461Nq1axt9bPDgwbFo0aJmxY3POvXUU+PM
M8+M1157Leux+vr6WLt2bZx77rktHmtHefbZZ2Py5MnRv3//zh7KcVVfXx/33HNPzrhRXFwcM2bM
iOnTp8fQoUOjqKjo6GMVFRWxcePGeOONN2L9+vUNXlddXR2///3v43vf+1706dOnwz+HpNm7d29s
3769wbW2nlYEANAennzyyXjppZea/fymIkdLpdPpmD9/fkydOjXuuuuurK+ZmuuNN96I2trauPHG
G0WOE5D/I3Sobdu2NfrY2WefHQUFrWtsc+fObfSx9957r1X37Cg1NTXx8MMPt2p5RpI999xzWYEi
IuK0006Lv/3bv42FCxfG2LFjG8SNiMMbjE6dOjVuvfXW+Na3vpW170ZFRUXcf//9HTp2AADaz9NP
P92iuHHEkcjxxhtvtNtY+vXrF3/1V38Vp556aqvvsXr16njggQdOuq/vk0DgoEPt27ev0cdyHQHV
XMOGDWt0w8mPP/641fftKB9++GHOGSdd1fbt2+O5557Luj579uy4+eabo2fPns26z/jx4+O2227L
quMbN2485uwgAABODC+99FIsXbq01a/viMiRTqfj5ptvblPkWLVqVTzzzDPtNibah8BBp2lr8Zwy
ZUqMHz8+68fAgQPbaYTt68knnzwu53afCJ544oms/78TJ06MhQsXtvheo0aNiosuuijr+h//+MdW
jw8AgI63fv36eOqpp9p8n+ZGjoMHD8b27dtj//79Td4zLy8vvvrVr7bpTdelS5fG66+/3urX0/7s
wUGH6tWrV+zevTvnY++9916bNotctGhRq1/bGaqqquK///u/47bbbuvsoXSozZs3xwcffNDgWn5+
flxzzTWtXqd47rnnxssvvxyHDh06em3nzp2xY8eOGDp0aJvGCwBA+/vkk0/ivvvua7dlHM3Zk6Oo
qCief/75eOutt6J///4xffr0mDdvXnTv3j3n89PpdNx0003xk5/8pNUbjz766KMxatSoGDx4cKte
T/sSOOhQgwYNig8//DDnYy+++GJMnTq1y/5lcMYZZ2RV5nfffTdWrlwZp59+eieNquPlWoozd+7c
Nm2yWlRUFDNmzIgVK1Y0uL5mzZpWB47KysrYunVrlJWVRWVlZaRSqSgpKYmePXvGiBEjoqSkpNXj
bY7q6urYvHlzlJeXR0VFRRQUFERJSUmMHDkyBgwY0KEfu6Xq6+tj586dsWvXrjh48GBUVVVFYWFh
dO/ePYYOHRqDBw+2yRYAcFRdXV3ce++9UVVV1a73bSpy5OXlxZe//OXIZDLx9ttvx/PPPx8rVqyI
6667LqZOnZrznv369YuLL7641TNNamtr4957743vfve7kU6nW3UP2o/AQYc67bTT4tVXX835WHV1
dfz2t7+Nm2++uUse+zlhwoRIp9NZn//jjz8epaWlzd6HorVefvnlePzxxxtcu+mmm2LKlCnNvsfW
rVvj5z//eYNrc+fObXSpSV1dXbz99ttZ12fNmtXsj9mY0047LStwbN68uUX3yGQysX79+li+fHm8
//77jb6jkEqlYsyYMTFz5sw488wzW/TN+5o1a+Kee+5pcO2HP/zh0RCzffv2eOGFF2LdunVRW1ub
8x4DBgyI+fPnx6xZsxr92L/+9a9j48aNTY7nxz/+cda1G264oVmRbdu2bfHyyy/H22+/HdXV1Y0+
r6ioKGbOnBnnnHPOCbtEDAA4fpYsWdLqU0oiDn8tdt5558WLL76Y9VhTkSM/Pz++8pWvxN133x3r
1q2LQ4cOxT333BNXXHFFzJs3L+fHO/vss+PFF1+MAwcOtGq8O3fujKVLl8bFF1/cqtfTfrzlRoca
P3589OvXr9HHKyoq4le/+lX84Q9/aNZauaS57LLLonfv3g2uHTx4MB577LFOGlHH+uijj6KysrLB
tcGDB7fLMpKRI0dGKpVqcG3Hjh3Nfv2ePXviN7/5Tdx5553x3nvvHXO6ZCaTiY0bN8Z///d/x+23
396skHAs1dXVUVdXF08//XT87Gc/izVr1jQaNyIidu/eHY888kjccccdcfDgwTZ97Naorq6ORx55
JH7605/GypUrjxk3Ig7PhlmxYkX85Cc/icWLFzuaFgBOYke+2W+L0047LS6//PK45pprcj7e1J4c
+fn58dWvfvXoJqKZTCaefPLJeOutt3I+P51Ox5w5c9o05hdeeCE++eSTNt2DthM46FD5+flx9dVX
H/M5mUwmXnnllfiXf/mXeOSRR2LTpk1d5siloqKi+OIXv5h1/a233mr0L9gk27p1a9a1cePGtcu9
i4qK4oYbbojrrrvu6I/LLrusWd9Mb968OX72s5+1KlTs3Lkzfvvb38aaNWtaM+yIOBwA7r///li6
dGnU19c3+3Xvvfde3H333S16TVtVVFTEz3/+81ad+lNfXx9LliyJBx544LiOGQA4cTz66KNt/jrg
yMyMs88+u9GZw01FjoKCgvja174WEydOPPr8Rx55pNE3j6ZNm9amMdfV1cWTTz7ZpnvQdpao0OFO
PfXUmDNnTqNLVY6ora2N1157LV577bXo06dPnHrqqTFp0qQYP358otezTZo0KWbOnBlvvvlmg+uP
PvpojB8/vtFNj5Jo586dWdfasjP1582cObPFr9m1a1fccccdWTNLIg6vuZw4cWL06dMn8vLyYt++
ffHBBx9kTamsr6+Pe++9NzKZTEyfPr3FY3j00Udjz549R3+en58f48aNiyFDhkQ6nY6KiorYvHlz
7Nq1K+u1H3zwQfzpT3+KuXPnNrg+YcKErGVOW7dujb179za4NmnSpCgsLGxwrW/fvjnHWVNTE7/7
3e9yjmPEiBExceLE6Nu3b6TT6Th48GB89NFH8dZbb2XN8Fi9enUMGjQoFixYkPPjAABd07p169o8
87WgoCBKS0uP/vzI10CPPvpo1nObWq5SUFAQN910U/z+97+PDRs2xKFDh2LZsmVx6aWXZj138ODB
UVJS0uplKhGHT43ZvHlzl1x+nxQCB8fFwoULo7KyMlatWtWs53/66aexYsWKWLFiRRQUFMSECRNi
6tSpcdppp0VxcXEHj7b9XX311fHee+9FRUXF0WsVFRXx+OOPxw033NCJI2tfuY7B7cxNZGtra+O+
++7Lihs9e/aMRYsWxcSJE7OWvUQc3ifjwQcfbLAE5kj1Hzly5DGXXeXy2bgxd+7cWLBgQfTo0SPr
ee+//348+OCDUV5e3uD6smXLYs6cOQ3GmisePPjgg1nvYlxzzTXNHu8zzzyTteynd+/e8aUvfSkm
TJiQ8zVXXnllPPzww7F27doG15cuXRpnnnlm1hItAKBrymQy8eyzz7b5PkOHDs16c7MtkSOdTsfN
N998dJny6tWrcwaOVCoVw4YNi/fee69N41+8eHF885vfbNM9aD1LVDguUqlU3HjjjXHppZe2+LSF
2traeOedd+Khhx6Kf/7nf47777+/TZsWdYbu3bvnXEO4cuXKePfddzthRB0j1z4qRUVFnTCSw557
7rmsb9j79u0bP/jBD2LSpEk540bE4Vkn3/3ud2P8+PENrldVVcUDDzzQqrGkUqm47rrrYuHChTnj
RsThWRnf+MY3oqCgYXsuKyuLjz/+uFUft7kqKipi+fLlDa4VFxfHd77znUbjRsTh39tf/epXs96p
qKmpyYoeAEDX9e677+aczdtSjb05NmPGjEZf09RylXQ6HbfcckuMHz8+ysrKGt37r6VvYuXy3nvv
tcuvA60jcHDcpFKpuPDCC+Mv//IvY8SIEa26R21tbbz55ptx++23x3/+538m6i+PadOm5TzB5JFH
Hsm5fCKJcp0f3q1bt04YyeHNXJctW9bgWl5eXtx8883NOsHmyLrNzz9306ZNrSr7V199dZx11llN
Pm/w4ME5l+Js2bKlxR+zJdatW5e1XvbCCy9sdDnLZ+Xn5+d8J2TDhg3tNj4A4MT2+a+7Wqux5duf
nRGbS3Mix6233hpjx45tNHC01xtzn3/TiONH4OC4Gz16dHz3u9+Nm266KYYPH97q+7zzzjtx++23
xxNPPNHkKQ8nioULF2YtsSkvL4+nn366k0bUvnJt+Pn5/R+Olz/96U9ZweXMM89s0Z4g3bt3j0su
uSTreq4jy45l3LhxWXtoHMtn150e0dQ/6u1h7NixDX7kGsexXvv56aTHY8wAwBG4ArMAACAASURB
VImhvTYYb2yGbXM0FTkKCwvjtttui5KSkkZf3x4+PxuX48evPJ0ilUrFlClTYsqUKbF9+/Z44403
YtWqVQ32qGiO+vr6WLZsWaxfvz5uvvnmTt3voTl69uwZV111VTz44IMNrr/66qsxffr0djtxpLOc
SKff/PnPf866Nn/+/BbfZ9asWfHss882+L15ZD+VxpaafN7UqVNb9I/1gAEDsq519HGxZ511VrNm
mDQmLy8vevXqFWVlZUevtfTPMwCQXOecc058+OGHbb5PVVVVzuu9evVq1uub2pOjsLCw0TfgDh06
1MxRNi4vLy/mzZvX5vvQOmZw0OmGDRsWV111Vfz93/99/PCHP4wrrrgiSktLIz8/v9n32L17d/z6
17/OefrDieaMM844elzVZz388MM5l3jQcvv374/du3c3uDZq1Kjo379/i++Vl5eXc8lIe/wD3phc
0yOTsIzp839m/X4GgJPH5MmT22UPi8ZmgPbs2bPZX8s1NZOjMZ//+rE1Tj/99GYt8aVjCBycMFKp
VAwdOjTOO++8+OY3vxn/8A//ELfccktMmzatWbHj4MGDceeddyZiucq1116bVY7LysraZedpDu+T
8XnH2iizKZ/fbLSxj9Fecs32aK9pnwAAHSEvL69djog/1mEC06dPb/Z9Who56urq4qOPPmr2/XNJ
pVJx/vnnt+ketI0lKpywCgsLY/LkyTF58uQ4cOBAvPjii7F8+fJjvitcVlYWzz33XFx22WXHcaQt
17dv37j88suzjrp6+eWXY9q0aTFq1KhOGlnb5ApRufbl6Gh79+7NutaSvTea89pcH6MrKisri3ff
fTe2b98eO3fujIqKiqisrIzq6uqsJUkiDACc3GbOnBlLly5t0+lvFRUVsWvXrpxLz+fNmxcrVqxo
9lKSpparfNbGjRvbPPv0zDPPjIEDB7bpHrSNGRwkQklJSVx++eXxN3/zNzFy5MhjPnf58uXtsn6u
o82ZMyfGjh3b4Fomk4mHH344amtrO2lUbZNr1+vG1lF2pFz7VTTn5JTG5HptV99f4q233oqf/exn
8a//+q/x2GOPxeuvvx5bt26NvXv3xqFDh6Kuri7q6+sb/AAATm55eXlx9dVXt/k+a9asyXm9e/fu
cd1117XoXs2dydGaU/I+q0ePHnH55Ze36R60ncBBovTv3z++/e1v51wycER1dXW88847x3FUrZNK
pWLRokVZuyzv2rUrnn/++U4aVdvk2pG6M/aOyBW42nLsV15eXtaSogMHDrT6fieyffv2xa9+9au4
++672zxNEwA4+ZSWlsaMGTPadI9XX3210dkUU6dOjSuvvLJF92tO5LjwwgtjzJgxLbrvZ11zzTVZ
pyVy/AkcJE46nY6vfOUrjZ6RHdGxG0C2pwEDBsSll16adf2FF1445vrDE1Wu/yftsVnTieDz+2K0
5QizE1VZWVn84he/yLm/SLdu3WLixIlx3nnnxRVXXBHXXXddXH/99Q1+tGWWDADQdVx11VXNPm0u
l4qKinj11VcbfXzevHnxta99rUVBoanI0a1bt7jttttaFTlOPfXUmDZtWotfR/uzBweJ1KNHj5g9
e3a88MILOR9vy7q/4+3cc8+N1atXN3i3vL6+Ph566KH47ne/26LTZDrboEGDsq51xsk2uf6xa8tM
kvr6+qylNo2dn55U9fX1ce+998ann37a4PrAgQPjkksuicmTJzd5pvuLL74Y+/fv78hhAgAJ0KNH
j7jxxhvjP/7jP7L27GquP/7xjzFlypRGTySZOnVqjB8/PpYtWxarV69ucFR9Y5rak+NI5Ljjjjua
vaF837594/rrr2/Wc+l4AgcdZu3atfHKK6/kfOyCCy6I0tLSNt1/3LhxjQaOJOzBcUReXl5cf/31
8dOf/rTBhpzbt2+Pl156KS644IJOHF3LjB49Outae502Ul9fHz/60Y8anJKTn58fP/rRj7IiUK6Z
JG3ZMyPXN+3HmkGURG+88UbWkpSxY8fG17/+9ejWrVsnjQoASKrS0tK46KKLYsmSJa16fXV1ddx7
773x7W9/u9E3Wbp37x6XXnppXHrppbF///7Yt29fRET069cvVq1albWhf0T7Ro7CwsK45ZZbutwb
X0lmiQodJi8vLz744IOcP9pjCUlX+qZryJAhceGFF2ZdX7x4caJmo4waNSry8hr+tbJx48Z22ZBz
586dUVlZ2WBTy4EDB+ac4dKnT5+sa21Z8rNjx46sa+1xzvuJZOXKlQ1+nkql4oYbbuhSf84AgONr
wYIFLTra9fO2bNkSDzzwQLM2M+/Zs2cMHz48hg8fHsXFxTF37txYuHBhzue213KVL33pSzF06NAm
x8bxI3DQYXItVzhizZo1rZ6udsSxlj60Zc1fZ7ngggtiyJAhDa7V1dXFww8/3KoTKnJ949/RJ12k
0+mcJ8O89dZbbb53ro1jhw8fnvO5uf4xaktUy/XatmxCdaKpr6/PeodizJgxjU4JBQBojlQqFddf
f32MGzeu1fdYs2ZN3Hfffa06ZbAjI8fll18eU6dObfGY6FgCBx2mf//+jZ4DvXv37njzzTdbfe/6
+vpYsWJFo48n8fzp/Pz8uP7667M2r9y8eXOsWrWqxffLdWrI8TjR5Oyzz8669uKLLzZYftNSmUwm
5++Xxv5R6dWrV/Tv37/BtU2bNsXevXtb/LHr6+uzZjdEdK3AceDAgaz41atXr04aDQDQlaTT6fj6
17/e5sjxm9/8plVfy82dOzeuueaanI+1NnJcddVVMX/+/BaPhY4ncNChZs6c2ehjjz32WKv3Z3jy
ySePueTglFNOadV9O9uIESPivPPOy7p+8ODBFt8r1x4Rn3zySYvu0ZoNIydPnpz1zv/evXvjtdde
a/G9jli7dm3WUp2SkpKYMGFCo6/5/JrKTCYTy5Yta/HHfvPNN7N+HUpLS7tUAMh1DFtLf8/t378/
a4NSAICIw3tVfP3rX4+JEye2+h5btmyJn/zkJ7Fs2bJGj5BtzNlnn91okGhJ5EilUvHFL34xzj33
3BaPn+ND4KBDnXPOOY1uxlhZWRn//u//HosXL272pqB79+6Nu+66K15++eVGn9OjR4/EBo6IiIsv
vjgGDBjQ5vsMHjw469qGDRua/fqampp45plnWvxx8/Ly4qKLLsq6/sQTT8S2bdtafL9Dhw7FE088
kXX9/PPPP+YJM3PmzMnakOrVV19t0akuhw4dimeffTbr+rx585p9j+Mp169Hc2bO5FrStXHjxmZH
jtra2rj//vsbbAALAPBZhYWFceutt8acOXNafY/q6up44okn4l/+5V9i8eLFTX5dV1NTE+vWrYu7
7rorXnrppUaf19zIceutt8bs2bNbPX46nlNU6FBFRUVxxRVXHN2p+PNqa2tjyZIl8cILL8Qpp5wS
I0eOjAEDBkRRUVGk0+morq6OQ4cOxSeffBKbNm2KDz/8sMm9Oy6++OJIp9Md8ekcF+l0OhYtWhS/
+c1v2rRPSZ8+faJ3795RXl5+9NrOnTtj1apVMWPGjGO+tqamJu65555WH/F65plnxttvv91g34za
2tq4884742tf+1qMGjWqWfeprKyMu+++O2s6Yr9+/XIuhfmskpKSOOecc+LFF188eq2uri7uvPPO
+Ou//usmd7uuq6uLe+65p8GvX8Thk2JO1ICW63jcsrKyJpdsFRYWxtChQxtsplpbWxtPPfVULFq0
6JivPXDgQNx3333x/vvvZz3WmrWyAEDXlZeXF9dee20MGzYs/vCHP7T6a4WKiopYsmRJLFmyJHr0
6BHDhg2Lfv36Rbdu3SKTycTBgwdj165dsWPHjmZ/jOacrjJp0qRWjZfjR+Cgw82aNSt27tx5zOUB
dXV1sX79+li/fn2bPtbUqVO7RFUdO3ZszJkz55j7jDTHzJkzY+nSpQ2uPfTQQ3Hw4MGYPXt21jv+
9fX1sX79+nj66adbvJzl8xYtWhT/9m//FgcOHDh6rby8PH71q1/FeeedF7Nnz270JJKamppYtWpV
vPDCC1lnmufl5cWXvvSlRo8L+6xLLrkk3n333di5c+fRa2VlZXH77bfHdddd1+g0yZ07d8aDDz6Y
NeOksLAwbrjhhqx9Uk4Un993JOLw/idjx45t8jSUM844I2umzOuvvx51dXXxhS98IXr37t3gscrK
ynjzzTdjyZIljZ6SU19fHzU1NYkOjgBA+5s9e3aMHj067r333la/oXZERUVFi2YpH0tTkYMTn8DB
cXHFFVdEKpU65tSwtjrllFNO6G8+W+qyyy6L9evXt2lfg7lz58bLL7/coFzX1tbGY489Fs8//3xM
mDAhevbsGTU1NbFnz57YsmVLs5cLNaVnz55x2223xb//+7832Ny0vr4+li5dGkuXLo3hw4dHv379
onfv3kdr++7du2Pbtm2NnviycOHCrJNaGlNQUBBf/vKX45e//GVUVVUdvV5eXh533HFH9OvXLyZN
mhS9e/eO/Pz82LdvX2zcuDG2bt2a835f/OIXc0aEE0Vjp8f8n//zf2LChAnRvXv3KC8vjylTpsRZ
Z53V4Hlz5syJ5cuXx549expcX7lyZbz55psxdOjQo8fvlpeXx44dO5p1Kk95eXm7LLkCALqWIUOG
xPe///1YunRpPP/8823akL49iRzJJnBwXKRSqbjiiitiyJAh8fjjj7fbN9ERh9/Rnz9/flxyySWR
l9d1tpXp1q1bXHfddfEf//Efrb5Hnz594tprr825RGj//v1NnmQzbdq0WLNmTas//ogRI+Iv//Iv
484778y56/W2bduavS9Hfn5+fPGLX4xZs2a1aAxDhgyJ2267Lf7rv/4r6/fdnj17Yvny5U3eI5VK
xcKFC4+5ae6JYPDgwTFu3LisY20rKyvj7bffPvrz8ePHZ702nU7HzTffHL/+9a+zTtvJZDKxffv2
Y27sO3ny5MhkMlmzsHbt2iVwAAA5FRQUxIIFC2L69Onx1FNPxbp16zp7SBEhciRZ1/lukEQ444wz
4u/+7u9i7ty5zVpicCypVComT54cP/zhD+MLX/hCl4obR5xyyilt/kt11qxZce211x5zQ87Py8vL
iwULFsT111/fpo8dETF06ND4wQ9+EGeddVarZ9eMHDkyvvOd77Q4bhwxZsyY+N73vtfsmR+f1bdv
3/iLv/iLNm2IdTwtWrSo0Y19j2hsb5ehQ4fGt771rRbNUsnPz48FCxbETTfdFCNHjsx6fOPGjc2+
FwBwcho4cGDccsst8Vd/9VcnzF5nTW08yonJDA6Ou5KSkli4cGFccsklsXLlyli/fn1s3LixWdPS
0ul0jBo1Kk455ZSYMWPG0SnzXdmVV14ZGzZsaNWRrUfMmTMnxo4dG88991y89dZbjS4t6NatW5x6
6qmxYMGCGDhwYJs2Of2s4uLiuO666+K8886LFStWxOrVqxvdt+GIkpKSGDduXMyZM+eYx8E2V//+
/ePb3/52rF+/PpYvXx7vv//+MT+/IUOGxOzZs+PMM89M1B4S/fv3j+9///vx6KOPNtjk9bOOtbRk
+PDh8YMf/CBWrFgRL7/8cqO/7/Ly8mLq1KlxySWXHJ2hUVpaGn/84x8bPG/t2rVx5ZVXtvKzAQBO
JqNHj45vfOMbsWvXrli+fHmsXr26XWd+5zJw4MAYOHBgztkjZnIkT+ofT7mjfb6DOYH8P+9+vbOH
QAtt3rw5fvnLXzb5vH/6p3+KwsLC4zCirqu6ujo2bdoUe/bsiYMHD0Y6nY6SkpLo169fjBw5skUz
PVork8nExx9/HLt27Yp9+/ZFVVVVpNPpKC4uju7du8eAAQNi0KBBHbqfSmVlZWzdujXKysri0KFD
UV9fH0VFRdG3b98YNmxYl4hnZWVlsXHjxti/f3/k5+dHcXFxDB48OIYNG9asGVSZTCZ27doV27Zt
i4MHD0Z1dXUUFRXFgAEDYvTo0VFUVHQcPgsA4GRVW1sbGzZsiLfffrvNb/h91sCBA2PSpEkxY8aM
GDFiREREPP744/Hyyy/nfH4qlYrrr7++S0aOf5r4n509hHZlBgcnhOYuL+mKy1COt8LCwk6f+pdK
pWLw4MExePDgThtDUVFRlJaWRmlpaaeNoaP179+/TZuiplKpGDJkSAwZMqQdRwUA0DwFBQUxefLk
mDx5ckREfPzxx/HRRx/Fjh07YufOnbF3794oLy+P6urqnK8vLCyMfv36xcCBA2PAgAExbNiwGDt2
bPTs2TPruVdddVXk5eXlPBTBTI7kEDgAAAA44Q0aNCgGDRqUdb2mpuboj7y8vEin01FYWNjiN0eP
nPz44osvZj0mciSDwAEAAEBipdPpdtsz7fLLL49UKhVLly7NekzkOPGZ7w8AAAD/67LLLouLLroo
52NOVzmxCRwAAADwGZdccklcfPHFOR87EjlWrVp1nEdFUyxR4YRQVFQU48ePb/J5HXmqBgAAwBEL
FiyIvLy8ePbZZ7MeO3I6HScWgYMTwsCBA+Nb3/pWZw8DAADgqAsvvDDy8/PjqaeeOnqte/fu8a1v
fSuGDh3aiSMjF0tUAAAAoBHz58+Pq666KiLEjROdGRwAAABwDOeee24UFBTE6NGjxY0TmMABAAAA
TZgzZ05nD4EmWKICAAAAJJ7AAQAAACSewAEAAAAknsABAAAAJJ7AAQAAACSewAEAAAAknsABAAAA
JJ7AAQAAACSewAEAAAAknsABAAAAJJ7AAQAAACSewAEAAAAknsABAAAAJJ7AAQAAACSewAEAAAAk
nsABAAAAJJ7AAQAAACSewAEAAAAknsABAAAAJJ7AAQAAACSewAEAAAAknsABAAAAJJ7AAQAAACSe
wAEAAAAknsABAAAAJJ7AAQAAACSewAEAAAAknsABAAAAJJ7AAQAAACSewAEAAAAknsABAAAAJJ7A
AQAAACSewAEAAAAknsABAAAAJJ7AAQAAACSewAEAAAAknsABAAAAJJ7AAQAAACSewAEAAAAknsAB
AAAAJJ7AAQAAACSewAEAAAAknsABAAAAJJ7AAQAAACSewAEAAAAknsABAAAAJJ7AAQAAACSewAEA
AAAknsABAAAAJJ7AAQAAACSewAEAAAAknsABAAAAJJ7AAQAAACSewAEAAAAknsABAAAAJJ7AAQAA
ACSewAEAAAAknsABAAAAJJ7AAQAAACSewAEAAAAknsABAAAAJJ7AAQAAACSewAEAAAAknsABAAAA
JJ7AAQAAACSewAEAAAAknsABAAAAJJ7AAQAAACSewAEAAAAknsABAAAAJJ7AAQAAACSewAEAAAAk
nsABAAAAJJ7AAQAAACSewAEAAAAknsABAAAAJJ7AAQAAACSewAEAAAAknsABAAAAJJ7AAQAAACSe
wAEAAAAknsABAAAAJJ7AAQAAACSewAEAAAAknsABAAAAJJ7AAQAAACSewAEAAAAknsABAAAAJJ7A
AQAAACSewAEAAAAknsABAAAAJJ7AAQAAACSewAEAAAAknsABAAAAJJ7AAQAAACSewAEAAAAknsAB
AAAAJJ7AAQAAACSewAEAAAAknsABAAAAJJ7AAQAAACSewAEAAAAknsABAAAAJJ7AAQAAACSewAEA
AAAknsABAAAAJJ7AAQAAACSewAEAAAAknsABAAAAJJ7AAQAAACSewAEAAAAknsABAAAAJJ7AAQAA
ACSewAEAAAAknsABAAAAJJ7AAQAAACSewAEAAAAknsABAAAAJJ7AAQAAACSewAEAAAAknsABAAAA
JJ7AAQAAACSewAEAAAAknsABAAAAJJ7AAQAAACSewAEAAAAknsABAAAAJJ7AAQAAACSewAEAAAAk
nsABAAAAJJ7AAQAAACSewAEAAAAknsABAAAAJJ7AAQAAACSewAEAAAAknsABAAAAJJ7AAQAAACSe
wAEAAAAknsABAAAAJJ7AAQAAACSewAEAAAAknsABAAAAJJ7AAQAAACSewAEAAAAknsABAAAAJJ7A
AQAAACSewAEAAAAknsABAAAAJJ7AAQAAACSewAEAAAAknsABAAAAJJ7AAQAAACSewAEAAAAknsAB
AAAAJJ7AAQAAACSewAEAAAAknsABAAAAJJ7AAQAAACSewAEAAAAknsABAAAAJJ7AAQAAACSewAEA
AAAknsABAAAAJJ7AAQAAACSewAEAAAAknsABAAAAJJ7AAQAAACSewAEAAAAkXkFnDwA6yrp16+LA
gQNHfz5r1qxIpVLtcu+qqqpYs2bN0Z/37ds3JkyY0C73PpGcLJ/nyeaDDz6IPXv2HP15cXFxTJky
pRNH1DId+Wf7/2PvzuOjru79j78z2ScbJCEESMKWhCUQQRYRFAHFDUXxumtdqrVaq7daq7e25bba
arVWrdel1xa11Cq4S1FBFgGRXWSTnbAnIUA2spBt8vuDH3MzSeY7M8kkmRNez8fDx8PJ+c75fs53
gvJ9z/meAwAAAHMRcKBFKioqVFlZqaqqKoWEhCgiIkJRUVEKDg7u6NKctm/frmPHjjlfjxgxwq8B
x3fffed8nZaW1ilv/H0dZ3FxsWpqapSQkCCbjQligej48eP66quv5HA4JEkhISGaMmVKB1flm7b8
sw0AAABzEXDAa/n5+dq2bZtyc3Ndvj09LTg4WN26dVOfPn00ePBghYTw63UmWblypTZv3ixJSkxM
1FVXXRVQgRckh8OhJUuWOMMNm82myZMnq3v37h1cGQAAANB63IHCo/Lyci1btkwHDx60PK6urk75
+fnKz8/Xhg0bdN5556lfv37tVCU6Ul1dnbZs2eJ8fezYMe3bt0/9+/fvwKrQ2Hfffafjx487X19w
wQVKTU3twIoAAAAA/2EOOSwVFRXpo48+chtuuJsWfvLkSS1cuFDffvttW5aHABEUFNRktkZoaGgH
VYPmFBYWujxudO655yojI6MDKwIAAAD8ixkccKuqqkqfffaZKisrnT8LCwvToEGD1KdPH3Xt2lVh
YWFyOBwqLy9XXl6etm3bpiNHjjiP//bbbxUdHa0BAwZ0xBDQTmw2m8aOHauVK1eqrq5O/fv3V1pa
WkeXhf+vvr7e5dGUYcOGaejQoR1cFQAAAOBfBBxwa82aNaqoqHC+jomJ0RVXXKGYmBiX42w2m2Ji
YhQTE6PMzExt2LBBa9ascbZ/8803SklJUVRUVLvVjvY3cOBADRw4UA6HgwVGA0xRUZF69uypnj17
ym63Kzs7u6NLAgAAAPyOgAPNqq2t1a5du5yvg4KCNHny5CbhRnOGDRum0tJSbd++3dnX+vXrdf75
57dZvQgchBuBJz4+XmPGjOnoMgAAAIA2xZ0ImlVQUKDa2lrn66SkJCUmJnr9/pEjR7qsz7F3717V
19f7tUYAAAAAAE5jBgea1Xgb2K5du/r0frvdroSEBB07dkzSqUVHS0pK1KVLF8v31dfX6+jRoyoo
KFB5eblqamoUGhqqqKgode/eXd26dfNtIC3gcDh0+PBhHTt2TBUVFQoJCVFUVJRSUlI81u+t2tpa
HTp0SMXFxaqoqFBQUJAiIyMVHx+vXr16tcv2qv4eZ3FxsUso5m0gVllZqby8PBUWFqqqqkpBQUEK
Dw9XQkKCkpOTFRER4dVYCgsLna9jYmIUHh4u6dTvVF5engoKCpzXOioqSsnJyUpKSvJxlK789Tk2
rt9ut8tutztfl5aW6uDBgyovL1d1dbUiIiLUrVs39ezZ06vFXK0+m+rqapWWljpfR0REKDo62qu6
G783MjLS46No1dXVOnTokI4fP66qqiqFhYUpMjJSPXr08ClEBQAAABoj4ECzGj9mUF1d7XMfKSkp
Cgn5v1+xuro6t8fW19dr8+bN2rJli8rKytweFxcXp+HDhyszM9Pneryxfft2rVmzRidPnmy2vXv3
7jr33HO9uuluTmVlpVavXq2cnByXG86GQkJClJmZqZEjR7b4PJ60xTgXL17sDLQk6e6777Z8XKWs
rEyrVq3Svn37nItfNmaz2dSvXz+dc845ljfOZWVl+uijj5yvx44dq6ysLG3btk3r1q1zO87Y2FiN
GzfO561S/f05VlRUuNQ/bNgwjR49WoWFhVq+fLny8/ObfV94eLiGDx/ucU2Nxp/NPffc4/z32tpa
ffzxx84ZVgkJCfqP//gPy/5O++6777Rx40bn6wsvvNDt1sAnT57Ut99+qx07dri9ZtHR0TrnnHPY
XhgAAAAtQsCBZsXGxrq8PnTokKqrqxUWFuZ1H6NHj/bquJMnT2revHkqKCjweGxJSYmWLFmiAwcO
aNKkSX5b76G+vl6LFy/Wnj17LI87cuSI5syZo5EjR/p8jkOHDmnhwoUew6La2lpt3bpVe/bs0SWX
XKLk5GSfz+VOe4zTG4cPH9aCBQs8XguHw6Hdu3fr4MGDuvjii9WjRw+v+q+srNTChQu1d+9ey+NK
S0v1xRdfaNSoURo+fLhXfbfH51hTU6Ndu3Zp6dKlbsMf6dROR6tWrVJxcbHGjx/vdf8N2e129erV
S4cOHZIkHT9+XCUlJYqLi/P43n379jn/PSwsTH369Gn2uPz8fC1cuNBl0eLmlJWVadGiRTp8+HCL
xwMAAIAzFwEHmtWtWzdFRUU5H1Wprq7WokWLdPHFF/v18YmamhrNnTvXZXq+zWZTSkqK4uPjFRIS
ooqKCuXm5qq4uNh5TE5OjiIjIzVu3Di/1PHNN980uekPCQlR9+7dZbfbVVVVpcLCQpWVlcnhcLjs
EuONQ4cOaf78+S6zWIKDg9WzZ0/Fxsaqvr5eJSUlysvLc97QVlVV6fPPP9ell16qnj17tn6Qavtx
eqOoqEjz5893+RY/IiJCPXv2VFRUlBwOh4qLi5tci/nz52vatGle3Xhv2rTJea1tNpu6deummJgY
1dXVqaioyOV3SZLWrl2rmJgYpaenW/bbXp/joUOHtHXrVuesitjYWOe26jvVnAAAIABJREFUzCdO
nFBBQYFL8LF9+3alpKSoX79+XvXfWHp6ujPgkE79+fIU+BQWFqqkpMT5uk+fPs3+tyE/P1+ff/65
y+cdHh6uXr16KSoqSjU1NSooKHD5b8D27dtlt9vbLGADAABA50TAAbeGDRumb775xvn64MGD+vDD
DzVmzBilpaX55RyrV692ubFJSkrShRde2OxuLVu2bNGKFSucr7dt26YhQ4Z4dcNr5fDhw9q6davL
zwYPHqzRo0e7zFipr6/X/v37tWzZMrePPDSnsrJSixcvdrkpTk9P17hx45zrRDQ8dunSpTpw4ICk
U7MAFi9erGuvvbbVj6u09Ti99c0337jc7GZkZGj8+PFNbo5LS0v15ZdfOn8/qqurtWLFCl122WUe
z3H6Wqenpzf7eEt+fr6WLFnisn7EypUrlZaW5naWUnt+jqeDg7i4OI0dO7bJIzSlpaVauHChy2Mn
mzdvbnHA0a9fPy1fvtz5uezdu9djwJGTk+PyOiMjo8kxJ0+e1IIFC1w+78GDB+ucc85psnbI/v37
tXjxYtXU1EiSNmzYoIyMjFb/+QYAAMCZg11U4FZWVlaTG6bi4mLNmzdPH3zwgTZv3uxxyrmV6upq
7dixw/nabrfr8ssvd7sV7ZAhQzRw4EDna4fD4fERBG+sWrXK5XVWVpbOO++8Jje6QUFB6tOnj6ZN
m+ZT2LBixQqXoCA9PV2TJk1qclMsnVqk8ZJLLnEJkCoqKrR69Wqvz+dOW4/TG+Xl5crNzXW+jouL
0wUXXNDsN/+xsbG6/PLLXa7ToUOHvP6dGzp0qCZNmtTs2h3JycmaOnWqIiMjnT+rrKzU5s2b3fbX
3p9jQkKCrrrqqmbXB4mNjdUll1zict0KCgqc4YCvQkJCXB4vOXbsmEv405yGj6dERUWpV69eTY5Z
tWqVKisrna+zs7N13nnnNbswau/evV1mZDkcDq1fv96HUQAAAOBMR8ABSxdeeKGGDBnS5OeFhYVa
uXKl3n77bX3yySf67rvvmkz79+T0N/PBwcEKDg5Wv379PK7xMWjQIJfXDb/BbomjR4/q+PHjztd2
u11jxoyxfE9MTIzOO+88r/ovKytzCWEiIiJ0/vnnW74nKChIEyZMcLkJ3LVrV6vCpLYep7ca/46k
pqZarqNit9tdZgac3mXHk65du+qcc86xPMZutzdZJ2bXrl3NHtven2NISIguvPBCy4CpcahQX1/v
MhvKV40X7rVap6W0tNTlXM0tCnrixAnt3r3b+To2NtbjZ5KRkeEScO7du7fFoQ0AAADOPDyiAktB
QUEaO3as+vbtq1WrVjV7c1lQUKCCggKtXbtW3bt3V1ZWlvr376+goCDLvpOTk3XXXXf5VE/j6eqt
fYSi8TT7gQMHerXGiLfbWe7YscNlrYSsrCyvtvWMiIjQwIEDnTMKHA6Hdu7cqWHDhnl13sbaepze
ahxmWO2Yc1pWVpa6d+/ufB0fH+/xPTExMV4tQJuZmam1a9c6Q4fS0lIVFxc32Sa3vT/Hnj17erVV
b5cuXZyPwUin1vtoqV69eslutzuvhdVjKt48nrJr1y6XazZkyBCP/00ICgrSgAEDtG7dOkmnHu3J
y8vz2yNxAAAA6NyYwQGv9OjRQ9OmTdOll16qlJQUtzcqR44c0eLFi/X+++9r//79fq+j8U251daz
3mgc2LR0DQN38vLyXF43dyPoTuNjGz7a4au2Hqe34uPjXYKH/fv3e3zMKC4uTv3793f+4+4RppYI
CgpS7969XX7W3KygQPkcG2s846kl2zmfFhQU5DITw+oxlYaPp8THxyshIaHJMYcPH3Z53bdvX6/q
SEpKcnntze5KAAAAgMQMDvgoLS1NaWlpqqio0J49e7Rv3z7l5+c7d3s4rbi4WPPnz9fgwYM1btw4
j9/cNlRdXa3jx4/rxIkTqq6udlmg0GrLzJYoKipy/ntISIhXswN80fBm2W63N9l+10piYqJCQ0Od
U/Rb8zhOW4/TW+Hh4crIyHCuvVJfX68FCxYoJSVFGRkZSk1N9fu6H55069ZN27Ztc75ueK1OC5TP
sa1lZma6rEOSk5PTZLZJeXm5S+jgbueZhtcxLCxMdXV1Htf1kNRkZsyJEye8qh0AAAAg4ECL2O12
DR06VEOHDtXJkye1Z88e7dixo8nN29atW1VbW6sJEyZY9ldXV6dt27Zp9+7d7fqNbcNvvKOjo/3a
t8PhcOm/JTMPYmJinGsdVFVVqb6+3qew6LS2HKevzj33XJWUlCg/P9/5s0OHDjm3KY2Pj1fPnj2V
kpKilJQUrx41aY3GYUXjxzwC6XNsawkJCYqPj3fW2lzA0fDxlKCgoGZns9TV1bk8PlZdXa1Zs2a1
qKbWzEoBAADAmYWAA60WERGhrKwsZWVl6fDhw1q1apXLgpY7d+5UampqswsRSqem7C9ZssSr9Rj8
qa6uzuURF08LnPqq8fogLem/8fatJ0+edNn5wxttPU5fhYWF6YorrtCmTZu0cePGJoFCYWGhCgsL
tWXLFueMj7POOqvZ3VD8VU9DjRe1DJTPsb2kp6drzZo1kv7vMZWGIVDDR4qSk5Ob/Vz8uTAoi4wC
AADAWwQc8KtevXpp2rRpmjdvnvMbeUlav359swHHoUOHNH/+fJcb8OjoaKWlpSkxMVF2u93l5tDh
cGju3LltUnvjx2xaq/E39P7o3x+zGfw9zpaw2WwaNmyYhgwZoj179mjPnj3Kz893eRxJOjXbYcuW
Ldq+fbtGjhyp7OzsNq+t8ecWqJ9jW8nIyNDatWud42w4i+PkyZM6cuSIy7HNafwoWVBQUIvHHMjX
CgAAAIGFgAN+Z7PZNGHCBL377rvO4KKoqKjJN8E1NTVasmSJ85igoCCdc845Gjp0qNvp+61dVLSh
09vTnu7T31Phw8PDXV63pP+GsxuCgoKa9OmNth5na4SEhGjAgAEaMGCAHA6HCgoKlJeXp8OHDys/
P995o1xbW6tVq1apurpaI0eO9GsNjWeQNJ6hESifY3uJiopSjx49nIuh7t271xlw5OTkOIOP01s7
N6fx+JKSknTVVVe1YdUAAAAAAQeaceTIEZeFBpOTkzVkyBCf+rDb7erevbvLjhElJSUuAUdOTo5z
S0pJys7Obpdv6BuKjIx0PhpTVlbm17URbDabIiIinI84lJSU+PR+h8PhssBiax5paMtx+ovNZlNy
crKSk5M1fPhwVVRUaPXq1dq1a5fzmA0bNigzM9OnRT49afy5NF7kNJA+x/aSmZnp/LN79OhRnThx
QjExMS67p6Slpbl9XCc4OFghISHOGTnt/fgZAAAAzkzM/UUTNTU1ysnJcf5z4MCBFvXT+Eax8Tff
jbeRHDBgQIvO0xoNdxOpq6trsp1qazXc8rKqqsplbRJPCgoKXB7ZaLx9pi/aepxtwW63a+LEiUpJ
SXH+zOFweNxW1lcNH7mQ1OyWp4HyObaXvn37KiTk//LvPXv2qLq62iWw9LRVbsPfufLycq92UAEA
AABag4ADTSQmJrq8PnLkSJO1EbxRXl7u8rrxN9cNZ29ITQOR5vh7m9jk5GSX1w13iPCHXr16ubze
uXOn1+9tfGzPnj1bXEdbj9Mb9fX1eu+99zR79mzNnj1b8+bN8+p9gwYNcnntz21D6+rqmgR43bp1
a3JcoHyO7SU0NFS9e/d2vt67d6/27dvn/PMXHh6utLQ0yz4aj7PhVrwAAABAWyDgQBMRERHq0aOH
83VNTY2+++47n/ooLi522e7VZrO5fKMrnZrG3tDprSmtfPvttz7V4Ul6errLoxrbt29vsiZDc7y9
wc3MzHT5Jnzbtm1Ngp3mlJaWupwjNDRUmZmZXp2zOW09Tm8EBQWptrZWJSUlKikp0eHDh72qofF6
Dg2vpzslJSVerdeydetWlxqSk5Nlt9ubHBcon2N7ajhD4+jRo/r++++dr/v16+dx8c/MzEyX37mt
W7d6PYujtLTU5XwAAACANwg40KwRI0a4vN6wYYPWr1/v1Q4SJ0+e1KJFi1yOTUlJaTJDo2vXri6v
169fb9nvunXrtGnTJpeftXZGx+kdW06rrq7W0qVLLd+zb98+bdiwwav+w8PDXWYg1NbWauHChZZ1
N3dMVlZWq7Z3betxeqtPnz7Of6+rq/MqsGocsjQOyppTUlKir7/+2vL3tbi4WOvWrXP5WePZIqcF
yufYnlJTU13CnoaPNXl6PEWSunTpor59+zpf19TUaOHChR5DrZKSEn3++ef65ptvtHjxYr8uLAwA
AIDOjYADzerZs6dLyFFfX69169bp/fff15YtW5o8fiKdeiRl06ZNev/9913WKAgODtaYMWOaHJ+R
keHyDW9ubq7mzZunY8eOOX9WV1engwcP6t///nezAYg/dgQ599xzXb6d37dvn+bOnesyA0U69WjE
ihUrtGDBAp+ClVGjRqlLly7O1/n5+fr000+brP0gSXl5efrkk09crkHXrl2bBE4t0dbj9MawYcMU
GhrqfL1lyxZ9+eWXysvLa3JsRUWFli1b5hJwhIeHu4QkVnbu3KnPPvusyXoj9fX1ysnJ0Zw5c1RT
U+P8eWJiotLT0932FyifY3sJCgpqdpeUmJiYJo88uTNu3DiXkOTYsWP6+OOPtW/fvibhU3V1tTZt
2qSPPvrIOdNj3759Pi/qCgAAgDMXu6jArREjRig0NFSrVq1y/qy4uFgrVqzQihUrFBERoYiICNXX
16uqqsq5y0RDwcHBmjRpksuN4WkJCQkaNGiQtm7d6vzZgQMHdODAAYWEhCg4OFjV1dUuN0IhISGq
r693fqvbXNDiq9jYWI0dO1bLli1z/iw3N1effPKJwsPDFRER0WR8YWFhqqmp8WpGS0hIiCZPnqzP
PvvM+VjD0aNH9emnnyoqKkoxMTGSTk3Lb/zYg91u1+TJk5s8zhOI4/SG3W7XhAkTtHDhQmef+/bt
0759+xQZGamYmBiFhoaqoqJCxcXFTc573nnneTUDIigoSPX19crNzdXHH3+s6OhoRUdHq76+XiUl
JU1+V0NDQzV+/HjLnWUC5XNsT5mZmdqyZYvLz6xCoMYiIyN10UUXad68ec4wsrS0VF9++aXCw8PV
pUsX5+fd+LEim82mSZMmeTVjBwAAAJCYwQEPsrOzNWXKlCYLj0qnHkUpLi5u9oZROjVFfcqUKS7T
1BsbO3Zss98S19bWqqqqyuUGNyoqSldeeaXi4uJcjvNm7Q5PBg4cqDFjxjRZV6CqqqrJ+CIiInTF
FVc0WRvCSteuXXXllVc2eSynvLxc+fn5ys/Pb3JTHB8fr6lTpzYbDrVUW4/TG3379tWFF17oMpND
kiorK1VQUKDDhw+rqKioSbA1ceJE9e/f36tzpKamKisry/m6rKxM+fn5OnLkSJPf1bCwME2ePLnZ
3/HGAuVzbC+JiYlNxurN4ykNJScna+rUqU229q2qqtKRI0d06NAhFRYWuoQbdrtdV155pdezdQAA
AACJGRzwQq9evXTNNdcoJydHO3bsUF5enttdVWw2m7p3764BAwYoPT3d40KENptNF110kXbu3KkN
GzaouLi4yTGRkZHKzMzU2WefrdDQUCUnJ7uEGvv37/fLt7zZ2dnq0aOHVq9erby8vCazB8LCwpSe
nq6RI0c6Z680F+y4ExcXp2uvvVbff/+9tm/f7jaYiY+P16BBgzR48GDLGQUt1dbj9Ea/fv2UlJSk
TZs2affu3W77Dw8PV//+/TVs2DBFR0f7dI5x48apT58++vbbb3XkyJEm4wwODlbv3r01ZswYn/oO
lM+xvaSnp2vt2rWSTu0w05KgJj4+Xtdff722bt1qec0iIiKUkZGh4cOHe7WrEgAAANBQ0BOZb/hn
7nkA+c2OOzu6hE7N4XCosLBQpaWlqqqqUlBQkMLDwxUVFaWEhIRWTcMvKSnR8ePHVV1drdDQUEVH
RyspKandbxArKip07NgxVVRUKDQ0VFFRUUpKSvIY2PiirKxMRUVFqqyslHQqyOnatavPN/Kt0R7j
9EZRUZFKSkqcs3bCw8MVFxenrl27evXZl5aWatasWc7XaWlpuvTSS52vT548qaNHjzqvdVRUlLp1
6+aXBT8D4XM0TXl5uQoLC1VZWSmHw6GwsDDFxcUpPj7e6DAIAADANE8OeLOjS/ArZnDAZzabTYmJ
iV5N6fdVXFycyyMoHcVut7vsOtIWTq8L0ZHaY5ze6Nq1a5NHIfwpIiJCqampbdJ3IHyOpomKilJU
VFRHlwEAAIBOhjU4AAAAAACA8Qg4AAAAAACA8Qg4AAAAAACA8Qg4AAAAAACA8Qg4AAAAAACA8Qg4
AAAAAACA8dgmFoDxwsPDlZ2d7XwdHx/fgdUAAAAA6AgEHACMFx4erjFjxnR0GQAAAAA6EI+oAAAA
AAAA4xFwAAAAAAAA4xFwAAAAAAAA4xFwAAAAAAAA4xFwAAAAAAAA4xFwAAAAAAAA4xFwAAAAAAAA
4xFwAAAAAAAA4xFwAAAAAAAA4xFwAAAAAAAA4xFwAAAAAAAA4xFwAAAAAAAA4xFwAAAAAAAA4xFw
AAAAAAAA4xFwAAAAAAAA4xFwAAAAAAAA4xFwAAAAAAAA4xFwAAAAAAAA4xFwAAAAAAAA4xFwAAAA
AAAA4xFwAAAAAAAA4xFwAAAAAAAA4xFwAAAAAAAA4xFwAAAAAAAA4xFwAAAAAAAA4xFwAAAAAAAA
4xFwAAAAAAAA4xFwAAAAAAAA4xFwAAAAAAAA44V0dAGAaXJycrR79+4mP+/Vq5eysrI6oCIAAAAA
AAEH4KM1a9boueeea/LzG2+8kYADAAAAADoIj6gAAAAAAADjEXAAAAAAAADjEXAAAAAAAADjEXAA
AAAAAADjEXAAAAAAAADjEXAAAAAAAADjEXAAAAAAAADjhXR0AYApqqurtX//fu3atavZ9ry8PO3f
v1+pqamy2cgOYQ6Hw6FDhw4pNzdXBQUFqqioUHV1tcLCwhQZGalu3bopOTlZaWlpCgkJrP9tmFy7
P5g8fpNrBwAAgYm/McArVVVVeuKJJ/zWn81mU2hoqMLCwmS325WYmKjExESlpKQoNTVVMTExfjtX
axQUFGjx4sVasGCBvv/+e9XW1ro9dunSpVq6dKmio6M1cuRIXXTRRZowYYIiIiLasWL/Wbhwob76
6qsOOfdjjz2m2NjYDjm3lc50TU6ePKk1a9Zo4cKFWr58uUpLSz2+JzIyUmPGjNGkSZM0bty4DvuM
TK7dH0wev8m1AwCAwBf0ROYb9R1dhL/9ZsedHV1Cp1NRUaHx48e32/mysrI0ZswYXXDBBRo4cGC7
z4jYu3evXnvtNS1evLhV/cTGxur666/XrbfequjoaD9V1z6ee+45zZo1q0PO/cUXX6hbt24dcm4r
neGaVFVV6ZNPPtFbb72lo0ePtrifqKgo3Xzzzbrpppva7YbT5Nr9weTxm1w7AACd2ZMD3uzoEvyK
gANeae+Ao6F+/frpBz/4gS6++GKFh4e36bkqKir01ltv6a233pLD4fBbv7169dL06dM1YsQIv/XZ
1h599NFWBzwtFagBh+nXZNOmTfr973+vnJwcP1UlJSQk6LHHHtOkSZP81mdzTK7dH0wev8m1AwDQ
2XW2gIOFAhDwcnJy9Lvf/U433XSTVqxY0WbnKSws1IMPPqg33njDr+GGJB0+fFg//vGP9a9//cuv
/bal/Pz8ji4h4Jh8TT788EPdfffdfr3JlKTjx4/r0Ucf1QsvvGD5CFdrmFy7P5g8fpNrBwAA5iHg
gDEOHDigBx98UH/+859VVVXl177z8vL0ox/9SBs2bPBrv4298MILmj17dpuew1/y8vI6uoSAY+o1
eeONN/T000/7Pbhr6F//+peefPJJ1dTU+LVfk2v3B5PHb3LtAADATCwyCuO8++67OnDggJ5++mnZ
7fZW91ddXa1f/epX2r9/vx+q8+xPf/qT4uPjNXny5HY5X0tUV1erqKioo8sIKKZek48++kivvvqq
V8fabDZlZWUpNTVVERERqqqq0uHDh7Vt2zavQsXPPvtMcXFxevjhh1tbtiSza/cHk8dvcu0AAMBc
BBzwi6ioKJ199tk+vaesrEwlJSUqKiry+cbxm2++0eOPP67nnnuu1dsHvvzyy9q0aZPH47p3765L
L71UZ511llJTUxUVFaWIiAiVlZWpsLBQmzZt0vz58/X999977OuPf/yjRowYofj4+FbV3lYKCws7
uoSAY+I12bp1q5599lmPx2VlZem2227TmDFjFBUV1aS9qqpK3333nWbPnq2vv/7asq933nlH2dnZ
uuiii1pct2R27f5g8vhNrh0AAJiNRUbhFU+LjA4ePFgzZ85scf/FxcXatWuXvv/+e3300UfKzc31
6n133XWX7rvvvhafd+fOnbr55pstj4mMjNQjjzyiSy+91KtFTpcsWaJnnnnG404BU6dO1fTp032q
t71s3bpVt912W7NtycnJft0yuDlDhgxRWFhYm57DV6ZdE4fDobvvvtsyvLPZbPr5z3+u6667zuud
ipYtW6bp06errKzM7THdunXT+++/3+Kdg0yu3R9MHr/JtQMAcCbqbIuMMoMDAaFLly4aNWqURo0a
pVtuuUXLly/Xc889pyNHjli+780339SECRM0aNCgFp337bfftmzv1q2bXnrpJWVkZHjd54QJEzRk
yBD9+Mc/tnzsZc6cObr55puVnp7udd/txWpGTd++fX2erdMZmHZNvvrqK483mc8995zPuyONHz9e
f/vb33TvvfeqpKSk2WOOHj2q999/X3fe2bKw2eTa/cHk8ZtcOwAAMB+LjCLghIaGauLEifrnP/+p
sWPHWh7rcDj02muvteg8ubm5+vzzz92222w2PfXUUz6FG6clJibqf/7nf9S1a1fL4+bNm+dz3+3h
+PHjbtuSk5PbsZLAYdo1eeeddyzbH3nkkRZv/ZyRkaGnn37a8ph3331XJ0+ebFH/JtfuDyaP3+Ta
AQCA+Qg4ELDi4+P17LPPKjs72/K4FStWaOvWrT73v27dOsv266+/XsOHD/e539N69uyphx56yPKY
jz/+2O87wviD1c18UlJSO1YSOEy6Jjt37tTGjRvdtg8fPlzXXnttq84xevRoyz4KCwtbtK2zybX7
g8njN7l2AADQORBwIKBFRETo6aef9vhM9aJFi3zue/369ZbtN9xwg899NnbppZdq6NChbttLSkq8
WuC0vVmtH9K9e/d2rCRwmHRNli9fbtn+ox/9yOu1D6zcfvvtlv0sWbLE5z5Nrt0fTB6/ybUDAIDO
gYADAa979+5uF3c8bcGCBT73u3r1ardtAwYMUGpqqs99Nmaz2XTNNddYHrNr165Wn8ffrG7mExMT
27GSwGHSNbEK/NLS0jRy5Ei/nKdHjx6Wu1YsWrTI58cFTK7dH0wev8m1AwCAzoGAA0a49tprFRoa
6rY9NzdX+fn5XvdXV1dnecM6atQon+qzMmHCBMutbL3ZVra9WV3LhISEdqwkcJhyTQoLC7Vjxw63
7ZdddplfvkU/beLEiW7bqqqqtHv3bq/7Mrl2fzB5/CbXDgAAOg8CDhghNjbWY+iwd+9er/s7ceKE
Zbs/11SIiYlRVlaW23arZ9Y7yuHDh922BdLNfHsy5Zp4urHz924vZ511lmW7L+vjmFy7P5g8fpNr
BwAAnQcBB4wxZswYy3ZPW8o2VFZWZtnuac0PX1ktlJqfny+Hw+HX87XGyZMnVVpa2mybzWbzuDNM
Z2TSNdm5c6dl+8CBA/16vqSkJMvHuay+1W/M5Nr9weTxm1w7AADoPAg4YAxPW3EWFhZ63ZenqdLl
5eVe9+WNlJQUy/bKykq/nq81ioqK3Lb16NFDwcHB7VhNYDDpmuzfv99tW+/evRUVFeX3cw4aNMht
W05Ojtf9mFy7P5g8fpNrBwAAnQcBB4wRGxtr2e7LonIRERGW7QUFBV735Q1Pf7n3d6DSGlY38/5Y
eNVEJl0TqxvNjIyMNjln37593bbt3LnT6xlKJtfuDyaP3+TaAQBA5+F+5UMgwFgtMipJ9fX1XvfV
pUsXhYaGqqamptn2lStX6j//8z99qs9Knz59dN1117ltD6QZAMePH3fb5mkWTWdl0jWxWoumR48e
bXJOqzVrqqqqVFJS4tVjPCbX7g8mj9/k2gEAQOdBwAFjlJSUWLbHxMR43ZfNZtOgQYO0adOmZtt3
796tnTt3KjMz06ca3Rk4cKDfn0FvK1aP+vhz8VWTmHJNampqLGebtNViqJ769eZG0+Ta/cHk8Ztc
OwAA6Fx4RAXG8LQNbFxcnE/9DR8+3LJ9xowZPs0K6SyOHTvmtq179+4e3+9wONzOjDGVKdfE0+K5
nh7zailPj2C5W6C1IZNr9weTx29y7QAAoHNhBgeMsXLlSst2X9dCGDt2rP7xj3+4bV+0aJE+/vhj
XXPNNT71azqrm/nExETnvzscDm3ZskWbN2/Wjh07tH37dh0/ftw50yYkJERJSUnq16+fBg4cqOzs
bA0bNkx2u73Nx+BvplwTTzeabXXtPd1oeqrLm2MCuXZ/MHn8JtcOAAA6FwIOGKG4uNhjwOHrQnZn
nXWWUlNTdfDgQbfH/PGPf1RISIimTp3qU98ms1pgNSEhQXl5efroo480d+5cHT161O2xtbW1ys3N
VW5urpYvXy7p1I3OFVdcoRtvvFFpaWl+r72tmHJNPC20GxYW1qr+3QkJsf5fSVVVlcc+TK7dH0we
v8m1AwCAzoVHVGCEd955R7W1tW7bzzrrLJ/W4JBO/eX4jjvusDzG4XDoiSee0G9/+1vLhSY7k7y8
PLdtb731lq666iq9+eabljfy7lRUVOi9997TtddeqxdffDGgdo+xYso1sfozInm+IWwpT/1WV1d7
7MPk2v3B5PGbXDsAAOhcCDgQ8Pbt26e3337b8php06a1qO8pU6ZVoRWWAAAgAElEQVRo8ODBHo+b
O3eupk2bpjfffNPjYqemy83Nddu2cOFCv2y96HA49Pbbb+sHP/iBcnJyWt1fWzPlmtTV1bW6jpYI
CgqybPfmm3STa/cHk8dvcu0AAKBzIeBAQCstLdWjjz5q+U1cVFSUJk6c2KL+Q0JC9OSTT3r1jHhF
RYVeeeUVXXnllXrppZcst0U0VUVFRbs+t37gwAHdcccd2rx5c7ud01cmXRN/BC0dxeTa/cHk8Ztc
OwAA6FwIOBCwjhw5ooceesjjt9n333+/x8XmrPTu3Vsvvvii18+JV1RUaObMmbruuut077336rPP
Pus0szqstnpsKxUVFfrpT3+q3bt3t/u5vWHSNTF51x+Ta/cHk8dvcu0AAKBzYZFRBByHw6Fly5bp
qaeeUmFhoeWxAwYMaPHjKQ2dffbZmjFjhn7xi1943I62oXXr1mndunUKCQnR5MmTdfnll2vUqFFt
9sx5W2vJzXx0dLTS0tIUHR0tm82mY8eOKS8vz6e1JMrLy/Xoo4/qrbfearMtJVuKawIAAACYwcy7
MHQ6DodDe/fu1caNGzVr1iyv1iCIjY3VU089pdDQUL/UMGjQIL311lv6zW9+o7Vr1/r03traWn3x
xRf64osvlJSUpGuuuUZXX321yxaiJvAUKJ2WnZ2t66+/XmeffbaSkpKaPSYvL09r167VF1984dX1
PHDggF555RX98pe/9KnmtsY1AQAAAMxAwAG/yMvL03PPPefTe6qqqlRSUqLi4mLt3r1bpaWlXr/X
ZrPpT3/6k3r37u1rqZYSExP1yiuvaM6cOXrppZd8qum0goIC/fWvf9Ubb7yhG2+8UTfeeKPbG95A
42mnmK5du+pnP/uZLrvsMtls1k+49ejRQ1OnTtWVV16ppUuX6vnnn7dcrFOSPvzwQ11xxRUaOnSo
z7W3Fa4JAAAAYAYCDvhFUVGRZs2a1S7nio6O1p///GeNGDGiTfq32Wy6+uqrdf755+vvf/+7Pvzw
wxYtolddXa2ZM2fq3Xff1X333acbb7zR63U+OsqUKVPUv39/bdiwQatWrdL69eudW0COHDlSTz75
pLp16+ZTn0FBQZowYYKGDh2qBx54QDt37rQ8fsaMGXrxxRdbPAZ/45oAAAAAZiDggFEyMjL0hz/8
Qf369WvzcyUkJOixxx7T7bffrvfee0+zZ89u0baDNTU1eumllzRv3jz9+te/9mpb2o4SFham7Oxs
ZWdn67bbblNFRYW2bdumgwcPasqUKa16HCghIUEvv/yy7r33XstHkJYvX649e/aof//+LT6XP3FN
AAAAADOwiwqMEBISovvvv1//+Mc/2iXcaCg5OVkPPvigPv/8c02fPl1nn312i/rZuXOnfvjDH+rz
zz/3c4Vtx263a8SIEbr66qv9stZJfHy8fvvb33p8lGP+/PmtPldb4ZoAAAAAgYmAAwHNbrfrhz/8
oT799FPdeeedHfqIR1xcnKZOnarXX39dH3/8sR544AGf1wCpra3V9OnT9frrr7dRlYFv8ODBuuOO
OyyPWbhwYfsUEyC4JgAAAEDrEXAgoP30pz/VT37yE3Xv3r2jS3GRmpqq22+/Xe+//75mzpzp8/oa
r7/+uj799NM2rDCwXX/99ZZb6R44cECHDh1qx4o6HtcEAAAAaB3W4IBf2O12DRkyxOf31dXV6dtv
v3XbPmPGDE2ZMkVRUVGtKa/N2Gw2DR48WIMHD3bONHnzzTdVUVHh8b1PP/20+vbtq+zs7HaoNLAk
Jibqyiuv1Mcff+z2mN27dyslJaUdq+pY/rgmQUFBbVFaq1kFN6eZXLs/mDx+k2sHAACdC//3h1/0
6dNHr776aove++ijj2rx4sXNth0/flyzZs3SXXfd1Zry2kV8fLzuvPNOTZkyRa+++qrmzp1reXxt
ba1eeOEFzZgxw+P6C53R+eefb3kzn5OTowkTJrRfQQGgtdfE0w1dXV1dS0uzVF9fb9nuzY2mybX7
g8njN7l2AADQuZx5d1UIOPfcc49l+xtvvKGCgoJ2qqb1kpKS9Nvf/lbTp0/3+BfszZs3a/Xq1e1U
WWAZOHCgZXteXl47VRI4WntNPD0m1ZLtjr1RU1Nj2e7NjabJtfuDyeM3uXYAANC5EHCgw6Wnp2va
tGlu26uqqjRjxox2rMg/pk6dqueff97j7IxZs2a1U0WBJSkpSYmJiW7bjxw50o7VBIbWXhNPN5ot
2ebYG55uNCMjIz32YXLt/mDy+E2uHQAAdC4EHAgId955p+W3bR9++KF27drVjhX5x9ixY/Wzn/3M
8pjVq1ersrKynSoKLElJSW7bTpw40Y6VBI7WXJPo6GjL9rKyshbV5El5eblle0xMjMc+TK7dH0we
v8m1AwCAzoWAAwGhZ8+euuWWWyyPeeWVV9qpGv+67rrr1LdvX7fttbW12rZtWztWFDi6du3qtu1M
DX1ac01iY2Mt20tLS1tUkyeebjQ93QBLZtfuDyaP3+TaAQBA50LAgYBxyy23WO6Wsnz5ciPXqwgN
DfUY3pg4O8UfgoOD3bYF6s4Mba011yQkJEQJCQlu29tqLZtjx45ZtsfFxXnsw+Ta/cHk8ZtcOwAA
6FxYgQsBIz4+XnfddZdeeuklt8e89NJLmjlzpuVNoJWNGzfqm2++cdt+6623evw2siVGjx5t2V5c
XOz3c5rAatxn6vPzrb0mvXv31vHjx5tta6uFW63WBrHb7erSpYtX/Zhcuz+YPH6TawcAAJ0HAQcC
yrXXXqt33nnH7TdzO3bs0Pz583X55Ze3qP/9+/frjTfecNt+5ZVXtknAkZycrJCQENXW1jbbXlJS
4vdzmsDqZv5M/fa1tdekb9++Wr9+fbNtbfUo1N69e9229e/f3+vZOCbX7g8mj9/k2gEAQOdBwIGA
Yrfbde+99+r3v/+922NefvllTZgwQXa73ef+IyIiLNvbajE8m82mxMRE5efnN9ve0QtqzpkzR99+
+22zbWPGjNFll13m93NWV1crNzfXbXv37t39fk5fmHpN+vTp47bt2LFjOnbsmOVOLS3x/fffu23r
16+f1/2YXLs/mDx+k2sHAACdBwEHAs7ll1+umTNn6sCBA822FxQU6IMPPtBtt93mc9+epiwfPXpU
gwYN8rlfb1jN0ggNDW2Tc3qrpKREn332WbNtxcXFbXIzv3fvXrczWiQpLS3N7+f0hanXJCMjw7J9
27ZtOv/8832uzZ28vDzLRwV8+fNkcu3+YPL4Ta4dAAB0HiwyioATFham+++/3/KYv//97x4XmGtO
t27dLNvbarHP8vJyyx0wOnq1f6sb5w0bNljedLfU9u3bLdvT09P9fk5fmHpNMjMzLdvXrFnjU02e
bNq0ybLdUz2+HBvItfuDyeM3uXYAANB5EHAgIE2cOFFZWVlu2ysqKvTWW2/53G+vXr0UEuJ+4pLV
AqStsWXLFsv25OTkNjmvt6xuBsrLy7Vhwwa/n3Pu3Llu22w2mwYOHOj3c/rC1GsSGxtr+Wdn/vz5
qqmpaVF9zVm0aJHbtvDwcJ9uNE2u3R9MHr/JtQMAgM6DgAMByWazeZzF8d5771kuMtecsLAwDR06
1G37pk2blJOT41Of3li6dKlle9++ff1+Tl8kJycrNTXVbfu8efP8er5du3bpu+++c9s+YsSINlns
1RcmX5MLL7zQbVthYaG+/vprn+trTl5enpYsWeK2ffz48R7XvWnM5Nr9weTxm1w7AADoHAg4ELBG
jx6tsWPHum13OBx67bXXfO7X03Pgb775ps99Wtm7d68++OADy2MGDBjg13P6KigoSJMnT3bbPmfO
HJ/DJHfq6+v1+uuvWx7TFutb+MrkazJu3DjL9r/97W9++Tb93XfflcPhcNs+YcIEn/s0uXZ/MHn8
JtcOAAA6BwIOBLR7773Xsn3x4sVud7pw57zzzrNs/+KLL9wuLumriooKPfXUU5Z/GR89erTi4+P9
cr7WuPjii922ORwOvfDCC6qrq2v1eRYsWKCvvvrKbXtkZGTA3KCYek369++vs88+2237rl279O67
7/pSYhNbt27VrFmz3LZHR0e3aFFJU2uvra1VTU1Ns//48jti6vgls2sHAACdAwEHAtrgwYN1+eWX
Wx7z8ssvWwYIjfXr10/nnnuu5TG/+93v9N577/nUb2NlZWX61a9+ZfnYgSRdffXVLT6HP6Wnp1t+
A7tixQo9//zzqq+vb/E51q9fryeffNLymJtvvrlFj6fk5OTovffe02uvvaZ//vOfWr9+fas+P8ns
a3LTTTdZtr/88sstXnPm6NGj+vWvf215fa+99toWbeUsmVn7L3/5S5177rnN/vPMM8/41JeJ4z/N
5NoBAID5CDgQ8O6++27ZbO5/VTdv3qyFCxf61Oddd91l2e5wOPTss8/q7rvv1saNG33qu76+XmvW
rNEtt9zi8Znz3r17B8xsBUm67777LNtnz56t//7v/1ZpaanPfS9ZskQPPPCA5W4ysbGxuuGGG3zq
t76+Xi+//LKuv/56Pfvss5oxY4b+8pe/6J577tFDDz2k8vJyn2ttyMRrIkkXXHCBsrOz3bY7HA49
8sgjmj9/vk/9HjhwQPfff7/bbZwlKSoqSjfffLNP/TZkcu3+YPL4Ta4dAACYL3hiwlW/7egi/O2C
B4Z3dAmdTk1NjeXaFN26ddO0adPa5NxxcXEqKSmx3Ilk27ZtmjZtmuUOKQ0lJyfr2LFj2rZtm+Vx
R44c0Zw5c7Ry5UrZbDZFREQoNjZWQUFBLsfV1NQoJydHS5cu1R/+8AfNnDlTJ06c8FjH73//e/Xp
08ermttDYmKiTp48aRnq7Nq1S/PmzVNwcLBSU1MtF/NzOBzaunWrnn76af3973/3OFX/l7/8pc46
6yyfav7iiy/0wgsvNNt28OBBlZaWtmrKuonXRDq1hkh6errmzJnjdoaJw+HQ4sWLtXfvXvXu3VsJ
CQlu+ysqKtLs2bP1+OOPe9yi+aGHHtLIkSN9rtnk2hcsWKB9+/Y12zZo0CCffgdNHH9nqB0AgDPR
spf9vzNgRwp6IvONls+tDlC/2XFnR5fQ6VRUVGj8+PFu2wcPHqyZM2e22fkLCgo0bdo0VVVVuT3m
4Ycf9unbu4qKCt17773aunWrT7XExsYqOTlZXbp0UWVlpYqLi5Wfn+/z4nm33367HnjgAZ/e0x6q
qqp0//33e7UNqs1m05AhQ3TWWWcpMTFRMTExqqurU1FRkfLz87Vs2TKPNyWnXXbZZXriiSeahEee
3HTTTdq1a5flMfPnz7e8ifLEtGvS0DvvvKPnn3/eq2MzMzM1evRopaSkKDIyUjU1NSooKND333+v
1atXq7a21mMfEydO1DPPPGM568pbJtX+i1/8wu06Ktdcc40ef/xxn/s0afyNmVw7AABnkicH+HeD
hY7m3dfdQAdLSkrSHXfcof/93/91e8zrr7+uSy+91OsFO+12u/7yl7/o4Ycf1ubNm72upbS0tEWP
IzR0xRVX6Cc/+Umr+mgr4eHh+tOf/qT7779fO3futDzW4XBo06ZN2rRpU6vOmZ2drf/6r//y+Ua+
srLSY7ghSfv27WtVwGHSNWnsxhtvVG5uruXCjKft3LnT4/isZGdna/r06X67yTS5dn8wefwm1w4A
AMzF3wZgjBtuuEFxcXFu28vKynyeRdK1a1e9+uqrLVrjoKXuu+8+TZ8+XcHBwe12Tl917dpVf/3r
Xz1u++gP2dnZ+vOf/6yoqCif3+vtzX9rQwLJnGvSmM1m08MPP6w77rij9YVZGD16tF588UXFxMT4
rU+Ta/cHk8dvcu0AAMBcBBwwRmxsrO655x7LY9555x3LReiaExkZqV/84hd6/vnnW/UtvydJSUl6
8cUXdddddxnxTWNsbKxeeOEF/fznP1dYWFibnGPatGl69dVX1bVr1xa9PyIiQoMHD7Y8xmazqV+/
fi3qvzETrklzbDabfvrTn+qpp55SdHS03/o97dZbb9WLL77Yot1vPDGldquddEJDQ1vcrynjb47J
tQMAADMF/l0W0MBVV12lnj17um13OBz661//2qK+x48fr48++kgPPfSQX//CHBsbq4cfflgffPCB
zjvvPL/12x5sNptuuukmffjhh7r66qv9FswMGDBAr776qn71q19ZLsjpjTvvtF5z59Zbb1WXLl1a
dY6GTLgm7lx88cV67733NHXqVL/UnZ2drRkzZuhnP/tZmwU+pwV67YWFhW7b/PHfk0AfvxWTawcA
AGZhkVF4paMXGW3o888/1/Tp0y2PmT17tvr379/ic5SWlurrr7/Wl19+qZUrV8rhcPj0/tDQUE2c
OFGTJk3SmDFj2uTby46Qm5ur+fPna+7cudq/f79P742MjNTkyZN1ySWXaNSoUX6dxfLuu+/qpZde
arLQ69SpU/XYY48pPDzcb+dqLFCviScHDhzQ3Llz9e9//1tHjx71+n2hoaG6+OKLNWXKFI0aNcov
j//4KhBrv/jii92GHL/5zW901VVX+e1cgTh+b5lcOwAAnVFnW2SUgAPwoLCwUDt37tS+ffu0ceNG
LViwoMkxkZGRuuGGG9SvXz/16dNHffr0kd1u74Bq28+hQ4e0Y8cO5eTkKC8vT8ePH1dlZaWCgoIU
ERGhuLg4JScnq1evXsrIyFD//v3bNGg4fvy4Nm7cqKKiIkVGRmrQoEHq27dvm52vOYF2TbzhcDiU
k5Ojbdu26cCBAzp8+LDKyspUWVmp0NBQRUdHq3v37kpJSdGAAQM0YMAARUZGdmjNpwVK7Z4C4Dfe
eEPZ2dl+P2+gjL8lTK4dAIDOhIDDAAQcaCs5OTm6/vrrm/y8Z8+emjNnTgdUBKCjrVu3Tvfee2+z
beHh4Vq0aFGbPXYEAADQGp0t4GANDgAAWmHt2rVu28aPH0+4AQAA0E4IOAAAaCGHw6GvvvrKbfsl
l1zSjtUAAACc2Qg4AABooTVr1ignJ6fZtoSEBI0dO7adKwIAADhzEXAAANBC77zzjtu222+/nW1M
AQAA2hEBBwAALbBhwwatWLGi2bbExERdffXV7VwRAADAmY2AAwAAH1VXV+uZZ55x2/7II490+q2i
AQAAAk1IRxcAmKRLly568MEHm/ycGxngzDJr1izt2rWr2bZLLrlEF110UTtXBAAAAAIOwAfx8fG6
7bbbOroMAB1swoQJWrZsmTZs2ODy80GDBunxxx/voKoAAADObDyiAgCAj9LS0vTaa6/p/vvvl81m
c/7sueeeU1RUVAdXBwAAcGZiBgcAAC0QGhqqO++8U+ecc45mzpypRx55RImJiR1dFgAAwBmLgAMA
gFYYPHiw/vjHP3Z0GQAAAGc8HlEBAAAAAADGI+AAAAAAAADGI+AAAAAAAADGI+AAAAAAAADGI+AA
AAAAAADGI+AAAAAAAADGI+AAAAAAAADGI+AAAAAAAADGI+AAAAAAAADGI+AAAAAAAADGI+AAAAAA
AADGI+AAAAAAAADGI+AAAAAAAADGI+AAAAAAAADGI+AAAAAAAADGI+AAAAAAAADGI+AAAAAAAADG
I+AAAAAAAADGI+AAAAAAAADGI+AAAAAAAADGI+AAAAAAAADGI+AAAAAAAADGI+AAAAAAAADGI+AA
AAAAAADGI+AAAAAAAADGI+AAAAAAAADGI+AAAAAAAADGI+AAAAAAAADGI+AAAAAAAADGI+AAAAAA
AADGI+AAAAAAAADGI+AAAAAAAADGI+AAAAAAAADGI+AAAAAAAADGI+AAAAAAAADGI+AAAAAAAADG
I+AAAAAAAADGI+AAAAAAAADGI+AAAAAAAADGI+AAAAAAAADGI+AAAAAAAADGI+AAAAAAAADGI+AA
AAAAAADGI+AAAAAAAADGI+AAAAAAAADGI+AAAAAAAADGI+AAAAAAAADGI+AAAAAAAADGI+AAAAAA
AADGI+AAAAAAAADGI+AAAAAAAADGI+AAAAAAAADGI+AAAAAAAADGI+AAAAAAAADGI+AAAAAAAADG
I+AAAAAAAADGI+AAAAAAAADGI+AAAAAAAADGI+AAAAAAAADGI+AAAAAAAADGI+AAAAAAAADGI+AA
AAAAAADGI+AAAAAAAADGI+AAAAAAAADGI+AAAAAAAADGI+AAAAAAAADGI+AAAAAAAADGI+AAAAAA
AADGI+AAAAAAAADGI+AAAAAAAADGI+AAAAAAAADGI+AAAAAAAADGI+AAAAAAAADGI+AAAAAAAADG
I+AAAAAAAADGI+AAAAAAAADGI+AAAAAAAADGI+AAAAAAAADGI+AAAAAAAADGI+AAAAAAAADGI+AA
AAAAAADGI+AAAAAAAADGI+AAAAAAAADGI+AAAAAAAADGI+AAAAAAAADGI+AAAAAAAADGI+AAAAAA
AADGI+AAAAAAAADGI+AAAAAAAADGI+AAAAAAAADGI+AAAAAAAADGI+AAAAAAAADGI+AAAAAAAADG
I+AAAAAAAADGI+AAAAAAAADGI+AAAAAAAADGI+AAAAAAAADGI+AAAAAAAADGI+AAAAAAAADGI+AA
AAAAAADGI+AAAAAAAADGI+AAAAAAAADGI+AAAAAAAADGI+AAAAAAAADGI+AAAAAAAADGI+AAAAAA
AADGI+AAAAAAAADGI+AAAAAAAADGI+AAAAAAAADGI+AAAAAAAADGI+AAAAAAAADGI+AAAAAAAADG
I+AAAAAAAADGI+AAAAAAAADGI+AAAAAAAADGI+AAAAAAAADGI+AAAAAAAADGI+AAAAAAAADGI+AA
AAAAAADGI+AAAAAAAADGI+AAAAAAAADGI+AAAAAAAADGI+AAAAAAAADGI+AAAAAAAADGI+AAAAAA
AADGI+AAAAAAAADGI+AAAAAAAADGI+AAAAAAAADGI+AAAAAAAADGI+AAAAAAAADGI+AAAAAAAADG
C+noAtpTbW2tqqurVVtbK4fDofr6+o4uCQAAAAAAvwoKCpLNZlNISIjCwsIUEnJm3PqfEaOsq6tT
ZWWlampqOroUAAAAAADaVH19verq6lRXV6eqqiqFhoYqMjJSwcHBHV1am+r0AUd1dbXKy8s7ugwA
AAAAADpETU2NampqFBUVpbCwsI4up8106jU4CDcAAAAAADilvLxc1dXVHV1Gm+m0AUddXR3hBgAA
AAAADZSXl6uurq6jy2gTnTbgqKys7OgSAAAAAAAIOJ31frlTBhy1tbUsKAoAAAAAQDNqampUW1vb
0WX4XacMODrzM0UAAAAAALRWZ7xv7pQBR2dMogAAAAAA8JfOeN/cKQMOh8PR0SUAAAAAABCwOuN9
c6cMOOrr6zu6BAAAAAAAAlZnvG/ulAEHAAAAAAA4sxBwAAAAAAAA4xFwAAAAAAAA4xFwAAAAAAAA
4xFwAAAAAAAA4xFwAAAAAAAA4xFwAAAAAAAA4xFwAAAAAAAA4xFwAAAAAAAA4xFwAAAAAAAA4xFw
AAAAAAAA4xFwAAAAAAAA4xFwAAAAAAAA4xFwAAAAAAAA4xFwAAAAAAAA4xFwAAAAAAAA4xFwAAAA
AAAA4xFwAAAAAAAA4xFwAAAAAAAA4xFwAAAAAAAA4xFwAAAAAAAA4xFwAAAAAAAA4xFwAAAAAAAA
4xFwAAAAAAAA4xFwAAAAAAAA4xFwAAAA/D/27j3OqqruH/j34MAACiiKgOINwwviBRFRk0QR0zTL
RLy86NG0V9jFUiTTRwI0BVRKLc34lZak4pNSkBoqoiiS3ERBICTFB7lf5X4dmN8f/Gb/ZpgLM8OZ
y6b3+68zc/ZZe51z9t5n7c9ea20AIPUEHAAAAEDqCTgAAACA1BNwAAAAAKkn4AAAAABST8ABAAAA
pJ6AAwAAAEg9AQcAAACQegIOAAAAIPUEHAAAAEDqCTgAAACA1BNwAAAAAKkn4AAAAABST8ABAAAA
pJ6AAwAAAEg9AQcAAACQegIOAAAAIPUEHAAAAEDqCTgAAACA1BNwAAAAAKkn4AAAAABST8ABAAAA
pJ6AAwAAAEg9AQcAAACQegIOAAAAIPUEHAAAAEDqCTgAAACA1BNwAAAAAKkn4AAAAABST8ABAAAA
pJ6AAwAAAEg9AQcAAACQegIOAAAAIPUEHAAAAEDqCTgAAACA1BNwAAAAAKkn4AAAAABST8ABAAAA
pJ6AAwAAAEg9AQcAAACQegIOAAAAIPUEHAAAAEDqCTgAAACA1BNwAAAAAKkn4AAAAABST8ABAAAA
pJ6AAwAAAEg9AQcAAACQegIOAAAAIPUEHAAAAEDq5dR0BQDY90ycODHWrVsXxx57bBx77LE1XR0A
AP4D6MEBQNa98MIL8dBDD8X7779f01UBAOA/hB4cUE1Wr14dS5YsiYiIgw8+OJo3bx6ZTKaGawUA
ALBvEHBAFfvss89i6NChxa5kDx8+PA455JAaqtW+ZefOnZHJZGp9YLRixYq47rrrIiLirLPOil/8
4hc1XCPKKy8vLzKZTOy33377VDn/yW6//faYMWNGRESMGDEiGjduXOmysnEMStPxIU11pfy2bdsW
devWrfW/pXtyxx13xAcffBARu3oTHnjggVVW/t4eO7Jlx44dfg/g/xFwUMSSJUti6NChe11Ojx49
om3btlmoUbrNmzcvfvzjH8fWrVuLPdewYcMaqNG+Z/LkyXHfffdFw4YNY+DAgdG6deuarlKtNnv2
7PjLX/5S6vN169aNAw44IA477LA47rjjol27duVuNC1evDhGjx4d7733XsyfPz8iIoYNGxYffvhh
dO3aNc4777zIydm7n52RI0fGhx9+WO7l77777qhbt26l1vXpp5/GP/7xj5g4cWIsX748MplMNG/e
PDp16hSXXnppHHPMMaksh+xyDKp+2irZsXjx4njjjTdi2rRp8e9//zu2bdsWmUwmDj300Gjfvn10
7tw5OnbsmPrAY183fPjw+NOf/hRt2rSJwYMHxwEHHFDTVc8HXQgAACAASURBVIIaJeCgiM2bN8eE
CRP2upyLL744C7VJv8ceeywJN84666zo0aNHHHzwwbFp06Zo0KBBDddu3/Daa6/F5s2bY/PmzfH2
2287udiDdevWVWgfb9GiRXz/+9+Pc845p8zlxowZE7/61a8iLy+vyP+3bt0aU6ZMiSlTpsTo0aOj
f//+0ahRo0rVPSLiww8/rFD9d+7cWeF15Ofnx7PPPhtPP/10sf8vXbo0Ro0aFaNGjYobb7wxrrnm
mlIb/7WtHKqGY1D101bZOzt27Ijhw4fHsGHDIj8/v8hz+fn5sWzZsnj11Vfj1VdfjVNOOSXuuuuu
Unuc5ufnJ2XUqWNqv5rw3HPPxc6dO+Pjjz+OmTNnxllnnVXTVYIaJeCgiP333z/OP//8Up+fMGFC
bNu2LSIizjvvvFJ/zLLdHTCNli1bFh999FFERLRq1Sp+/vOfR7169Wq4Vvue0047Ld55552oU6dO
nHLKKTVdnVRp2bJlnHDCCUX+t2PHjli5cmXMmTMndu7cGUuXLo3+/ftHr169onv37iWWM3Xq1Hjw
wQeTvzt27Bjt27ePBg0axOeffx6jR4+OLVu2xPTp02Pw4MFx3333VfokfPny5RERkZOTEwcddFCl
ytiTESNGJGFCgwYNonv37nHCCSdEfn5+zJ49O0aMGBFbt26Np556Kvbff/+4/PLLU1EOVcMxqPpp
q+ydxx57LF5++eWIiMhkMtG5c+do165dNG7cOLZt2xYLFiyIsWPHxurVq2PGjBnRu3fvePTRR0s8
5vbr1y8mTpwYERHPP/98HHzwwdX6Xojo3LlzjBkzJho1aiRghRBwsJvmzZvHf//3f5f6/HXXXRcr
VqyIiIif/vSnkZubW11VS53Fixcnj8866yzhRhX5+te/HmeeeWbUrVs3mjZtWtPVSZWOHTvGLbfc
UuJz69evj7/+9a/xzDPPRETE0KFDo127dsUCkfz8/Pjd736X/H3rrbfGpZdeWmSZb3zjG9G7d+9Y
vXp1TJ48OSZNmlTpK0xLly6NiIgzzjijSsb9r1ixIp588smIiGjUqFE88sgjceSRRybPd+rUKc47
77y47bbbYtOmTTF06NDo3LlzsYZ/bSuHquMYVP20VSpv4sSJSbjRpEmTGDRoULRp06bYctdff308
/vjjMXr06FiyZEk8+uijMWDAgGquLeXRp0+fuPbaa6Np06ax//7713R1oMbpSwZVZPPmzcljk4lW
rebNmzuxyLJGjRrF9ddfH1dffXXyv5EjRxZbbv78+cl8GyeddFJ87WtfK7bM4YcfHjfccEPy97hx
4ypVpy1btsT69esjYtd3XhXefffdZJjNDTfcUCRMKNC6dev49re/HRG7JuUrqat8bSuHquUYRFq8
8soryeMf//jHJYYbERG5ublFnp8wYULMmTOnWupIxdSpUyeOOOII4Qb8PwIOqt2OHTti2bJlsXDh
wtixY0epy61evTo+//zzWLx4cYmTdJbXtm3bkvVt2rSpwq/fvn17LF26ND7//PNYuXJlsfGqpSnv
ciXZtGlTLFiwIJYtWxZbtmypVBnl/Zyztb6Ivf+sIyI2bNgQixcvjsWLF1e6jD3J1rZVmry8vORz
2LBhw16Vla3vprK+9a1vJY//+c9/FtuuC3pURESceuqppQ49ueCCC5LnCmafr6i1a9cmj5s1a1ap
MvZkypQpyeMvf/nLpS5X+Lnd75BUG8upjPIeQ7KxjWZjv8/WvrJp06ZYvHhxLFu2rNYfH9J0LNuy
ZUssXbo0Fi1alASVtVk265uN38ZsmTVrVvL4jDPOKHPZnJycIkPepk6dmrV6ZGPbrUg7pzpk43uu
rv2kOtoWe/sdV7b9DYaoUKUGDhwY//rXvyIi4o9//GO89dZb8ac//SkZR3/vvffG2WefnSz/xRdf
xKhRo+L1119PupdG7EqnO3bsGN27d4/TTjutzHU1bNgwhg4dGsuWLYtnn3023nzzzeTAmslkolOn
TnHDDTfEscceW2bd586dGy+88EL885//TMbyRuzq0tmtW7e48sori/XM2LZtW9x0000RUbQHxzPP
PFPk6vdjjz0WTZo0KbbODz/8MF544YWYPHlysffeo0ePUsd3V/Rzztb6svVZ5+XlxejRo+PVV1+N
uXPnJv/PZDJx6qmnRvfu3aNTp04lvvZvf/tb/PWvf42IXbd9LG372Jttq7w2bNgQzz//fPzjH/8o
0jA55ZRT4tprr42jjjqq3GVV9rvJtqZNm0aLFi1i6dKlsXnz5tiwYUORSUILNyrLukNKbm5uHHbY
YbFo0aJYvXp15OXlVfiOKmvWrEkeV0WvqPz8/OQK5aGHHlrmWPKWLVtG48aNY926dTF79uxaXU55
VOYYsrfb6N7s99msR4GZM2fGc889F1OnTk0a0rm5uXHBBRdEz54949BDDy3xdeU9BmXr+JC2Y9nk
yZNj1KhRMXXq1CKT/h533HFxySWXxMUXX7zXd1fKpr2p797+Nr722mvJsMCuXbsW6fm2u9dffz3+
/Oc/R0TEZZddVqS3XVkKt2fKc4esY489NtmHCkLqu+++Oz7//POI2HUSW+CWW25Jyuzbt28cf/zx
RcrKRhsvomLtnNK88sor8fzzz0fEruNrv379SmyXlcfSpUvj2WefjXHjxiVhQUXaQBF7t9099thj
MWnSpIiIeOCBB+Kwww4rdT1V3bbIxvGpMu1vKKz2/KKwT1qzZk1yhff5558vdheAwubMmRP9+/cv
8mNZYOfOnTFp0qSYNGlS9OzZM66//vpS15XJZGL69OnRt2/fYql0fn5+TJw4MaZOnRpDhgyJk046
qcS6/OMf/4hHHnmkxLR47dq18eKLL8aYMWNi4MCBcdxxxxUpv/AV7QIbNmwocvVr93J37twZzz77
bAwbNqzM937zzTfHlVdeWep7j9jz55zN9WXjs16/fn307du3xJOy/Pz8+PDDD+PDDz+Mb37zm/GD
H/ygWA+BjRs3Ju+98A9hYXu7bZXHsmXL4qc//WksWbKk2HMzZsyIGTNmFJuboiR7+91UhcIT9O1+
laxwt/zp06dHz549S+3Fcc899ySN/MrMtv/FF1+UuN5s2bBhQ3IyV9JQkN0deeSRMXPmzFi9enVs
3bo1Gedf28opj4ocQ7Kxje7tfp+tehT4+9//XuJ73rp1a4wePTreeeedGDJkSHzpS18qtkx5jkHZ
Oj6k6ViWl5cXv/71r2P06NElPj937tyYO3duvPrqq3HvvffW+BCfbNR3b38bTzvttBgyZEhE7DoB
79mzZ6kntePGjUu2u1NPPbXc77N169ZJUDBp0qT4yle+Uubybdq0iV/+8pdF/rdq1aoS2zqFT2h3
v6NWttp4EeVr55Rl7Nix8cgjj0TErt+S2267rdLhxrRp02LIkCHFeiiUtw2Uje1u3bp1yWdTWk+W
6mhbZOP4VNn2NxQm4KDaFPwYtW/fPhnTWZDALlu2LO68887YuHFjZDKZ+OY3vxkXXHBBNG3aNNau
XRtTp06NYcOGRV5eXjzzzDNx/PHHlzpJYX5+fjL52NVXXx3t27ePhg0bxqJFi+K5556LBQsWJD8o
v/vd74o1nGfNmhUPP/xwROyaqf3GG2+Mdu3aRU5OTixdujRefPHF+OCDD2Lt2rXx85//PJ588snk
nuP16tWLhx56KCIiPvroo+SH5LLLLovzzjsvWcfu9yh/+umn47nnnouIiGOOOSauu+66OPbYY2P7
9u0xZ86c+OMf/xhr1qyJ3/3ud9G6deto3759pT7nbK9vbz/r/Pz8+MUvfpGc5LRp0yauueaaaNWq
Vey3334xZ86cGDZsWCxfvjxGjhwZTZs2jWuvvbbU916SbG5bpdm+fXv0798/OSE46qij4qqrroqj
jjoqtm/fHh9//HG88MILRcY+lyab20I2rF69Opkwd//994/GjRsXef7YY49Neg5Mnz49Xnnllbjs
sstKLKsiV31LUjjgqFevXrz++usxffr0WLJkSeTn58dhhx0WZ5xxRnz5y1+u1KS+hXtdlWcsc+Fl
Nm3alAQKta2citrTMWRvt9Fs7ffZPm7uv//+cfXVV8eJJ54YDRo0iMWLF8eoUaNi1qxZsXHjxujX
r1/84Q9/iIYNG1bo88zW8SFtx7Lf/va3yUlbixYtomfPntGmTZvIycmJBQsWxF//+teYMWNGfPzx
x3HXXXfFo48+GvXr169QfbMpm/Wt7G9j8+bNo0OHDvH+++/HmjVrYtasWSWGF+vWrUuGi7Rs2bJY
T4mydOvWLQk4fvnLX0a9evUqvJ385Cc/SU7on3rqqaS8vn37JkFB4VA229tuedo5pXnvvffigQce
iIhdx8xBgwZFq1atKvT+Cxs4cGDUrVu3Um2giOrbT6q6bZGN73hv2t9QmICDatOkSZO45557Skyx
n3/++di4cWNERNx2221xySWXJM8deuih0aZNm2jevHkMGjQoIiJeeumlMn/8GjRoUGxm8BNPPDHO
Oeec6NWrVyxdujTmzZsXn332WbFbahV0NY6IuPPOO4us58gjj4yOHTvGL37xixg/fnysXr063nzz
zWSMaiaTSbreFbyfiF23iS2tS95HH32U/OicdNJJMXDgwCIN6NatW0fbtm2jV69esXPnzhg6dGg8
8cQTpV4lL+tzror17c1n/eabbybzMZx55plxzz33FLladdRRR0WHDh3i5ptvjrVr18awYcPiwgsv
rND8C9netkoyevTo+PTTT5P3Pnjw4CKf6cknnxxdunSJu+66K/73f/+31HKy/d1kw//8z/8kj0u6
3WK9evXiO9/5Tjz66KMREfHoo4/GjBkz4pprrsn67eoKXxXq06dPsSuEM2fOjNdffz2OOOKI6N+/
f4UDlcJX4MoTkBQOEApfpa1t5VRUWceQbGyj2djvs72vHHroofHQQw8V6dp9/PHHR+fOneOee+6J
iRMnxooVK2LUqFEVDlmzdXxI07FsypQp8dJLL0XErpOpX/7yl0WGth155JHRqVOnGDJkSIwdOzbm
zZsXzz33XNx4440Vqm+2VEV9K/vbeOGFFybz6EyYMKHEgOODDz5IrnBfdNFFFfoNuOSSS2L8+PHx
wQcfxKZNm+LnP/95nH766XH55ZdHhw4dynXyfOKJJyaPC/d8aNeuXYlD6bK97e6pnVOaadOmxb33
3hv5+fmRm5sb999//17/TjVu3LjSbaDq2k+qo22Rje94b9rfUJhJRqk2P/nJT0r9Mdq+fXt07Ngx
zjzzzLjgggtKXOb8889Pfng//PDDMtfVu3fvEmcGb9iwYXz1q19N/l6wYEGxZf79739HxK6woqQJ
uDKZTJGxrns7q/hTTz1VpN4lXR08+uij46KLLoqIiE8//TQ+/vjjUssr63OuivVV9rPOz8+PF154
ISJ2DVe49dZbS+yKe8ghh8T3vve9iNjVlbNgnGl5ZXvb2l1+fn6R+VVuueWWEj/TQw45JG699dYy
y8r2d7M3Nm7cGE899VTS4MjNzY0ePXqUuOyll15a5KTvrbfeil69esVtt90Wr732WtYmSlu1alXy
OC8vL5o0aRJnnnlmnHvuuUWuFi5YsCB69+6djM0ur8LjniuqcHfa2lZORZV1DNnbbTRb+32295Xb
b7+9xHHrOTk5RU4mXn755Qp9L9k8PqTpWDZ8+PDkce/evYuctBXIycmJH/3oR0mvsBEjRhSZZ6c6
VUV9K/vb2KlTp2SfePPNN4sFuRG7eiEUKGvy4ZLk5OTEgAEDipyATps2LQYMGBDdu3ePgQMHxttv
v53VyVCzve3uqZ1TklmzZkW/fv2S+Z8qE5CUZG/am9W1n1RH2yIb33F1t7/Zd+nBQbUpa4xonz59
9vj6TCYTRx99dMyZMye2bdtW5hjzdu3alVpOixYtksclnXg1btw46fI+f/78EieHOu6442LUqFER
Ub5JukqzdOnSmDlzZkTsms28rHH25513Xrz66qsRseuH+oQTTihxubI+56pYX2U/64ULFyZXCjt3
7lxmr4z27dsnZRU+yS2PbG9bu1u0aFHScGnbtm2pt9yLiFInKYyomu9mTz744INkHHKBHTt2xKpV
q2LGjBlJD4J69erFfffdF4cffniJ5WQymbjxxhvjpJNOiieeeCIWLVoUEbt6VMycOTNyc3PjW9/6
Vlx11VUlNuDK64gjjoiWLVvGqlWr4kc/+lF069atyMnx7NmzY9CgQbF06dJYt25d/Pa3v40BAwZU
en3/qUo7hmRjG83Gfl8V+0pJc2sUOOaYY+L444+Pjz/+OJYvXx4LFy4s15woEdk7PkSk51i2ZMmS
+OijjyJiV4+Pso5PBxxwQFx++eXxzDPPxLZt2+L999+Prl27lqu+2VJV9a3sb2OjRo2iS5cu8cYb
b8TatWuLDVPZunVrcivo1q1bxzHHHLPnN7mbhg0bRu/evaNbt27xzDPPxLRp05Ky33rrrXjrrbei
QYMG8fWvfz2uvPLKvZ4fJdvbbkXmHImImDdvXtx9992xdevWyGQy0bdv3+jQoUOFyihNZb/n6tpP
qqttkY3vuDrb3+zbBBzUSvn5+fHFF1/E+vXri3TTLvy4srcEK3xCtH379mLPd+nSJUmu+/XrF9df
f3106tSpSDfMTCZT4XHYJSlo6Efs+Qf7iCOOSB6X1TW4Nq2vrM+6cF32dBWlWbNmyWzxeyvb29b8
+fOTx6effnql61Xd303EritKJV1VKqxjx47x3e9+t1zdeDt16hQdOnSIiRMnxhtvvJHcVnbr1q0x
fPjweP3116Nfv37Rtm3bStX3iiuuiCuuuCI2btxY4pwUbdu2jYEDB8bNN98c27ZtiwkTJsSCBQuK
fF5UXja20Wzs9zWxr3To0CH5XViwYEG5A45sHR9KUluPZQVXYSOiXENkTj/99OTOIbNnz672gKMm
6rundsj5558fb7zxRkQUH6Yyc+bMZAhat27dKrzuwk4++eR44IEH4rPPPot333033nzzzVi4cGFE
7JoD6C9/+Uu89NJL8ZOf/CSr30tVtvF2t2LFiujfv38yfKJPnz4V7vVSWWV9z9W13dXE8TKict9x
dba/2bcJOKhVPvnkkxg9enS8/fbbsXbt2hqpwze+8Y2YO3duvPXWW7F8+fJk0tC2bdtGhw4don37
9tG2bdusJMeFu9A/+eST8eSTT5brdZXtxlvd6ytL4Qkjy7r9ZbZU1ba1bt265HHLli0rXU5NfDfN
mjWLo48+utj/P/jgg8jLy4v9998/+vbtW6HGRE5OTpx77rlx7rnnJmNkn3vuuVi/fn2sWrUqfvaz
n8VvfvObEtdbXmVNuHnEEUfE5ZdfHi+++GJE7DoZKG/AsTdzmRQ+HtS2crIlG9toNvb7mthXCte1
8D6/J9k6PhRW249lhXvblNbrq7DCV7krOqwsG2pjfdu3b59M3jx27Nj43ve+l5wsFx6udc4552Rl
fcccc0wcc8wx0bNnz/jss89i/Pjx8dJLL8XatWtj8+bNMXjw4Ni4ceNez3dQE228+++/P7m7S/36
9Svc+6OqVNd2V93Hy735jquz/c2+TcBBrZCfnx9PP/10PPvss8n/cnNz46ijjorGjRsnDf1Zs2Zl
dVxoSerWrRt33XVXnH/++fHiiy/GjBkzImJXYj579uz485//HM2bN4/rrrsuLrroolJv4VYepd1S
cF95XVkKp/hVOXN+VW9bhSdz3Jv3URPfzdlnnx233HJLsf//n//zf+KFF16IjRs3xsiRI+O6666r
VPlNmzaN7t27R9euXeP++++P6dOnx5YtW+IPf/hD3HfffZWu956cccYZScDx+eefl/t1hbvKlnRV
dXeFP/vCk4DWtnKyJRvbaDb2+5rYVwpfQazIBK7ZOj5EpOdYVvjuP+UZHtOgQYPkceHbqVeX2ljf
unXrxkUXXRQvvvhirFu3LmbOnBmnnXZa7Ny5M95+++2I2NUDqqR5Y/ZGJpOJ1q1bR+vWreOqq66K
P//5z8mx9IknnogzzjijUuusyTZewZDJiF3b+ODBg+PBBx+MunXrZnU9FVVd2111HS+z8R1XZ/ub
fZstg1ph5MiRyUHxpJNOiptuuilOPPHEYgevW2+9NWbNmlXl9clkMnH22WfH2WefHUuXLo2PPvoo
Zs2aFZMnT44VK1bEsmXL4uGHH4533303+vfvX+nbMRZOoa+++uoyx3IWVtnbYlX3+spS+DPb/f7x
2VTV21bhRtLenEDVpu+mR48e8fLLL8fmzZvjueeei4suuqjct+AryUEHHRR9+/aN66+/PjZt2hST
Jk2K9evX79V8HGWp7NX2wg3I8jSyS2ug1rZysiUb22g29vua2FcKB0wV+WyzdXyISM+xrPB2W55y
Cm8HNXHLx9pa36985StJuDBhwoQ47bTTYu7cucndpC688MIqW3fErnk6evXqFWvWrIk33ngj8vLy
4p133olrrrmmwmXVdBvv6quvjk8//TSmTp0aM2fOjGHDhsVNN92U9fVURHVtd9V1vMzWd1xd7W/2
bQIOatz27duTcdbNmjWL+++/v8wu6NWtRYsW0aJFi+jWrVvk5+fHjBkz4pFHHomFCxfGlClTYuTI
kUVmda6IglmxI3ZN2lbRW/rV9vWVpfAV0cLd1rOpOratwu+joBtsZdSm7+bAAw+M6667Lp588snY
unVrPPfcc/HjH/+42HKLFi1KGjSnnHJKXHzxxWWWec455yTjypcvX15lAUfhcb0Vafw0atQo6tev
H1u2bNnj3CQR/39W/CZNmhQZxlPbysmWbGyj2djva2JfKbxvV2S7zdbxIU3HsgMPPDB5vGzZsj0u
[...]
j2GODc9opKyF6drxyGbZ0+K9j40MOtXb1i9zjFlJWXbJJFnssdr8p8tlTbRo3w+OBxxn9YcXavMn
lstk9vywbpdbPa39GuwZkj0tXvbUeMkk2VKses9n10hSyJBjVOGabM/rX811HT8wAAAAAMAQCDgi
JGeJQ5JUc7BRB35yUg2VrZKklLxEbfr4MpVtK5TkGX6y4gNl2vuvx/yeb7HHattfrvaGG8MDIzr8
RJWOP3VOA12eFVCK1+Zo3UeXKLciI2zt3v75Nd5wY6B7SIf/u0qHfz7WSyNzQaq2fmqlClZmSZLW
3L9QdceaVXOg0btPbkWGNn5smTfcqD3SrDf+7bjfUrULbirQ1k+uVFKWXSazSRseqFDVzhqNDDpD
tm003Gg936lzu2vV1dCrGEuMWs52hO3nBwAAAADMTgQcEXTid9Xa9e1Dfo9dqe/R83/3phLS45W3
PFOSlLcsMKBYeV+5UnITPHfc0qt/f1hVL9X47VNzsFGXjzTr7se2qHhtznW3d+V95cosS5MkOYec
eunR/QHDZ1rOdeqpL+7WB7/7HuUudchkNmnN/Yv8Ao7l71ugmDhPj5LW85166q93yzXi383i3Ou1
Gh5w6p7HtshkNsmeHq/Szfk688qlcdt48vkLevmbB6/7ZwUAAAAAGAurqERIe02XXv3u2yG3X/QJ
BJKyEwK2j/bwkKRLh5sCwo1RrhGXXvn2ITmHr3+cxqLbir23z+2uDTk3iGvEpTf/fWwOj9yKDMVa
Y7z3B64M6tKhJl061KTKZ6sDwo1RNfsb/IbmOOYlj9u+jsvdeuX/Hp7UzwIAAAAAmFvowREh7TVd
IT/YS1J309gHe4vd/9eU4IhXevHYh/3Tu4KHG95jNffJ5XR5e01ci8RMmzLnp3rvn3z+4rj71x5p
VtvFK4pPskjyTJzacq5TkvT69yae9HRUb1u/knM8AY8l0TLuvm0Xroz7bwoAAAAAmLsIOGYp3w/q
5hiT37a8ZZne+StcTreq36if9vYUrMryvuZQ34guv9004XP+64EXJ318c6xZWWVpik+2+E2a6nvb
ZAr2TAAAAAAACDgMyZ4+toJJf+eABruHpv01EzPGlqHt7xwIyzGtSRatuq9c8zbmylGc7F1RBgAA
AACAqSLgMCDfISvDA6FXFQmnOFucz2uOXPfxSjbl6ebPrVGCwzbxzgAAAAAATICAw4BcTrf39tXD
V6btNf2GzFzf3LS5FRm686sbvROPdjf36eyrl1V/vEXtNV3q6xyU3J6f8d7HbwzrMrcAAAAAgLmJ
gMOAfIekWBPixtkzfAZ8XtNiv77X3Pi/KrzhRlNVu55+cLcGuoIPs3G7gz4MAAAAAIAflok1oLaL
Xd7b1iSLMhekjrN3mF7zwhXv7QRHvBIc8ePsHVqsNcavR8bBn50KGW4AAAAAADBZBBwG1FDZ6tej
omxb4bS/Zu2RZm/PEZPZpPlbCyZ8zkf+/XY98IsdeuAXO+QoTZEkpRUl+y1X21nbPe4xTPyFAgAA
AAAmgY+PBnXpYKP39qLb5smaZAm574oPlCku/vpHI13c3+C9XbGjVObY0H8+5TcXyVGaoqQsuyz2
OHVc8gQZziH/SVFzlzpCHqN0c76yF4XeDgAAAADAKAIOgzr223NyvjvxZ2KmTXc8vF6WIPNxLLqt
WJs+tiwsr3nk12c1MugJKDLmp+qWL64NGnLkL8/U1k+u9N4/t7vWO0lpe02XetvGlpld84eLlJKX
GHCMFR8o0+0Pr/ebRHW8QAUAAAAAEN2YZNSgGipbdeK5ai1/3wJJUvH6XH3kR7er5kCjelr6ZE20
KGdJunKXZEhhWmil+XS7jv32rNbcv0iSJzzJWZKu6n316mrolTUhTlkL01WyKc8bTHTW9WjfD477
Hadq50XvMVILknT/v96iy0ea1dvar/gUq7IXpim1ICng9eOTQ/dSAQAAAABENwIOA3vtH95WYpZd
pZvyJElJWXZV7CgN2K/2aLMSHDalFQaGBlP1xvePy5Zi1ZI7SyR5AorVH14YdN/2mi79/m/2qb9z
0O/xN/+9UpkLUlV0Q44kz0SpC24MnNOjvaZL3U19Kl7n2S9YTw8AAAAAACSGqBjecw/v1Vv/Uam+
joGAbf2dgzr8RJWefnCPBroGgzz72rz8zYPa+fUDaj3fKbcrcB3Xvo4Bvf3L0/rlJ19We01XwHbX
iEvPfGmvDv+8Sv1XAts10DWkY0+e1S8/tUuX327yPu4oSVFyTkLYfg4AAAAAwNxh+lr5jwI/oRpc
Sl70fQg2x5pVtCZbKXkJcrnc6mroVc2BxomfeJ1SC5KUtTBN9lSrnCMudVzqVu2R5kk/3xxrVuHq
LKXme3pndDf1qeZQU8BkpMD1ulLfOyOvE431B8DEqEEAIokahGjBEJU5wjXi8lvlZKZ01nZPuNTr
eFwjLtUcaFRNGNsEAAAAAIg+DFEBAAAAAACGR8ABAAAAAAAMj4ADAAAAAAAYHgEHAAAAAAAwPAIO
AAAAAABgeAQcAAAAAADA8Ag4AAAAAACA4RFwAAAAAAAAwyPgAAAAAAAAhkfAAQAAAAAADI+AAwAA
AAAAGB4BBwAAAAAAMLzYSDcAABAdClZlKSnTLknqbu5T7dHmCLcIAAAAkzVvfa6K1uYowREvk9mk
3rYBHXvyrDpruyPdNC8CDvhJLUhSSm6C6o63aGTQGenmALgO5lizUnITlJSdIHOMSX0dA2qv6YrY
ub3qQ+Uq2ZgnSTq3u5aAAwCmAddyAMItrTBJtzy4VrlLMwK2XdhXNysCjtHaR8ABr7Jthbrty+sV
E2dW6/lO/eKTu+Qc4o0RMJrSzflaeleJ8pZlyJpk8ds2PDCi1vOdOvVijSqfPR+hFgKYKzLmp+r9
37kp5PaRQacGe4bU09yvumMtOre7Vlfqe2awhdGFazlEi9ylDu14dEvYjverT+1SZx21KRhbqlV3
P7ZFqQVJQbf3dQzOcIsC+dY+Ag54lWzKU0ycZ1qWjPmpyipLVcOJtgi3CsBk2VKt2v7FtSrdmCeZ
gu8TFx+r3KUZyl2aoSV3zNMLj7ylrobemW0ogDnDHGuWLcU67j5JWXZllKZq3oZcrf/jparaWaMD
/3lCPa39M9TK6MG1HKKFOWbi2jOl48UyNWUoa+5fNBZuuKXzb9Tp7CuXdKWhV/HJllnRe8O39hFw
wKupql2Lbi2WJPW2Daj9UuT/WAFMTmKmTXc/tlWZC1K9jw33j6jxZJt62vrlGnbJnhavrIVpSnDY
JEk5Sxx637du0m/+8hX1tg1EqukA5pCeln45h8d6DMRaYxWfFKcYS8y792NUsaNURTdk64X/85Ya
T/LhO5wmey1302dWa/m98yVJjSfb9Ku/eGXG2giEw8iQc9zeYOZYs5Ky7N77XY29crvcIfd3DrvC
2r65ZN6GXO/tmgMN+t3/fiOCrQnOt/YRcMDr2JNn1d3Up9T8RFXvq9dg91CkmwRgkm59aJ033HC7
3Dr5wkW98f1jGujyP4/NsWat/aPFWvuRxTLHmpWan6jtX1irZ760JxLNBjDHvPrdw7qwr97vMXOs
WSUbc7XwlmKVbs6XOcak5JwE3fuNrXr6wT1qPEXIES6TvZYzmSST2dPVb/T/gJE0VbXrPz/y+5Db
i9fl6N7Hb/Tef+ahPWqv6ZqJps05KbkJ3tvndtdGsCWh+dY+Ag74qX6jLtJNADBFqz5UrsLV2d77
h/7rlN78UWXQfV0jLu3/8QlP0PGRxZI8M2KXbMoL+FACAOHgGnHp/J46nd9Tp5JNebrtoXWyJllk
TbLo1ofW6Zef3sWXKmHEtRyAcLEmWbw98CSpo3b2zlMyWvsYbAQABrfs3gXe2w2VrSHDDV/7f3xC
XY3vzr1hkpbcUTJdzQMArwv76vXCo/vlGvF0B08rStLaP1oc4VYBAIIxx/j38HI7Z/9QHnpwhJkl
IU4VO0qVtzxTydl2xcbHyjnkVE9zn+orW1X5XLX6O0PPNLvi/QvkKEmRJF18q0HV++rlKE3RkjtK
lL0oXbYUq1xOl3rbBnTpcKNO/O6C37ce1iSLlt5VoqIbcmRPtyrWEqOBriG1nOtU5XPVajnbEfK1
C1dnq2xbgSRpoGtI+374zrg/qz0tXhV3l6pgVZbsafGSpL72AdUda9E7z5xXX8eA389z6sWLE050
lb88Uwu2FSqrLNW7+sPAlUE1n+nQ2dcuT2mirMwFqVpyZ4kyy9JkS7HKZJYGe4bVcalb1fvqdO71
2dnFCpiKsm2FSs1P9N4/9ETVpJ7nGnHpwpsNWvF+TziSvyJzwueE8/wclTHfc55mL0pTfLJVzmGn
elv6VXOoSZXPnh93icNl98z3DsupO9ai07suqWxboRbdVqyUPM+/yf4fn9DZ1y77Pe966/S1vi4A
j5r9DTr1Uo2W3uUJVhffPk8Hf3Zqwl4cOYsdWnzHPGWVp8maZNHIwIj6OjzXHadeuDjupKXL712g
jPme65Ezr15W7ZFmZS1M1+Lb5yl7oed4o/Xn4oFGVT5XPaXVR2bL9ct413KbPrZM8cmetmWWpXkf
T8iw6ebPrfHeP/KrM+q4HDh3B7UT0WA2XFvUHGjU+b11sqVaVfHeUhWszlKCwyaT2aS+9gHVV7bq
2G/Oqq9j4vnTrrWe3PSZ1YqJNQUMYVvx/jItvn2e9/6+H74TMBx61PXU7Kn+HnxrHwFHGC2+Y562
fGKFbKmBM/o6SlJUvD5XK+8r15s/fEeVz1UHPca89bkqXu+ZyGWod0Q5SxxaeV+5Yq0xfvs5SlJU
dEO2Kt47Xzu/sV8NJ9pUtq1QN356pXcCQV85SxxacleJDv70pA785GTQ185ckKqKuz0TTnU3940b
cCy4qUA3/cWqgNdKL05WwaosLbtnvl7/3hGVvadIecs86yU3VbWHfIO3p8Vr21+t1vwt+UHHguYt
z9Ty95fp7GuX9do/vD3uRZA51qwbP71SFTvmB6SOkpS9KF2LbitWQ2WrXv7mwaBv4oBRFK7O8t7u
bu6b0jCT+uMt3oAjPtmi9OLkoONTw3l++lr30SW64X8sDqhvGaWpKl6fq4odpXr5mwdDTkJYvC5H
pZvzJXnO+/wVmarYMd9vBZmkHLvfc8JRp6/ldQH4O/qbM1p8+zyZY0yypVi14MYCnfhd8HPOkhCn
mz6zSgu3Fwd9Xy+6IUcrP1iuN/7tuE4+fyHoMYrX56hkY54kqae1X/PW52rFB8q8s+6P8q0/Ox8/
qObT7eP+HLPt+mW8a7mFtxb7Tbo4KinL7n2OJJ19rTbg2NRORIvZcG0xMuhUTJxZWz8V+LkurTBJ
+SsytfSuEr38+EFd3N8Q9HjXW08q3lviNzRlVPn2Ir/7h39+OiDgCEvNnuLvwbf2EXCEyeoPL9Tm
Tyz3vrm5XW71tPZrsGdI9rR42VPjJZNkS7HqPZ/1pOSh/sBHld1c6H0jcjndGrgyqNj4WFnsY7+2
1IJE3fLgOh382Ult/+Jaxby7xFH/lUG5Xe53kzpPm2JizdrwxxXqbu7TqRcuXvPPWrIpT7c+tE5x
8WPtcA67NNA1KIs9TnG2WNnT43XrQ+s03D8y4fESM2y6++v+qz84h5zqae2XyWRSQoZNMXFmmWNM
Wri9SKn5iXrmS3tCpqC3fWmdym8u8jtWd0u/3C63krLs3g9TuRUZuvvrW/XkZ19VTwtL1cGYMuaP
nTct5zqn9NzqffX674+95L3f09IXsE+4z89ReRUZWrC1wPtGNdg9JOeIy69mpRcn666/26SnvvD6
hBODFa7JDnrhLp+elNNRpyfzugACtVVfUXvNFWWUempL3rKMoAFHfLJF9z5+o7IXpXsfG+obUW9b
v2KtMUrKtHvO21TPeTsy5NSZXZfGffIc22MAACAASURBVO2ld5UqKdtz3rpdbvVfGZQ5xqz4JIu3
JjlKUvTer23Sk599LeRKDUa7fhkZdGp4wHNdZo41e68Z3S63Rnx6q1y90gS1E9EqUtcWOUscWnbP
fG/AMNgzLJfTJVuy1Vuj7Gmez1o//8ROdTcHXr9dbz0Z6h9R7Lu1wPcz38igU273WI3wvS1NT82e
ar0g4AiD3IoMbfzYMu8fdu2RZr3xb8fVVDWW+i+4qUBbP7lSSVl2mcwmbXigQlU7a8btfp2UZddQ
34gOP3FK7zxz3puO5S3P1KY/qVDeck+X8rTCJN364DqZzCY1nmzT3u8fV/3xFkmeBG3VfeVa9eFy
Wexxkkla/aGF1xxwWOyxuunTq7x/6MMDIzr8RJWOP3XO277C1dla/8dLlbcsI+Cb2WBu/vwN3osD
57BLR39zRkd+ecbb7Soxw6Y1f7hIy+5dIHOMSdmL0vWez67R7/9mX8CxFm4v8juZK5+r1r4fHPe2
zZIQp3UfXaJV95XLZDYpNT9Rm/90uV58dP81/XsAkeab7F+pm9rET84hp1rPjx+KhPP89GVPj5fc
0uldl3Twpye9AUZyboJW/8FCLbt7vkxmkxIzbNryZysmXOVl9I2v9Xynzu2uVVdDr2IsMd5hedNZ
p8d7XQChtV/o8gYc6cXJQfe55a/Xei+URwadOvizkzryqzPe8zJ7Ubq2/eVqZS9KV0ycWVv+bIVq
DjSO21MiKdsu57BLx357Vsd+c9b74SBnsUPr/r8lmvduT9qkLLu2/Nly/e6rweuZ0a5ffvrR5723
t/3lai1/n6cHX1NVu375qV1Bn0PtRDSL1LVFzhKHJKnmYKMO/OSkGipbJUkpeYna9PFlKttWKMkT
Eqz4QJn2/usxv+eHo5784H1Pe1/j47+91/v4bz//2rhD7qalZk+xXhBwhMHy9y3wdnFsPd+pp/56
t3fyrFHnXq/V8IBT9zy2RSazSfb0eJVuzteZV0InVi6nW89/7U3VXNX1qP54i578/Ov6w+/fKkep
ZzypyWxSZ22Pnvrr3RrqHfbuO9Q7rP3/eUKDPUO68dOrJHm+lUjOTVBXQ++Uf9YVHyxX8uhSQW7p
1b8/rKqXavz2ufx2k+qOt+juRzZ7h9uEsvCW4rG1ld3Snn8+quNPnfPbp6e1X69/74j62ge08WPL
JEkLbizQgpsKAsaNlfmczE1V7XrlO4f8tg/1DmvvvxxTXHyslt3j6cZUsilPsdaYcQsNMFvF+fTo
GuwJ7yoE4T4/r3boiSrt+8Fxv8e6Gnr12nfflnPIpVUfKpfkGbqXW5HhfYMP5eTzF/TyNw8G3TZd
dXqi1wUQWm/72Pjx0XkrfJVvL/J2UXa73HrlO4dUtdP/mqOpql3PfWWv/scPb5ct1arEDJtWfqBM
+//zRMjXdbvcevmbB3X6Zf9jNZ5q0zMP7dE9X9/qrX2lm/OVVZ6m5jP+F9LRcv1C7US0i9S1xYnf
VWvXt/3rwJX6Hj3/d28qIT3e+0X36FQAviJVT6arZktTqxesohIGA1cGdelQky4dalLls9UBf9ij
avY3+HUhcswL/m2F7/5XhxujXCMuVV811v7Qf5/yCzd8nXzh4li7TFKOT7ehqVhwY4H39uW3mwLC
Dd/27fr2oQlPktGTSpJqjzYHXBz4Ovhfp/wS0dFvHnwlpMd7b4/XXf/Yk2c1PDCi4YERmcwmpRUm
jdtOYLaK9RkfOTIQ3ovccJ+fvprPdgSEG772/7hyrBu3SX4TWgXTcblbr/zfwyG3T1ednuh1AYTm
e81iTYgL2L7cZ4WoC281BFwoj+ptG/D7sDB/a/64r3vpYGNAuOFr9z8d9V6/mMymoPUnWq5fqJ2I
ZpG6tmiv6dKr33075PaLBxq9t5OyEwK2R6qeTFfNnmq9oAdHGLz+vSOT3re3rV/JOZ4/REti4LcV
viaav6K7aawHhnPEpfN7Q697PtQ7rMGeYe/kN9bk8V87GGuSxbsiiqQJk8ee1n45h5whh6nYUq3e
LliSdOL3wSeZ8XXy+Qvebk+5SzNkTbL4dWny/QY7d4kjZBLZXtOlf7nzyQlfD5jtTIFzN4XFdJyf
vibqQTbUN6JLhxq18JZiSVLWwrRx92+7cCXkhYU0fXV6otcFEJrLZ7nBqyeiS3DEK2fx2Jcxp0Nc
KI868+plrfhAmSTPcBdLQlzIL32GJ/jypbO2W3VHm729ULOv+lIomq5fqJ2IZpG6tmiv6Rr3dbub
xsIS37kZR0WinkxnzZ5qvaAHxzQxx5qVs9iheetzVbat0PtfnG3sj/B6P5g4h1w+t50TrlzgeyEx
OrHUVOQvy/BegLhd7oAeJFNVtCbbe7yRQafO7Z542dYzr16Wy+mZzCYmzqyiNdl+231XkHCUpui+
792sih2lQU9+AKFNx/k5Vb6rp6TmJY6z57WZiToNIDTfVUdcV01smbcsU+Z3r1Wcwy5deHP8a46m
qnbvBbzn3L62nqqj6n3GmKdcVX+i/fqF2gmENhPnh++H/WCrlESinkS6ZvuafVXTwKxJFq26r1zz
NubKUZwcdGkdI7P7dHfqvzI44SoJE0n0mQ23p6VvUuvND3YPqbet3zvZzNUz6h777Tnlr8jSgps8
Q2myytJ08+dv0I2fXqXW6k41nmzXhX31uvx203W1HZgtnMMub62JsYQvs56O83OqOn0mTbXY42SO
NV/3N35zvU4DRmL1+Rbz6m/uvPN9yfOlzMefulcT8R2yZ0sJXK5xKq7Uji2ZaEn0Hz4Tjdcv1E4g
tNl2fkSinkS6ZvsdN2xHinIlm/J08+fWBKxVPJdYfMbHhmOsv++FzWSWkw22b7BJyX7/t/u08r5y
rfxgmbcrWKw1RjmLHcpZ7NDKD5aps7ZHJ5+v1tu/PEMXSRjaYO+w99y0Jkx96Fko03V+TsVgt88H
HpNnTGmwpdAmKxrqNGAkvuPErw44LD7fdsrkv0zhZPh+W3otBnzqT0ys2a/7dLRdv1A7gdBm6/kx
0/Uk0jXbFwFHGORWZOjOr270zjXR3dyns69eVv3xFrXXdKmvc1B6d43gex+/UbkVgbPdGoHvH74p
SHeoqXIOj4Uk5pjJf/Psu+/IYPALi6O/PqOjvz6j8puLVLopT1mL0pWSm+DtDptakKhNH1+usm2F
+v3fvhlyjXtgtuvvHPR+E5iSH75hHNN5fk7W6Mzko4YHrv140VKnASNJLxmbaK/jcrffNrfPiJWh
vmE1nmzXVPS09F9X2/x6xLnlN349mq5fqJ1AaLP9/JjJehLpmu2LgCMMNv6vCu8fdlNVu55+cLd3
neGrud1BHzaEAZ85PqwTTI4zqeP5/BvFp0z+eDaffUP9O48688ol72SoyTkJKtmUp7Jthd4llTLL
0nTbl9frV58Ovv47MNu1nu9UVrlnAs7RZaMnq3hdju74ygbv/d989jW1nvfMtj0T5+dEEhxj3+46
h13XdbxoqdOAUWTMT1V68VjNunoZaN9J8oZ6R/TUF1+fsbZJ/r1LhgdG/L7kiabrF2onEJpRzo+Z
qCeRrtm+mGT0OsVaY/zSuIM/O3XdF/WzVev5K97bFntswKziU9VydmxN+YR026SWJspelO7XrbPp
dMc4e/vrauzVsSfP6tefeUXHnjzrfTx3qcO7ljRgNHXHW7y3U/MTg66HHkrBqixZkyyyJllkijF7
ww1p5s/PYBzzU723e1qvPdmPpjoNGMXKD5Z5J8cb6hvW+T3+K8FdqR9baSnBER8w0ed0c5SGrj/R
cv1C7QRCM+r5MV31JNI12xcBx3VKK0r260bdWds9zt6SycD/4q3nO9XXMeC9PzpxzbWqf6d17Hgm
BV1n/mqLbhvbp7etX82nx7o/LdxepA//03Z9+J+2a8cjm8c9zt7vH/fr7p65IHWcvYHZ68wrl9Xb
NnbxvepDCyf93NJNY+uON7zT4rct3Ofn1cyTWMmpcFWW93b7xSvj7Dm+aKrTgBEUr83RoluLvffP
vHI5IESoOdjonbPCZDZpyV0lM9rGwtWh60+0XL9QO4HQZuv5Eal6Euma7YtSdJ2unjk7d6kjxJ5S
6eZ8ZS8Kvd0ILh0am2130a3Fik8O3TVz2b3zJ5xk0PcbmyV3lcieFh9y3+TcBL8LonOv+y/LNjLk
VM4Sh3KWODRvQ57Si5OvPoSXc8jpP552EjOgA7ORc8ipUy9c9N4v2ZSn8puLJnzeqg+VK61o7FvH
Uy8FrlcezvPzakVrssftBVa8Nkc5i8fq5YXrWJY62uo0MJsVrs7WbQ+v94acPS39OvjTkwH7OYec
qjnY6L1fsaN0wm8Ei9flaMufr5iwDenFyd5u5cEsvKXY7xqi+o3A+mP06xe377K8IaZVo3YCoc3W
8yNSn4ems2ZPFQHHdWqv6VJv21ivhjV/uCjoL3PFB8p0+8Pr/dYqnsw3mLPN8afOyTnsGYea4LDp
9oc3+K2uMqr85iJt/vjyCY/39i9Oe7tz2dPideffbgx6kZCYadOdX90o67tLtfV3DurtX5z22+fC
mw3eFRbMMSa953NrZEsNvuTQuo8u8S5H5HK6VXu0Jeh+gBHs/8lJ7/ASc4xJN39ujZaOk5wvubNE
Gx6o8N6vPdrsHZvpK5zn59VirTG66+82BQ05HKUp2vbZNd6L7u7mPlXtDAxgJiva6jQwG+UudeiW
v16re76x1fv+OzLo1K5vHQy5OtLhJ6q8F9+2FKve+7VNIS+YF91arDu+skGrP7xQ7/vWjeO2Jb04
WXd+dWPQ65es8jRt9bng7mrs1eld01sfI3H94rtqTWJm8CW9qZ1AaLP1/Ijk56HpqtlTxSSjYVC1
86LW3L9IkpRakKT7//UWXT7SrN7WfsWnWJW9ME2pBYHjM8fr/TBbNZ5s04nfV2v5vQskeZK3j/zo
dtUcaFRPS5+siRZlL0pXXkVGyG8EfF2p79G+HxzXez67RiazSfnLM/WHP7hV5/fUqb2mS5LkmJei
+Tfmey8cXE639v7LsYALIteIS/t/fELbv3CD91gf/cmduvBWg1qrOzXcN6LEDJsK12T7fTN8fk/t
hN3KgNnMOeTUy988qB2PblFihk2WhDht/8JarfhgmRreaVNve7/MMWYlOOKVvThdGb5jy1v6tetb
h4IeN5znZwC3lJRl133fu1k1BxrVcalLI4NOpRUmad763LEPHm7pwE9O+n3DcC2iqU4DkbThgQrv
uWYySXH2WNlS4v0mDZY8H/Rf/tZBv2/8rtZU1a79Pz6hzX+6XDJ5Jia9//u3qnpvnZrPtGtk0KnE
TLsK12T7XXe0nOsMecxRJZvy9JEf3a7qvXXquNQtU4xJWQvTNH9Lviz2sfqz/8cngi6faPTrl+az
Y/9GiRk2ffiftqv2aItirTE688olNZ5sk0TtBMYzG8+PSH4ems6aPRUEHGHw5r9XKnNBqopuyJHk
Wdt8wY2B81O013Spu6lPxes8+0Vy8pXrsfv/P6rknATNW58ryfMhpWJHacB+9cdblLEgdexCIYTK
56oVa43R5k+sUEycWQkOm5a/b0HQfZ1DTu3+56M69dLFoNtPPn9BiZk2rfvoUpljTLImWd7tFloc
dP/64y169e8Pj9s+wAiaz3To6Qd3647/vUGOeSmeN5bSVL8w42rtNV168ZG3xl0WLJznp99xf1et
4rU5Ssq2q3RTnrQpL+h+R359Rid+Vz3h8SYSbXUaiJSJxnC7nG5d2Fevt/6jUm0XJp5b5/DPq2SO
MWn9AxWe9/XEOC2+Y54W3zEvYF+3y60jvzyjN75/fNxjtpztUFJOgpKy7FrxgbKQ+739i9M69eLF
kNuNfP1yfk+tOi53eydIHe3SLkmNJ1q9AQe1Ewhttp4fkfw8NB01e6oIOMLANeLSM1/aq41/UqEl
d5Z4u/qMGuga0umXa/TmjypVsaPU+8ftKElRck6Cuhp7gx121nKNuPTMQ3u04YEKVdxdGtAlc6Br
SCefv6C3/qNSf/Kru8ee5wq9PtLR35xV46l2rf/jpcpfnhkwNnZk0Km6o8168z9OjDtxoeT5trfl
bKdW/8FC5VZk+HUJG9VZ16NTL1zQwZ+dmsyPDBhCW/UVPfHxnVpz/0LPGPKi5ICeVG6XW511PTr9
co2O/vqMhvpGgh/MRzjPz1Gddd068JMT2vJnK1SyKU9x8f5vR10NvTr0RJUqnz0/qeNNJNrqNDAr
uD1LrA72Dqu7sVf1la06+1rtpOvEqIP/dUp177Rq3f9crLxlgTVIbqn5XIcO/3eVzr52ecLjXWno
1cvfPKgND1SoaG2O30SBo9sP//cpVT43cbhq5OuXFx95S9u/cIMyy9L8N5jHXpfaCYQ2m8+PSH4e
CnfNnirT18p/NOdWrU7JS4jYa5tjzSpcnaXUfE8y193Up5pDTXN2EktzrFlFa7KVnJsguaUrjb26
fLjJ253zUy/d571weO7hvaqexESB8ckW5a/IVGKGTW63Z7bx2qMtGuye+tJLtlSr8ldkyp4Wr5g4
swa6h9R8pkNt1de+IgOMyXf5qukUyfpzNUdJihwlKbKnWeUacWuga1CNp9qv6w01nOfnKEtCnIpu
yFaCwybnsEudl7tVe7T5mo83kWir05gdorEGTQdrkkUFKzOV4LApJs6s/iuDajzZPmHX6rsf26KS
jZ6eYud21+r3f7NPkqemFa3Jlj09XiNDLnXUdPktvz0VRr1+KVydLUdpilwjLnXW9qj2aHPQYTnU
TmOjBk2v2Xx+RPLz0LXW7OtBwIFpk788Ux/8h/d47rilnz3wgndcKjDTeGMHEEnUoMgKFXAA0YIa
hGjBFMeYstylDt30mdUT7ldxz3zv7SsNPYQbAAAAAIBpwxwcmJLUgiTd8dWNSsqyKynbrte+e1g9
Lf0B+639yGKVv6fQe//0y4FLrAEAAAAAEC4EHJiShPR4xSd5ljYq3ZSn/OWZunSoUW0Xrmi4f0SJ
mXYVrMrym0W95WyH3v5FVaSaDAAAAACIAgQcmJK64y164ZG3tP3zN8ieHi9rYpzKthWqbFth0P2b
qtr1wv95a1IrNQAAAAAAcK0IODBlF/bV64nTL2nlfeUqXpej9OIU/6WH3FJHbbeqXrqowz8/HXQm
bgAAAAAAwolVVHDdEjNtyipPlz3NqsGeYbWc65zWpX+Aa8Hs4QAiiRoUWan5ibIkeobYDnYP6Up9
T4RbBMwsahCiBT04cN16WvrV01IX6WYAAAAE1VlHoAEA0YBlYgEAAAAAgOERcAAAAAAAAMMj4AAA
AAAAAIZHwAEAAAAAAAyPgAMAAAAAABgeAQcAAAAAADA8Ag4AAAAAAGB4BBwAAAAAAMDwCDgAAAAA
AIDhEXAAAAAAAADDI+AAAAAAAACGR8ABAAAAAAAMj4ADAAAAAAAYHgEHAAAAAAAwPAIOAAAAAABg
eAQcAAAAAADA8Ag4AAAAAACA4RFwAAAAAAAAwyPgAAAAAAAAhkfAAQAAAAAADG9OBhwupzvSTQAw
i8xkTaD+ALgaNQhAJFGDEE3mZMAxMuiMdBMAzCIzWROoPwCuRg0CEEnUIESTORlwDPePRLoJAGaR
mawJ1B8AV6MGAYgkahCiyZwMOEYGnZxcACR53mhn+psL6g+AUdQgAJFEDUK0mZMBhyT1dw7KOeSK
dDMARJBzyKX+zsEZf13qDwCJGgQgsqhBiEZzNuBwu6Xetn4SRCBKDfePqLetX+4IzHVF/QFADQIQ
SdQgRKvYSDdgOrndUl/HoGL7RhRni1WsNUbmGFOkmwVgmricbm/XyEhPckX9AaIPNQhAJFGDgDke
cIwaGXRG/CQHEJ2oPwAiiRoEIJKoQZhpc3aICgAAAAAAiB4EHAAAAAAAwPAIOAAAAAAAgOERcAAA
AAAAAMMj4AAAAAAAAIZHwAEAAAAAAAyPgAMAAAAAABgeAQcAAAAAADA8Ag4AAAAAAGB4BBwAAAAA
AMDwCDgAAAAAAIDhEXAAAAAAAADDI+AAAAAAAACGR8ABAAAAAAAMj4ADAAAAAAAYHgEHAAAAAAAw
PAIOAAAAAABgeAQcAAAAAADA8Ag4AAAAAACA4RFwAAAAAAAAwyPgAAAAAAAAhkfAAQAAAAAADI+A
AwAAAAAAGB4BBwAAAAAAMDwCDgAAAAAAYHgEHAAAAAAAwPAIOAAAAAAAgOERcAAAAAAAAMMj4AAA
AAAAAIZHwAEAAAAAAAyPgAMAAAAAABgeAQcAAAAAADA8Ag4AAAAAAGB4BBwAAAAAAMDwCDgAAAAA
AIDhEXAAAAAAAADDI+AAAAAAAACGR8ABAAAAAAAMj4ADAAAAAAAYHgEHAAAAAAAwPAIOAAAAAABg
eAQcAAAAAADA8Ag4AAAAAACA4RFwAAAAAAAAwyPgAAAAAAAAhkfAAQAAAAAADI+AAwAAAAAAGB4B
BwAAAAAAMDwCDgAAAAAAYHgEHAAAAAAAwPAIOAAAAAAAgOERcAAAAAAAAMMj4AAAAAAAAIZHwAEA
AAAAAAyPgAMAAAAAABgeAQcAAAAAADA8Ag4AAAAAAGB4BBwAAAAAAMDwCDgAAAAAAIDhEXAAAAAA
AADDI+AAAAAAAACGR8ABAAAAAAAMj4ADAAAAAAAYHgEHAAAAAAAwPAIOAAAAAABgeCZJ7kg3AgAA
AAAA4HrQgwMAAAAAABgeAQcAAAAAADA8Ag4AAAAAAGB4BBwAAAAAAMDwCDgAAAAAAIDhEXAAAAAA
AADDI+AAAAAAAACGR8ABAAAAAAAMj4ADAAAAAAAYHgEHAAAAAAAwPAIOAAAAAABgeAQcAAAAAADA
8Ag4AAAAAACA4RFwAAAAAAAAwyPgAAAAAADg/7V3Nz9R3Xscx79eZ0g7gRI6gtEEH6LFJk1wmrQL
sZuKS1h2tvJ3uLqJbtnarW7dwlJ3VTYsBhKNjCY81Io8TJEyGZOZMdxFo/c2tretAmd+9fVaauR8
2JjhzTm/Q/IEDgAAACB5AgcAAACQPIEDAAAASJ7AAQAAACRP4AAAAACSJ3AAAAAAyRM4AAAAgOQJ
HAAAAEDyBA4AAAAgeQIHAAAAkDyBAwAAAEiewAEAAAAkT+AAAAAAkidwAAAAAMkTOAAAAIDkCRwA
AABA8gQOAAAAIHkCBwAAAJA8gQMAAABInsABAAAAJE/gAAAAAJIncAAAAADJEzgAAACA5AkcAAAA
QPIEDgAAACB5AgckrFAoZD0BAACgI+SyHgD8fcViMSYmJmJoaCgiIiqVSty6dSsajUbGywAAALIh
cEBCCoVCXLp0KcbHx3/z56VSKZ4+fRpTU1MZLQP4r0OHDkVPT0/kcrnI5/PR3d0dERH1ej1arVa0
2+3Y2dmJ3d3djJcCH6pSqRTnz5+PI0eOZLpjc3Mz5ubmolKpZLoD/ikEDkjEhQsXYnx8PIrF4u/+
/eu7OQCykMvlolgsxqeffhr9/f0xMDAQ+Xw+urq6ore3NyIitre3o9lsRqvVivX19djY2Iiff/45
arVatNvtjL8D4ENx5cqVGBkZyXpGRPz6+W1kZCTu378ft27dynoOJE/ggA43ODgY5XJZwAA6Uj6f
j+PHj8fJkyfj9OnTcfTo0Th27NifnhHUaDRidXU11tbWYnFxMZaXl+PZs2fRarUOaDnwISqVSh0T
N/7XyMiIOzlgDwgc0KEKhUKMjY3F6Oho1lMA3nL48OHo6+uLs2fPRqlUinPnzv2tg48LhUKcOXMm
zpw5E6VSKRYWFqJSqcSTJ09ia2srXr16tY/rgQ9VqVTKesIfKpVKAge8J4EDOtDo6GiMjY15SwrQ
kbq6uuLEiRPx1VdfxfDw8B8+OvdXFQqF+PLLL+PEiRMxPz8fs7OzsbKyEs1mc48WA/zqff+/2k+d
vA1SIXBABxkaGopyuRyDg4NZTwH4XYVCIT777LP45ptvYnh4eE+/drFYjG+//TaKxWL88MMP8fjx
Y2+HAgD+MoEDOkCxWIyxsbGOfCYU4LVCoRBffPFFXL58OU6dOrVv1xkeHo5PPvkk7ty5Ew8ePBA5
AIC/ROCAjL0+Z8PjKEAn6+rqiqGhoX2PG6+dOnUqLl++HK1WKx4+fOhxFQDgTwkckJFSqRTlctnz
lkDHO3z4cJw4cSIuXrx4IHHjtVOnTsXFixejXq/H4uKig0cBgP9L4IADViwWY2JiwmtfgWT09fW9
OVD0oA0PD0etVosXL17E5ubmgV8fAEiHwAEHpFAoxKVLl2J8fDzrKQB/WT6fj7Nnz2YSN14bHh6O
paWl2N7ejlarldkOAKCzCRxwAC5cuBDlctk5G0Byjh8/HqVSKdPH6YrFYpRKpVhdXY3l5eXMdgAA
nU3ggH00ODgY5XLZ4yhAknK5XJw8eTLOnTuX9ZQ4d+5cPHz4MH766adot9tZzwEAOpDAAfugUCjE
d99957WvQNKOHDkSp0+f7oi7zwqFQpw+fTqq1Wo8f/486zkAQAcSOGCPjY6OxtjYWEf8QADwPvr6
+uLo0aNZz3jj6NGj0dfXJ3AAAL9L4IA9MjQ0FBMTE177CvwjHDp0KPr7++PYsWNZT3nj2LFj0d/f
H48ePYrd3d2s5wAAHUbggPdULBajXC5HqVTKegrAnunp6YmBgYGOuhutUCjEwMBA9PT0xC+//JL1
HACgwwgc8B7GxsZidHS0o34AANgLuVwu8vl81jPeks/nI5fz8QUAeJtPCPCOrly54hBR4B8rn89H
V1dX1jPe0tXV1ZHhBQDI3r+yHgApKhQK4gbwj9bd3R29vb1Zz3hLb29vdHd3Zz0DAOhAAge8g0aj
kfUEAAAA/ofAAe/o7t27WU8A2Df1ej22t7eznvGW7e3tqNfrWc8AADqQwAHv6Pbt2zE9PR0vX77M
egrAnmu1WtFsNrOe8ZZmsxmtVivrGQBABxI44D1MTU3FtWvXYmZmJuspAHuq3W53ZEhotVrRbrez
ngEAdCCBA95TrVaLmzdvxuTkbBt8yQAABQ5JREFUZDx9+jTrOQB7YmdnJ9bX1zvqzKFGoxHr6+ux
s7OT9RQAoAMJHLBHqtVqXLt2LW7fvu2xFSB5u7u7sbGxEaurq1lPeWN1dTU2NjZid3c36ykAQAcS
OGCP3b17N65eveoQUiB5W1tbsba2lvWMN9bW1mJrayvrGQBAhxI4YB80Go24fft2XL9+ParVatZz
AN7J5uZmLC4udsRjKo1GIxYXF2NzczPrKQBAhxI4YB/9+OOPMTk5Gd9//33UarWs5wD8Le12O5aX
l2NhYSHrKbGwsBDLy8sOGAUA/pDAAQegUqnE9evXY3p6OuspAH/Ls2fPolKpZBppa7VaVCqVePbs
WWYbAIDOJ3DAAWk0GjE1NRVXr16Nubm5rOcA/CWtViuePHkS8/PzmW2Yn5+PJ0+edORrawGAziFw
wAGr1Wpx48aNmJyc9NgKkIStra2YnZ3NJHLMz8/H7Oysw0UBgD8lcEBGqtVqXL16Naanp71WFuho
r169ipWVlbh3714sLS0d2HWXlpbi3r17sbKyEq9evTqw6wIAaRI4IGOvH1uZmZnJegrAH2o2m1Gt
VuPOnTsHEjmWlpbizp07Ua1Wo9ls7vv1AID05bIeAPx6PsfNmzfj/v37MT4+HkNDQ1lPAnhLo9GI
Bw8eRKvViosXL8bw8PC+XGd+fj7u3bsX1Wq1I15RCwCkQeCADlKtVmNycjJGRkaiXC7Hxx9/nPUk
gN9oNBrx8OHDqNfrUavVYnh4OIrF4p587Vqt9ubMjZWVFXduAAB/i8ABHej+/ftRqVRibGwsRkdH
s54D8BvNZjMWFxfjxYsXsby8HOfPn4/PP//8naPsy5cv49GjRzE3NxePHz+Ora0tZ24A+6KTD3jv
5G2QisMR8e+sRwBva7Va8eDBg5iZmYnBwcE//Q1prVZzjgdwYHZ3d6PRaMTa2lqsra3F6upq1Ov1
aDab8dFHH0U+n/+//77RaMTKyko8evQoZmZmYnZ2NhYWFqJer8fu7u4BfRfAh+jrr7/OesLvmp6e
jufPn2c9A5J2KCJ8ioAElEqlKJfLfxg6Xj/eApCFXC4XR44cib6+vujv74+BgYHI5/PR1dUVvb29
ERGxvb0dzWYzWq1WrK+vx8bGRmxtbcXm5ma02+2MvwPgQzExMREXLlzIesZvzMzMxM2bN7OeAckT
OCAhhUIhRkdHY3R09K1bwaenp2NqaiqjZQD/dejQoejp6YlcLhf5fD66u7sjIqJer0er1Yp2ux07
Ozvu1AAyUyqVolQq7dkZQu+qVqtFpVKJSqWS6Q74pxA4IEHFYjHGx8ff/PZhbm4ubty4kfEqAACA
7AgcAAAAQPL+lfUAAAAAgPclcAAAAADJEzgAAACA5AkcAAAAQPIEDgAAACB5AgcAAACQPIEDAAAA
SJ7AAQAAACRP4AAAAACSJ3AAAAAAyRM4AAAAgOQJHAAAAEDyBA4AAAAgeQIHAAAAkDyBAwAAAEie
wAEAAAAkT+AAAAAAkidwAAAAAMkTOAAAAIDkCRwAAABA8gQOAAAAIHkCBwAAAJA8gQMAAABInsAB
AAAAJE/gAAAAAJIncAAAAADJEzgAAACA5AkcAAAAQPIEDgAAACB5AgcAAACQPIEDAAAASJ7AAQAA
ACRP4AAAAACSJ3AAAAAAyRM4AAAAgOQJHAAAAEDyBA4AAAAgeQIHAAAAkDyBAwAAAEiewAEAAAAk
T+AAAAAAkvcfMnsKPNEVlDoAAAAASUVORK5CYII=
" width="800px"&gt;</msg>
<status status="PASS" starttime="20231121 21:49:55.379" endtime="20231121 21:49:56.994"/>
</kw>
<kw name="Close Application" library="AppiumLibrary">
<doc>Closes the current application and also close webdriver session.</doc>
<status status="PASS" starttime="20231121 21:49:56.994" endtime="20231121 21:50:00.807"/>
</kw>
<status status="PASS" starttime="20231121 21:49:55.378" endtime="20231121 21:50:00.808"/>
</kw>
<status status="PASS" starttime="20231121 21:48:53.045" endtime="20231121 21:50:00.813"/>
</test>
<status status="PASS" starttime="20231121 21:48:52.129" endtime="20231121 21:50:00.825"/>
</suite>
<statistics>
<total>
<stat pass="1" fail="0" skip="0">All Tests</stat>
</total>
<tag>
</tag>
<suite>
<stat pass="1" fail="0" skip="0" id="s1" name="Suite">Suite</stat>
</suite>
</statistics>
<errors>
</errors>
</robot>
